[0.007s] Invoking command in '/home/yummy/livox_ws/build/slam_to_vision_cpp': CMAKE_PREFIX_PATH=${CMAKE_PREFIX_PATH}:/opt/ros/humble /usr/bin/cmake /home/yummy/livox_ws/src/slam_to_vision_cpp -DCMAKE_INSTALL_PREFIX=/home/yummy/livox_ws/install/slam_to_vision_cpp
[0.047s] -- The C compiler identification is GNU 11.4.0
[0.082s] -- The CXX compiler identification is GNU 11.4.0
[0.087s] -- Detecting C compiler ABI info
[0.137s] -- Detecting C compiler ABI info - done
[0.141s] -- Check for working C compiler: /usr/bin/cc - skipped
[0.141s] -- Detecting C compile features
[0.141s] -- Detecting C compile features - done
[0.143s] -- Detecting CXX compiler ABI info
[0.196s] -- Detecting CXX compiler ABI info - done
[0.200s] -- Check for working CXX compiler: /usr/bin/c++ - skipped
[0.200s] -- Detecting CXX compile features
[0.200s] -- Detecting CXX compile features - done
[0.202s] -- Found ament_cmake: 1.3.12 (/opt/ros/humble/share/ament_cmake/cmake)
[0.296s] -- Found Python3: /usr/bin/python3 (found version "3.10.12") found components: Interpreter 
[0.353s] -- Found rclcpp: 16.0.17 (/opt/ros/humble/share/rclcpp/cmake)
[0.379s] -- Found rosidl_generator_c: 3.1.8 (/opt/ros/humble/share/rosidl_generator_c/cmake)
[0.382s] -- Found rosidl_adapter: 3.1.8 (/opt/ros/humble/share/rosidl_adapter/cmake)
[0.387s] -- Found rosidl_generator_cpp: 3.1.8 (/opt/ros/humble/share/rosidl_generator_cpp/cmake)
[0.395s] -- Using all available rosidl_typesupport_c: rosidl_typesupport_fastrtps_c;rosidl_typesupport_introspection_c
[0.404s] -- Using all available rosidl_typesupport_cpp: rosidl_typesupport_fastrtps_cpp;rosidl_typesupport_introspection_cpp
[0.431s] -- Found rmw_implementation_cmake: 6.1.2 (/opt/ros/humble/share/rmw_implementation_cmake/cmake)
[0.433s] -- Found rmw_fastrtps_cpp: 6.2.9 (/opt/ros/humble/share/rmw_fastrtps_cpp/cmake)
[0.501s] -- Found OpenSSL: /usr/lib/x86_64-linux-gnu/libcrypto.so (found version "3.0.2")  
[0.520s] -- Found FastRTPS: /opt/ros/humble/include  
[0.549s] -- Using RMW implementation 'rmw_fastrtps_cpp' as default
[0.554s] -- Looking for pthread.h
[0.605s] -- Looking for pthread.h - found
[0.605s] -- Performing Test CMAKE_HAVE_LIBC_PTHREAD
[0.658s] -- Performing Test CMAKE_HAVE_LIBC_PTHREAD - Success
[0.659s] -- Found Threads: TRUE  
[0.687s] -- Found nav_msgs: 4.9.0 (/opt/ros/humble/share/nav_msgs/cmake)
[0.704s] -- Found ament_lint_auto: 0.12.14 (/opt/ros/humble/share/ament_lint_auto/cmake)
[0.754s] -- Added test 'cppcheck' to perform static code analysis on C / C++ code
[0.754s] -- Configured cppcheck include dirs: 
[0.754s] -- Configured cppcheck exclude dirs and/or files: 
[0.755s] -- Added test 'lint_cmake' to check CMake code style
[0.755s] -- Added test 'uncrustify' to check C / C++ code style
[0.755s] -- Configured uncrustify additional arguments: 
[0.756s] -- Added test 'xmllint' to check XML markup files
[0.756s] -- Configuring done
[0.762s] -- Generating done
[0.764s] -- Build files have been written to: /home/yummy/livox_ws/build/slam_to_vision_cpp
[0.772s] Invoked command in '/home/yummy/livox_ws/build/slam_to_vision_cpp' returned '0': CMAKE_PREFIX_PATH=${CMAKE_PREFIX_PATH}:/opt/ros/humble /usr/bin/cmake /home/yummy/livox_ws/src/slam_to_vision_cpp -DCMAKE_INSTALL_PREFIX=/home/yummy/livox_ws/install/slam_to_vision_cpp
[0.774s] Invoking command in '/home/yummy/livox_ws/build/slam_to_vision_cpp': CMAKE_PREFIX_PATH=${CMAKE_PREFIX_PATH}:/opt/ros/humble /usr/bin/cmake --build /home/yummy/livox_ws/build/slam_to_vision_cpp -- -j32 -l32
[0.812s] [ 50%] [32mBuilding CXX object CMakeFiles/slam_to_vision_node.dir/src/slam_to_vision_node.cpp.o[0m
[5.616s] [100%] [32m[1mLinking CXX executable slam_to_vision_node[0m
[5.845s] [100%] Built target slam_to_vision_node
[5.853s] Invoked command in '/home/yummy/livox_ws/build/slam_to_vision_cpp' returned '0': CMAKE_PREFIX_PATH=${CMAKE_PREFIX_PATH}:/opt/ros/humble /usr/bin/cmake --build /home/yummy/livox_ws/build/slam_to_vision_cpp -- -j32 -l32
[5.861s] Invoking command in '/home/yummy/livox_ws/build/slam_to_vision_cpp': CMAKE_PREFIX_PATH=${CMAKE_PREFIX_PATH}:/opt/ros/humble /usr/bin/cmake --install /home/yummy/livox_ws/build/slam_to_vision_cpp
[5.866s] -- Install configuration: ""
[5.867s] -- Installing: /home/yummy/livox_ws/install/slam_to_vision_cpp/lib/slam_to_vision_cpp/slam_to_vision_node
[5.869s] -- Set runtime path of "/home/yummy/livox_ws/install/slam_to_vision_cpp/lib/slam_to_vision_cpp/slam_to_vision_node" to ""
[5.869s] -- Installing: /home/yummy/livox_ws/install/slam_to_vision_cpp/share/ament_index/resource_index/package_run_dependencies/slam_to_vision_cpp
[5.869s] -- Installing: /home/yummy/livox_ws/install/slam_to_vision_cpp/share/ament_index/resource_index/parent_prefix_path/slam_to_vision_cpp
[5.870s] -- Installing: /home/yummy/livox_ws/install/slam_to_vision_cpp/share/slam_to_vision_cpp/environment/ament_prefix_path.sh
[5.870s] -- Installing: /home/yummy/livox_ws/install/slam_to_vision_cpp/share/slam_to_vision_cpp/environment/ament_prefix_path.dsv
[5.870s] -- Installing: /home/yummy/livox_ws/install/slam_to_vision_cpp/share/slam_to_vision_cpp/environment/path.sh
[5.870s] -- Installing: /home/yummy/livox_ws/install/slam_to_vision_cpp/share/slam_to_vision_cpp/environment/path.dsv
[5.870s] -- Installing: /home/yummy/livox_ws/install/slam_to_vision_cpp/share/slam_to_vision_cpp/local_setup.bash
[5.870s] -- Installing: /home/yummy/livox_ws/install/slam_to_vision_cpp/share/slam_to_vision_cpp/local_setup.sh
[5.870s] -- Installing: /home/yummy/livox_ws/install/slam_to_vision_cpp/share/slam_to_vision_cpp/local_setup.zsh
[5.870s] -- Installing: /home/yummy/livox_ws/install/slam_to_vision_cpp/share/slam_to_vision_cpp/local_setup.dsv
[5.870s] -- Installing: /home/yummy/livox_ws/install/slam_to_vision_cpp/share/slam_to_vision_cpp/package.dsv
[5.871s] -- Installing: /home/yummy/livox_ws/install/slam_to_vision_cpp/share/ament_index/resource_index/packages/slam_to_vision_cpp
[5.871s] -- Installing: /home/yummy/livox_ws/install/slam_to_vision_cpp/share/slam_to_vision_cpp/cmake/slam_to_vision_cppConfig.cmake
[5.871s] -- Installing: /home/yummy/livox_ws/install/slam_to_vision_cpp/share/slam_to_vision_cpp/cmake/slam_to_vision_cppConfig-version.cmake
[5.871s] -- Installing: /home/yummy/livox_ws/install/slam_to_vision_cpp/share/slam_to_vision_cpp/package.xml
[5.872s] Invoked command in '/home/yummy/livox_ws/build/slam_to_vision_cpp' returned '0': CMAKE_PREFIX_PATH=${CMAKE_PREFIX_PATH}:/opt/ros/humble /usr/bin/cmake --install /home/yummy/livox_ws/build/slam_to_vision_cpp
