[0.006s] Invoking command in '/home/yummy/livox_ws/build/livox_ros_driver2': CMAKE_PREFIX_PATH=${CMAKE_PREFIX_PATH}:/opt/ros/humble /usr/bin/cmake /home/yummy/livox_ws/src/livox_ros_driver2 -DAMENT_CMAKE_SYMLINK_INSTALL=1 -DCMAKE_INSTALL_PREFIX=/home/yummy/livox_ws/install/livox_ros_driver2
[0.015s] -- livox_ros_driver2 version: 1.2.4
[0.015s] -- Found ament_cmake_auto: 1.3.12 (/opt/ros/humble/share/ament_cmake_auto/cmake)
[0.080s] -- Override CMake install command with custom implementation using symlinks instead of copying resources
[0.122s] -- Using all available rosidl_typesupport_c: rosidl_typesupport_fastrtps_c;rosidl_typesupport_introspection_c
[0.124s] -- Found rosidl_adapter: 3.1.8 (/opt/ros/humble/share/rosidl_adapter/cmake)
[0.140s] -- Using all available rosidl_typesupport_cpp: rosidl_typesupport_fastrtps_cpp;rosidl_typesupport_introspection_cpp
[0.171s] -- Found rmw_implementation_cmake: 6.1.2 (/opt/ros/humble/share/rmw_implementation_cmake/cmake)
[0.172s] -- Found rmw_fastrtps_cpp: 6.2.9 (/opt/ros/humble/share/rmw_fastrtps_cpp/cmake)
[0.236s] -- Using RMW implementation 'rmw_fastrtps_cpp' as default
[0.305s] -- Eigen found (include: /usr/include/eigen3, version: 3.4.0)
[0.323s] -- FLANN found (include: /usr/include, lib: /usr/lib/x86_64-linux-gnu/libflann_cpp.so)
[0.498s] -- OpenNI found (version: 1.5.4.0, include: /usr/include/ni, lib: /usr/lib/libOpenNI.so;libusb::libusb)
[0.502s] -- OpenNI2 found (version: 2.2.0.33, include: /usr/include/openni2, lib: /usr/lib/x86_64-linux-gnu/libOpenNI2.so;libusb::libusb)
[0.589s] -- Eigen found (include: /usr/include/eigen3, version: 3.4.0)
[0.593s] -- OpenNI found (version: 1.5.4.0, include: /usr/include/ni, lib: /usr/lib/libOpenNI.so;libusb::libusb)
[0.598s] -- OpenNI2 found (version: 2.2.0.33, include: /usr/include/openni2, lib: /usr/lib/x86_64-linux-gnu/libOpenNI2.so;libusb::libusb)
[0.678s] -- Found Qhull version 8.0.2
[0.762s] -- OpenNI found (version: 1.5.4.0, include: /usr/include/ni, lib: /usr/lib/libOpenNI.so;libusb::libusb)
[0.877s] -- Checking for module 'apr-1'
[0.890s] --   Found apr-1, version 1.7.0
[0.922s] [0m/usr/include/apr-1.0[0m
[0.922s] [0mapr-1[0m
[1.039s] -- Found ament_cmake_ros: 0.10.0 (/opt/ros/humble/share/ament_cmake_ros/cmake)
[1.164s] -- Using all available rosidl_typesupport_c: rosidl_typesupport_fastrtps_c;rosidl_typesupport_introspection_c
[1.329s] -- Using all available rosidl_typesupport_cpp: rosidl_typesupport_fastrtps_cpp;rosidl_typesupport_introspection_cpp
[1.343s] -- Found python_cmake_module: 0.10.0 (/opt/ros/humble/share/python_cmake_module/cmake)
[1.356s] -- Using PYTHON_EXECUTABLE: /usr/bin/python3
[1.356s] -- Using PYTHON_INCLUDE_DIRS: /usr/include/python3.10
[1.356s] -- Using PYTHON_LIBRARIES: /usr/lib/x86_64-linux-gnu/libpython3.10.so
[1.380s] -- Found ament_lint_auto: 0.12.14 (/opt/ros/humble/share/ament_lint_auto/cmake)
[1.386s] -- Added test 'copyright' to check source files copyright and LICENSE
[1.390s] -- Added test 'cppcheck' to perform static code analysis on C / C++ code
[1.391s] -- Configured cppcheck include dirs: /home/yummy/livox_ws/src/livox_ros_driver2/3rdparty;/home/yummy/livox_ws/src/livox_ros_driver2/src
[1.391s] -- Configured cppcheck exclude dirs and/or files: 
[1.395s] -- Added test 'cpplint' to check C / C++ code against the Google style
[1.395s] -- Configured cpplint exclude dirs and/or files: 
[1.396s] -- Added test 'flake8' to check Python code syntax and style conventions
[1.397s] -- Added test 'lint_cmake' to check CMake code style
[1.398s] -- Added test 'pep257' to check Python code against some of the docstring style conventions in PEP 257
[1.402s] -- Added test 'uncrustify' to check C / C++ code style
[1.402s] -- Configured uncrustify additional arguments: 
[1.403s] -- Added test 'xmllint' to check XML markup files
[1.404s] -- Configuring done
[1.445s] -- Generating done
[1.457s] -- Build files have been written to: /home/yummy/livox_ws/build/livox_ros_driver2
[1.467s] Invoked command in '/home/yummy/livox_ws/build/livox_ros_driver2' returned '0': CMAKE_PREFIX_PATH=${CMAKE_PREFIX_PATH}:/opt/ros/humble /usr/bin/cmake /home/yummy/livox_ws/src/livox_ros_driver2 -DAMENT_CMAKE_SYMLINK_INSTALL=1 -DCMAKE_INSTALL_PREFIX=/home/yummy/livox_ws/install/livox_ros_driver2
[1.469s] Invoking command in '/home/yummy/livox_ws/build/livox_ros_driver2': CMAKE_PREFIX_PATH=${CMAKE_PREFIX_PATH}:/opt/ros/humble /usr/bin/cmake --build /home/yummy/livox_ws/build/livox_ros_driver2 -- -j32 -l32
[1.501s] [35m[1mConsolidate compiler generated dependencies of target livox_ros_driver2_node[0m
[1.501s] [35m[1mConsolidate compiler generated dependencies of target livox_interfaces2__rosidl_generator_c[0m
[1.505s] failed to create symbolic link '/home/yummy/livox_ws/build/livox_ros_driver2/ament_cmake_python/livox_ros_driver2/livox_ros_driver2' because existing path cannot be removed: Is a directory
[1.506s] gmake[2]: *** [CMakeFiles/ament_cmake_python_symlink_livox_ros_driver2.dir/build.make:70：CMakeFiles/ament_cmake_python_symlink_livox_ros_driver2] 错误 1
[1.506s] gmake[1]: *** [CMakeFiles/Makefile2:425：CMakeFiles/ament_cmake_python_symlink_livox_ros_driver2.dir/all] 错误 2
[1.506s] gmake[1]: *** 正在等待未完成的任务....
[1.506s] [  1%] Built target livox_interfaces2__cpp
[1.509s] [  8%] Built target livox_interfaces2__rosidl_generator_c
[1.514s] [ 10%] [32m[1mLinking CXX executable livox_ros_driver2_node[0m
[1.581s] [ 12%] Built target livox_ros_driver2_node
[1.582s] gmake: *** [Makefile:146：all] 错误 2
[1.584s] Invoked command in '/home/yummy/livox_ws/build/livox_ros_driver2' returned '2': CMAKE_PREFIX_PATH=${CMAKE_PREFIX_PATH}:/opt/ros/humble /usr/bin/cmake --build /home/yummy/livox_ws/build/livox_ros_driver2 -- -j32 -l32
