-- The C compiler identification is GNU 11.4.0
-- The CXX compiler identification is GNU 11.4.0
-- Detecting C compiler ABI info
-- Detecting C compiler ABI info - done
-- Check for working C compiler: /usr/bin/cc - skipped
-- Detecting C compile features
-- Detecting C compile features - done
-- Detecting CXX compiler ABI info
-- Detecting CXX compiler ABI info - done
-- Check for working CXX compiler: /usr/bin/c++ - skipped
-- Detecting CXX compile features
-- Detecting CXX compile features - done
[0mCurrent CPU archtecture: x86_64[0m
[0mProcesser number:  32[0m
[0mcore for MP: 3[0m
-- Found PythonLibs: /usr/lib/x86_64-linux-gnu/libpython3.10.so (found version "3.10.12") 
-- Found ament_cmake: 1.3.12 (/opt/ros/humble/share/ament_cmake/cmake)
-- Found Python3: /usr/bin/python3 (found version "3.10.12") found components: Interpreter 
-- Override CMake install command with custom implementation using symlinks instead of copying resources
-- Found rclcpp: 16.0.17 (/opt/ros/humble/share/rclcpp/cmake)
-- Found rosidl_generator_c: 3.1.8 (/opt/ros/humble/share/rosidl_generator_c/cmake)
-- Found rosidl_adapter: 3.1.8 (/opt/ros/humble/share/rosidl_adapter/cmake)
-- Found rosidl_generator_cpp: 3.1.8 (/opt/ros/humble/share/rosidl_generator_cpp/cmake)
-- Using all available rosidl_typesupport_c: rosidl_typesupport_fastrtps_c;rosidl_typesupport_introspection_c
-- Using all available rosidl_typesupport_cpp: rosidl_typesupport_fastrtps_cpp;rosidl_typesupport_introspection_cpp
-- Found rmw_implementation_cmake: 6.1.2 (/opt/ros/humble/share/rmw_implementation_cmake/cmake)
-- Found rmw_fastrtps_cpp: 6.2.9 (/opt/ros/humble/share/rmw_fastrtps_cpp/cmake)
-- Found OpenSSL: /usr/lib/x86_64-linux-gnu/libcrypto.so (found version "3.0.2")  
-- Found FastRTPS: /opt/ros/humble/include  
-- Using RMW implementation 'rmw_fastrtps_cpp' as default
-- Looking for pthread.h
-- Looking for pthread.h - found
-- Performing Test CMAKE_HAVE_LIBC_PTHREAD
-- Performing Test CMAKE_HAVE_LIBC_PTHREAD - Success
-- Found Threads: TRUE  
-- Found rclcpp_components: 16.0.17 (/opt/ros/humble/share/rclcpp_components/cmake)
-- Found geometry_msgs: 4.9.0 (/opt/ros/humble/share/geometry_msgs/cmake)
-- Found nav_msgs: 4.9.0 (/opt/ros/humble/share/nav_msgs/cmake)
-- Found sensor_msgs: 4.9.0 (/opt/ros/humble/share/sensor_msgs/cmake)
-- Found std_srvs: 4.9.0 (/opt/ros/humble/share/std_srvs/cmake)
-- Found visualization_msgs: 4.9.0 (/opt/ros/humble/share/visualization_msgs/cmake)
-- Found pcl_ros: 2.4.5 (/opt/ros/humble/share/pcl_ros/cmake)
-- Checking for module 'eigen3'
--   Found eigen3, version 3.4.0
-- Found Eigen: /usr/include/eigen3 (Required is at least version "3.1") 
-- Eigen found (include: /usr/include/eigen3, version: 3.4.0)
-- Checking for module 'flann'
--   Found flann, version 1.9.1
-- Found FLANN: /usr/lib/x86_64-linux-gnu/libflann_cpp.so  
-- FLANN found (include: /usr/include, lib: /usr/lib/x86_64-linux-gnu/libflann_cpp.so)
-- Checking for module 'libusb-1.0'
--   Found libusb-1.0, version 1.0.25
-- Found libusb: /usr/lib/x86_64-linux-gnu/libusb-1.0.so  
-- OpenNI found (version: 1.5.4.0, include: /usr/include/ni, lib: /usr/lib/libOpenNI.so;libusb::libusb)
-- OpenNI2 found (version: 2.2.0.33, include: /usr/include/openni2, lib: /usr/lib/x86_64-linux-gnu/libOpenNI2.so;libusb::libusb)
-- Eigen found (include: /usr/include/eigen3, version: 3.4.0)
-- OpenNI found (version: 1.5.4.0, include: /usr/include/ni, lib: /usr/lib/libOpenNI.so;libusb::libusb)
-- OpenNI2 found (version: 2.2.0.33, include: /usr/include/openni2, lib: /usr/lib/x86_64-linux-gnu/libOpenNI2.so;libusb::libusb)
-- Found Qhull version 8.0.2
-- OpenNI found (version: 1.5.4.0, include: /usr/include/ni, lib: /usr/lib/libOpenNI.so;libusb::libusb)
-- Found PCL_COMMON: /usr/lib/x86_64-linux-gnu/libpcl_common.so  
-- Found PCL_KDTREE: /usr/lib/x86_64-linux-gnu/libpcl_kdtree.so  
-- Found PCL_OCTREE: /usr/lib/x86_64-linux-gnu/libpcl_octree.so  
-- Found PCL_SEARCH: /usr/lib/x86_64-linux-gnu/libpcl_search.so  
-- Found PCL_SAMPLE_CONSENSUS: /usr/lib/x86_64-linux-gnu/libpcl_sample_consensus.so  
-- Found PCL_FILTERS: /usr/lib/x86_64-linux-gnu/libpcl_filters.so  
-- Found PCL_2D: /usr/include/pcl-1.12  
-- Found PCL_GEOMETRY: /usr/include/pcl-1.12  
-- Found PCL_IO: /usr/lib/x86_64-linux-gnu/libpcl_io.so  
-- Found PCL_FEATURES: /usr/lib/x86_64-linux-gnu/libpcl_features.so  
-- Found PCL_ML: /usr/lib/x86_64-linux-gnu/libpcl_ml.so  
-- Found PCL_SEGMENTATION: /usr/lib/x86_64-linux-gnu/libpcl_segmentation.so  
-- Found PCL_VISUALIZATION: /usr/lib/x86_64-linux-gnu/libpcl_visualization.so  
-- Found PCL_SURFACE: /usr/lib/x86_64-linux-gnu/libpcl_surface.so  
-- Found PCL_REGISTRATION: /usr/lib/x86_64-linux-gnu/libpcl_registration.so  
-- Found PCL_KEYPOINTS: /usr/lib/x86_64-linux-gnu/libpcl_keypoints.so  
-- Found PCL_TRACKING: /usr/lib/x86_64-linux-gnu/libpcl_tracking.so  
-- Found PCL_RECOGNITION: /usr/lib/x86_64-linux-gnu/libpcl_recognition.so  
-- Found PCL_STEREO: /usr/lib/x86_64-linux-gnu/libpcl_stereo.so  
-- Found PCL_APPS: /usr/lib/x86_64-linux-gnu/libpcl_apps.so  
-- Found PCL_IN_HAND_SCANNER: /usr/include/pcl-1.12  
-- Found PCL_MODELER: /usr/include/pcl-1.12  
-- Found PCL_POINT_CLOUD_EDITOR: /usr/include/pcl-1.12  
-- Found PCL_OUTOFCORE: /usr/lib/x86_64-linux-gnu/libpcl_outofcore.so  
-- Found PCL_PEOPLE: /usr/lib/x86_64-linux-gnu/libpcl_people.so  
-- Found eigen3_cmake_module: 0.1.1 (/opt/ros/humble/share/eigen3_cmake_module/cmake)
-- Found Eigen3: TRUE (found version "3.4.0") 
-- Ensuring Eigen3 include directory is part of orocos-kdl CMake target
-- Found livox_ros_driver2: 1.0.0 (/home/yummy/livox_ws/install/livox_ros_driver2/share/livox_ros_driver2/cmake)
-- Found rosidl_default_generators: 1.2.0 (/opt/ros/humble/share/rosidl_default_generators/cmake)
[33mCMake Warning (dev) at CMakeLists.txt:81 (find_package):
  Policy CMP0074 is not set: find_package uses <PackageName>_ROOT variables.
  Run "cmake --help-policy CMP0074" for policy details.  Use the cmake_policy
  command to set the policy and suppress this warning.

  CMake variable PCL_ROOT is set to:

    /usr

  For compatibility, CMake is ignoring the variable.
This warning is for project developers.  Use -Wno-dev to suppress it.
[0m
[0mEigen:/usr/include/eigen3[0m
-- PCL: /usr/include/pcl-1.12
-- Found ament_cmake_ros: 0.10.0 (/opt/ros/humble/share/ament_cmake_ros/cmake)
-- Using all available rosidl_typesupport_c: rosidl_typesupport_fastrtps_c;rosidl_typesupport_introspection_c
-- Using all available rosidl_typesupport_cpp: rosidl_typesupport_fastrtps_cpp;rosidl_typesupport_introspection_cpp
-- Found PythonInterp: /usr/bin/python3 (found suitable version "3.10.12", minimum required is "3.6") 
-- Found python_cmake_module: 0.10.0 (/opt/ros/humble/share/python_cmake_module/cmake)
-- Found PythonLibs: /usr/lib/x86_64-linux-gnu/libpython3.10.so (found suitable version "3.10.12", minimum required is "3.5") 
-- Using PYTHON_EXECUTABLE: /usr/bin/python3
-- Using PYTHON_INCLUDE_DIRS: /usr/include/python3.10
-- Using PYTHON_LIBRARIES: /usr/lib/x86_64-linux-gnu/libpython3.10.so
-- Found PythonExtra: .so  
-- Configuring done
-- Generating done
-- Build files have been written to: /home/yummy/livox_ws/build/fast_lio
[  2%] [34m[1mGenerating C code for ROS interfaces[0m
[  5%] [34m[1mGenerating C++ code for ROS interfaces[0m
[  5%] Built target ament_cmake_python_symlink_fast_lio
running egg_info
creating fast_lio.egg-info
writing fast_lio.egg-info/PKG-INFO
writing dependency_links to fast_lio.egg-info/dependency_links.txt
writing top-level names to fast_lio.egg-info/top_level.txt
writing manifest file 'fast_lio.egg-info/SOURCES.txt'
reading manifest file 'fast_lio.egg-info/SOURCES.txt'
writing manifest file 'fast_lio.egg-info/SOURCES.txt'
[  5%] Built target ament_cmake_python_build_fast_lio_egg
[  8%] [32mBuilding C object CMakeFiles/fast_lio__rosidl_generator_c.dir/rosidl_generator_c/fast_lio/msg/detail/pose6_d__functions.c.o[0m
[  8%] Built target fast_lio__cpp
[ 11%] [34m[1mGenerating C++ type support dispatch for ROS interfaces[0m
[ 17%] [34m[1mGenerating C++ type support for eProsima Fast-RTPS[0m
[ 17%] [34m[1mGenerating C++ introspection for ROS interfaces[0m
[ 20%] [32m[1mLinking C shared library libfast_lio__rosidl_generator_c.so[0m
[ 20%] Built target fast_lio__rosidl_generator_c
[ 22%] [34m[1mGenerating C type support for eProsima Fast-RTPS[0m
[ 25%] [34m[1mGenerating C type support dispatch for ROS interfaces[0m
[ 28%] [34m[1mGenerating C introspection for ROS interfaces[0m
Traceback (most recent call last):
  File "/opt/ros/humble/lib/rosidl_typesupport_c/rosidl_typesupport_c", line 28, in <module>
Traceback (most recent call last):
Traceback (most recent call last):
  File "/opt/ros/humble/lib/rosidl_typesupport_fastrtps_c/rosidl_typesupport_fastrtps_c", line 33, in <module>
  File "/opt/ros/humble/lib/rosidl_typesupport_introspection_c/rosidl_typesupport_introspection_c", line 31, in <module>
gmake[2]: *** 正在删除文件“rosidl_typesupport_fastrtps_cpp/fast_lio/msg/detail/dds_fastrtps/pose6_d__type_support.cpp”
    sys.exit(main())
  File "/opt/ros/humble/lib/rosidl_typesupport_c/rosidl_typesupport_c", line 24, in main
gmake[2]: *** 正在删除文件“rosidl_typesupport_introspection_cpp/fast_lio/msg/detail/pose6_d__type_support.cpp”
    sys.exit(main())
  File "/opt/ros/humble/lib/rosidl_typesupport_fastrtps_c/rosidl_typesupport_fastrtps_c", line 29, in main
    sys.exit(main())
    generate_c(args.generator_arguments_file, args.typesupports)
  File "/opt/ros/humble/lib/rosidl_typesupport_introspection_c/rosidl_typesupport_introspection_c", line 27, in main
  File "/opt/ros/humble/local/lib/python3.10/dist-packages/rosidl_typesupport_c/__init__.py", line 28, in generate_c
    generate_typesupport_fastrtps_c(args.generator_arguments_file)
  File "/opt/ros/humble/local/lib/python3.10/dist-packages/rosidl_typesupport_fastrtps_c/__init__.py", line 24, in generate_typesupport_fastrtps_c
    generate_c(args.generator_arguments_file)
  File "/opt/ros/humble/local/lib/python3.10/dist-packages/rosidl_typesupport_introspection_c/__init__.py", line 31, in generate_c
    return generate_files(
  File "/opt/ros/humble/local/lib/python3.10/dist-packages/rosidl_cmake/__init__.py", line 74, in generate_files
    return generate_files(generator_arguments_file, mapping)
  File "/opt/ros/humble/local/lib/python3.10/dist-packages/rosidl_cmake/__init__.py", line 74, in generate_files
    return generate_files(generator_arguments_file, mapping)
  File "/opt/ros/humble/local/lib/python3.10/dist-packages/rosidl_cmake/__init__.py", line 74, in generate_files
    idl_file = parse_idl_file(locator)
  File "/opt/ros/humble/local/lib/python3.10/dist-packages/rosidl_parser/parser.py", line 64, in parse_idl_file
    idl_file = parse_idl_file(locator)
  File "/opt/ros/humble/local/lib/python3.10/dist-packages/rosidl_parser/parser.py", line 64, in parse_idl_file
    idl_file = parse_idl_file(locator)
  File "/opt/ros/humble/local/lib/python3.10/dist-packages/rosidl_parser/parser.py", line 64, in parse_idl_file
    content = parse_idl_string(string, png_file=png_file)
  File "/opt/ros/humble/local/lib/python3.10/dist-packages/rosidl_parser/parser.py", line 72, in parse_idl_string
    content = parse_idl_string(string, png_file=png_file)
    content = parse_idl_string(string, png_file=png_file)
  File "/opt/ros/humble/local/lib/python3.10/dist-packages/rosidl_parser/parser.py", line 72, in parse_idl_string
  File "/opt/ros/humble/local/lib/python3.10/dist-packages/rosidl_parser/parser.py", line 72, in parse_idl_string
    tree = get_ast_from_idl_string(idl_string)
  File "/opt/ros/humble/local/lib/python3.10/dist-packages/rosidl_parser/parser.py", line 88, in get_ast_from_idl_string
    tree = get_ast_from_idl_string(idl_string)
  File "/opt/ros/humble/local/lib/python3.10/dist-packages/rosidl_parser/parser.py", line 88, in get_ast_from_idl_string
    _parser = Lark(grammar, start='specification', maybe_placeholders=False)
    tree = get_ast_from_idl_string(idl_string)
  File "/usr/lib/python3/dist-packages/lark/lark.py", line 333, in __init__
  File "/opt/ros/humble/local/lib/python3.10/dist-packages/rosidl_parser/parser.py", line 88, in get_ast_from_idl_string
    _parser = Lark(grammar, start='specification', maybe_placeholders=False)
  File "/usr/lib/python3/dist-packages/lark/lark.py", line 333, in __init__
    _parser = Lark(grammar, start='specification', maybe_placeholders=False)
  File "/usr/lib/python3/dist-packages/lark/lark.py", line 333, in __init__
    self.grammar, used_files = load_grammar(grammar, self.source_path, self.options.import_paths, self.options.keep_all_tokens)
    self.grammar, used_files = load_grammar(grammar, self.source_path, self.options.import_paths, self.options.keep_all_tokens)
  File "/usr/lib/python3/dist-packages/lark/load_grammar.py", line 1408, in load_grammar
  File "/usr/lib/python3/dist-packages/lark/load_grammar.py", line 1408, in load_grammar
    self.grammar, used_files = load_grammar(grammar, self.source_path, self.options.import_paths, self.options.keep_all_tokens)
  File "/usr/lib/python3/dist-packages/lark/load_grammar.py", line 1408, in load_grammar
gmake[2]: *** [CMakeFiles/fast_lio__rosidl_typesupport_introspection_cpp.dir/build.make:85: rosidl_typesupport_introspection_cpp/fast_lio/msg/detail/pose6_d__type_support.cpp] 中断
gmake[2]: *** [CMakeFiles/fast_lio__rosidl_typesupport_cpp.dir/build.make:85: CMakeFiles/fast_lio__rosidl_typesupport_cpp.dir/rosidl_typesupport_cpp/fast_lio/msg/pose6_d__type_support.cpp.o] 中断
gmake[1]: *** [CMakeFiles/Makefile2:370: CMakeFiles/fast_lio__rosidl_typesupport_introspection_cpp.dir/all] 中断
    builder.load_grammar(grammar, source)
    builder.load_grammar(grammar, source)
  File "/usr/lib/python3/dist-packages/lark/load_grammar.py", line 1233, in load_grammar
  File "/usr/lib/python3/dist-packages/lark/load_grammar.py", line 1233, in load_grammar
    builder.load_grammar(grammar, source)
  File "/usr/lib/python3/dist-packages/lark/load_grammar.py", line 1233, in load_grammar
    tree = _parse_grammar(grammar_text, grammar_name)
  File "/usr/lib/python3/dist-packages/lark/load_grammar.py", line 961, in _parse_grammar
gmake[1]: *** [CMakeFiles/Makefile2:397: CMakeFiles/fast_lio__rosidl_typesupport_cpp.dir/all] 中断
    tree = _parse_grammar(grammar_text, grammar_name)
  File "/usr/lib/python3/dist-packages/lark/load_grammar.py", line 961, in _parse_grammar
    tree = _parse_grammar(grammar_text, grammar_name)
  File "/usr/lib/python3/dist-packages/lark/load_grammar.py", line 961, in _parse_grammar
    tree = _get_parser().parse(text + '\n', start)
  File "/usr/lib/python3/dist-packages/lark/parser_frontends.py", line 99, in parse
    tree = _get_parser().parse(text + '\n', start)
  File "/usr/lib/python3/dist-packages/lark/parser_frontends.py", line 99, in parse
    tree = _get_parser().parse(text + '\n', start)
    return self.parser.parse(stream, chosen_start, **kw)
    return self.parser.parse(stream, chosen_start, **kw)
  File "/usr/lib/python3/dist-packages/lark/parser_frontends.py", line 99, in parse
  File "/usr/lib/python3/dist-packages/lark/parsers/lalr_parser.py", line 41, in parse
  File "/usr/lib/python3/dist-packages/lark/parsers/lalr_parser.py", line 41, in parse
    return self.parser.parse(stream, chosen_start, **kw)
  File "/usr/lib/python3/dist-packages/lark/parsers/lalr_parser.py", line 41, in parse
    return self.parser.parse(lexer, start)
    return self.parser.parse(lexer, start)
    return self.parser.parse(lexer, start)
  File "/usr/lib/python3/dist-packages/lark/parsers/lalr_parser.py", line 171, in parse
  File "/usr/lib/python3/dist-packages/lark/parsers/lalr_parser.py", line 171, in parse
  File "/usr/lib/python3/dist-packages/lark/parsers/lalr_parser.py", line 171, in parse
    return self.parse_from_state(parser_state)
    return self.parse_from_state(parser_state)
    return self.parse_from_state(parser_state)
  File "/usr/lib/python3/dist-packages/lark/parsers/lalr_parser.py", line 178, in parse_from_state
  File "/usr/lib/python3/dist-packages/lark/parsers/lalr_parser.py", line 179, in parse_from_state
  File "/usr/lib/python3/dist-packages/lark/parsers/lalr_parser.py", line 179, in parse_from_state
    for token in state.lexer.lex(state):
  File "/usr/lib/python3/dist-packages/lark/lexer.py", line 453, in lex
    state.feed_token(token)
    state.feed_token(token)
  File "/usr/lib/python3/dist-packages/lark/parsers/lalr_parser.py", line 131, in feed_token
  File "/usr/lib/python3/dist-packages/lark/parsers/lalr_parser.py", line 150, in feed_token
    value = callbacks[rule](s)
    assert arg != end_state
  File "/usr/lib/python3/dist-packages/lark/grammar.py", line 113, in __hash__
  File "/usr/lib/python3/dist-packages/lark/grammar.py", line 117, in __eq__
    yield self.next_token(state, parser_state)
  File "/usr/lib/python3/dist-packages/lark/lexer.py", line 458, in next_token
    res = self.match(lex_state.text, line_ctr.char_pos)
  File "/usr/lib/python3/dist-packages/lark/lexer.py", line 448, in match
    def __hash__(self):
    if not isinstance(other, Rule):
KeyboardInterrupt
KeyboardInterrupt
    return self.scanner.match(text, pos)
  File "/usr/lib/python3/dist-packages/lark/lexer.py", line 313, in match
    m = mre.match(text, pos)
KeyboardInterrupt
gmake[2]: *** [CMakeFiles/fast_lio__rosidl_typesupport_fastrtps_cpp.dir/build.make:82: rosidl_typesupport_fastrtps_cpp/fast_lio/msg/detail/dds_fastrtps/pose6_d__type_support.cpp] 中断
gmake[1]: *** [CMakeFiles/Makefile2:292: CMakeFiles/fast_lio__rosidl_typesupport_fastrtps_cpp.dir/all] 中断
gmake[2]: *** [CMakeFiles/fast_lio__rosidl_typesupport_c.dir/build.make:80: rosidl_typesupport_c/fast_lio/msg/pose6_d__type_support.cpp] 中断
gmake[1]: *** [CMakeFiles/Makefile2:344: CMakeFiles/fast_lio__rosidl_typesupport_c.dir/all] 中断
gmake[2]: *** [CMakeFiles/fast_lio__rosidl_typesupport_introspection_c.dir/build.make:82: rosidl_typesupport_introspection_c/fast_lio/msg/detail/pose6_d__rosidl_typesupport_introspection_c.h] 中断
gmake[1]: *** [CMakeFiles/Makefile2:318: CMakeFiles/fast_lio__rosidl_typesupport_introspection_c.dir/all] 中断
gmake[2]: *** [CMakeFiles/fast_lio__rosidl_typesupport_fastrtps_c.dir/build.make:82: rosidl_typesupport_fastrtps_c/fast_lio/msg/detail/pose6_d__rosidl_typesupport_fastrtps_c.h] 中断
gmake[1]: *** [CMakeFiles/Makefile2:240: CMakeFiles/fast_lio__rosidl_typesupport_fastrtps_c.dir/all] 中断
gmake: *** [Makefile:146: all] 中断
