[0.006s] Invoking command in '/home/yummy/livox_ws/build/fast_lio': CMAKE_PREFIX_PATH=${CMAKE_PREFIX_PATH}:/opt/ros/humble /usr/bin/cmake /home/yummy/livox_ws/src/FAST_LIO -DAMENT_CMAKE_SYMLINK_INSTALL=1 -DCMAKE_INSTALL_PREFIX=/home/yummy/livox_ws/install/fast_lio
[0.042s] -- The C compiler identification is GNU 11.4.0
[0.076s] -- The CXX compiler identification is GNU 11.4.0
[0.081s] -- Detecting C compiler ABI info
[0.124s] -- Detecting C compiler ABI info - done
[0.128s] -- Check for working C compiler: /usr/bin/cc - skipped
[0.128s] -- Detecting C compile features
[0.128s] -- Detecting C compile features - done
[0.130s] -- Detecting CXX compiler ABI info
[0.179s] -- Detecting CXX compiler ABI info - done
[0.183s] -- Check for working CXX compiler: /usr/bin/c++ - skipped
[0.183s] -- Detecting CXX compile features
[0.183s] -- Detecting CXX compile features - done
[0.184s] [0mCurrent CPU archtecture: x86_64[0m
[0.188s] [0mProcesser number:  32[0m
[0.188s] [0mcore for MP: 3[0m
[0.411s] -- Found PythonLibs: /usr/lib/x86_64-linux-gnu/libpython3.10.so (found version "3.10.12") 
[0.413s] -- Found ament_cmake: 1.3.12 (/opt/ros/humble/share/ament_cmake/cmake)
[0.502s] -- Found Python3: /usr/bin/python3 (found version "3.10.12") found components: Interpreter 
[0.538s] -- Override CMake install command with custom implementation using symlinks instead of copying resources
[0.559s] -- Found rclcpp: 16.0.17 (/opt/ros/humble/share/rclcpp/cmake)
[0.582s] -- Found rosidl_generator_c: 3.1.8 (/opt/ros/humble/share/rosidl_generator_c/cmake)
[0.585s] -- Found rosidl_adapter: 3.1.8 (/opt/ros/humble/share/rosidl_adapter/cmake)
[0.590s] -- Found rosidl_generator_cpp: 3.1.8 (/opt/ros/humble/share/rosidl_generator_cpp/cmake)
[0.597s] -- Using all available rosidl_typesupport_c: rosidl_typesupport_fastrtps_c;rosidl_typesupport_introspection_c
[0.606s] -- Using all available rosidl_typesupport_cpp: rosidl_typesupport_fastrtps_cpp;rosidl_typesupport_introspection_cpp
[0.632s] -- Found rmw_implementation_cmake: 6.1.2 (/opt/ros/humble/share/rmw_implementation_cmake/cmake)
[0.634s] -- Found rmw_fastrtps_cpp: 6.2.9 (/opt/ros/humble/share/rmw_fastrtps_cpp/cmake)
[0.699s] -- Found OpenSSL: /usr/lib/x86_64-linux-gnu/libcrypto.so (found version "3.0.2")  
[0.716s] -- Found FastRTPS: /opt/ros/humble/include  
[0.743s] -- Using RMW implementation 'rmw_fastrtps_cpp' as default
[0.749s] -- Looking for pthread.h
[0.797s] -- Looking for pthread.h - found
[0.798s] -- Performing Test CMAKE_HAVE_LIBC_PTHREAD
[0.848s] -- Performing Test CMAKE_HAVE_LIBC_PTHREAD - Success
[0.849s] -- Found Threads: TRUE  
[0.878s] -- Found rclcpp_components: 16.0.17 (/opt/ros/humble/share/rclcpp_components/cmake)
[0.894s] -- Found geometry_msgs: 4.9.0 (/opt/ros/humble/share/geometry_msgs/cmake)
[0.903s] -- Found nav_msgs: 4.9.0 (/opt/ros/humble/share/nav_msgs/cmake)
[0.915s] -- Found sensor_msgs: 4.9.0 (/opt/ros/humble/share/sensor_msgs/cmake)
[0.925s] -- Found std_srvs: 4.9.0 (/opt/ros/humble/share/std_srvs/cmake)
[0.934s] -- Found visualization_msgs: 4.9.0 (/opt/ros/humble/share/visualization_msgs/cmake)
[0.947s] -- Found pcl_ros: 2.4.5 (/opt/ros/humble/share/pcl_ros/cmake)
[0.974s] -- Checking for module 'eigen3'
[0.983s] --   Found eigen3, version 3.4.0
[1.007s] -- Found Eigen: /usr/include/eigen3 (Required is at least version "3.1") 
[1.007s] -- Eigen found (include: /usr/include/eigen3, version: 3.4.0)
[1.031s] -- Checking for module 'flann'
[1.042s] --   Found flann, version 1.9.1
[1.076s] -- Found FLANN: /usr/lib/x86_64-linux-gnu/libflann_cpp.so  
[1.076s] -- FLANN found (include: /usr/include, lib: /usr/lib/x86_64-linux-gnu/libflann_cpp.so)
[1.701s] -- Checking for module 'libusb-1.0'
[1.713s] --   Found libusb-1.0, version 1.0.25
[1.743s] -- Found libusb: /usr/lib/x86_64-linux-gnu/libusb-1.0.so  
[1.744s] -- OpenNI found (version: 1.5.4.0, include: /usr/include/ni, lib: /usr/lib/libOpenNI.so;libusb::libusb)
[1.790s] -- OpenNI2 found (version: 2.2.0.33, include: /usr/include/openni2, lib: /usr/lib/x86_64-linux-gnu/libOpenNI2.so;libusb::libusb)
[1.879s] -- Eigen found (include: /usr/include/eigen3, version: 3.4.0)
[1.883s] -- OpenNI found (version: 1.5.4.0, include: /usr/include/ni, lib: /usr/lib/libOpenNI.so;libusb::libusb)
[1.888s] -- OpenNI2 found (version: 2.2.0.33, include: /usr/include/openni2, lib: /usr/lib/x86_64-linux-gnu/libOpenNI2.so;libusb::libusb)
[1.969s] -- Found Qhull version 8.0.2
[2.061s] -- OpenNI found (version: 1.5.4.0, include: /usr/include/ni, lib: /usr/lib/libOpenNI.so;libusb::libusb)
[2.145s] -- Found PCL_COMMON: /usr/lib/x86_64-linux-gnu/libpcl_common.so  
[2.145s] -- Found PCL_KDTREE: /usr/lib/x86_64-linux-gnu/libpcl_kdtree.so  
[2.146s] -- Found PCL_OCTREE: /usr/lib/x86_64-linux-gnu/libpcl_octree.so  
[2.146s] -- Found PCL_SEARCH: /usr/lib/x86_64-linux-gnu/libpcl_search.so  
[2.147s] -- Found PCL_SAMPLE_CONSENSUS: /usr/lib/x86_64-linux-gnu/libpcl_sample_consensus.so  
[2.147s] -- Found PCL_FILTERS: /usr/lib/x86_64-linux-gnu/libpcl_filters.so  
[2.147s] -- Found PCL_2D: /usr/include/pcl-1.12  
[2.147s] -- Found PCL_GEOMETRY: /usr/include/pcl-1.12  
[2.148s] -- Found PCL_IO: /usr/lib/x86_64-linux-gnu/libpcl_io.so  
[2.148s] -- Found PCL_FEATURES: /usr/lib/x86_64-linux-gnu/libpcl_features.so  
[2.149s] -- Found PCL_ML: /usr/lib/x86_64-linux-gnu/libpcl_ml.so  
[2.149s] -- Found PCL_SEGMENTATION: /usr/lib/x86_64-linux-gnu/libpcl_segmentation.so  
[2.150s] -- Found PCL_VISUALIZATION: /usr/lib/x86_64-linux-gnu/libpcl_visualization.so  
[2.150s] -- Found PCL_SURFACE: /usr/lib/x86_64-linux-gnu/libpcl_surface.so  
[2.151s] -- Found PCL_REGISTRATION: /usr/lib/x86_64-linux-gnu/libpcl_registration.so  
[2.151s] -- Found PCL_KEYPOINTS: /usr/lib/x86_64-linux-gnu/libpcl_keypoints.so  
[2.151s] -- Found PCL_TRACKING: /usr/lib/x86_64-linux-gnu/libpcl_tracking.so  
[2.152s] -- Found PCL_RECOGNITION: /usr/lib/x86_64-linux-gnu/libpcl_recognition.so  
[2.152s] -- Found PCL_STEREO: /usr/lib/x86_64-linux-gnu/libpcl_stereo.so  
[2.153s] -- Found PCL_APPS: /usr/lib/x86_64-linux-gnu/libpcl_apps.so  
[2.153s] -- Found PCL_IN_HAND_SCANNER: /usr/include/pcl-1.12  
[2.153s] -- Found PCL_MODELER: /usr/include/pcl-1.12  
[2.154s] -- Found PCL_POINT_CLOUD_EDITOR: /usr/include/pcl-1.12  
[2.154s] -- Found PCL_OUTOFCORE: /usr/lib/x86_64-linux-gnu/libpcl_outofcore.so  
[2.154s] -- Found PCL_PEOPLE: /usr/lib/x86_64-linux-gnu/libpcl_people.so  
[2.193s] -- Found eigen3_cmake_module: 0.1.1 (/opt/ros/humble/share/eigen3_cmake_module/cmake)
[2.195s] -- Found Eigen3: TRUE (found version "3.4.0") 
[2.196s] -- Ensuring Eigen3 include directory is part of orocos-kdl CMake target
[2.269s] -- Found livox_ros_driver2: 1.0.0 (/home/yummy/livox_ws/install/livox_ros_driver2/share/livox_ros_driver2/cmake)
[2.280s] -- Found rosidl_default_generators: 1.2.0 (/opt/ros/humble/share/rosidl_default_generators/cmake)
[2.285s] [33mCMake Warning (dev) at CMakeLists.txt:81 (find_package):
[2.285s]   Policy CMP0074 is not set: find_package uses <PackageName>_ROOT variables.
[2.285s]   Run "cmake --help-policy CMP0074" for policy details.  Use the cmake_policy
[2.285s]   command to set the policy and suppress this warning.
[2.285s] 
[2.285s]   CMake variable PCL_ROOT is set to:
[2.285s] 
[2.285s]     /usr
[2.285s] 
[2.285s]   For compatibility, CMake is ignoring the variable.
[2.285s] This warning is for project developers.  Use -Wno-dev to suppress it.
[2.285s] [0m
[2.290s] [0mEigen:/usr/include/eigen3[0m
[2.290s] -- PCL: /usr/include/pcl-1.12
[2.432s] -- Found ament_cmake_ros: 0.10.0 (/opt/ros/humble/share/ament_cmake_ros/cmake)
[2.619s] -- Using all available rosidl_typesupport_c: rosidl_typesupport_fastrtps_c;rosidl_typesupport_introspection_c
[2.690s] -- Using all available rosidl_typesupport_cpp: rosidl_typesupport_fastrtps_cpp;rosidl_typesupport_introspection_cpp
[2.704s] -- Found PythonInterp: /usr/bin/python3 (found suitable version "3.10.12", minimum required is "3.6") 
[2.705s] -- Found python_cmake_module: 0.10.0 (/opt/ros/humble/share/python_cmake_module/cmake)
[2.719s] -- Found PythonLibs: /usr/lib/x86_64-linux-gnu/libpython3.10.so (found suitable version "3.10.12", minimum required is "3.5") 
[2.719s] -- Using PYTHON_EXECUTABLE: /usr/bin/python3
[2.719s] -- Using PYTHON_INCLUDE_DIRS: /usr/include/python3.10
[2.719s] -- Using PYTHON_LIBRARIES: /usr/lib/x86_64-linux-gnu/libpython3.10.so
[2.732s] -- Found PythonExtra: .so  
[2.765s] -- Configuring done
[2.810s] -- Generating done
[2.821s] -- Build files have been written to: /home/yummy/livox_ws/build/fast_lio
[2.834s] Invoked command in '/home/yummy/livox_ws/build/fast_lio' returned '0': CMAKE_PREFIX_PATH=${CMAKE_PREFIX_PATH}:/opt/ros/humble /usr/bin/cmake /home/yummy/livox_ws/src/FAST_LIO -DAMENT_CMAKE_SYMLINK_INSTALL=1 -DCMAKE_INSTALL_PREFIX=/home/yummy/livox_ws/install/fast_lio
[2.836s] Invoking command in '/home/yummy/livox_ws/build/fast_lio': CMAKE_PREFIX_PATH=${CMAKE_PREFIX_PATH}:/opt/ros/humble /usr/bin/cmake --build /home/yummy/livox_ws/build/fast_lio -- -j32 -l32
[2.865s] [  2%] [34m[1mGenerating C code for ROS interfaces[0m
[2.873s] [  5%] [34m[1mGenerating C++ code for ROS interfaces[0m
[2.878s] [  5%] Built target ament_cmake_python_symlink_fast_lio
[2.996s] running egg_info
[2.996s] creating fast_lio.egg-info
[2.996s] writing fast_lio.egg-info/PKG-INFO
[2.996s] writing dependency_links to fast_lio.egg-info/dependency_links.txt
[2.996s] writing top-level names to fast_lio.egg-info/top_level.txt
[2.996s] writing manifest file 'fast_lio.egg-info/SOURCES.txt'
[2.997s] reading manifest file 'fast_lio.egg-info/SOURCES.txt'
[2.998s] writing manifest file 'fast_lio.egg-info/SOURCES.txt'
[3.014s] [  5%] Built target ament_cmake_python_build_fast_lio_egg
[3.040s] [  8%] [32mBuilding C object CMakeFiles/fast_lio__rosidl_generator_c.dir/rosidl_generator_c/fast_lio/msg/detail/pose6_d__functions.c.o[0m
[3.040s] [  8%] Built target fast_lio__cpp
[3.046s] [ 11%] [34m[1mGenerating C++ type support dispatch for ROS interfaces[0m
[3.047s] [ 17%] [34m[1mGenerating C++ type support for eProsima Fast-RTPS[0m
[3.047s] [ 17%] [34m[1mGenerating C++ introspection for ROS interfaces[0m
[3.116s] [ 20%] [32m[1mLinking C shared library libfast_lio__rosidl_generator_c.so[0m
[3.143s] [ 20%] Built target fast_lio__rosidl_generator_c
[3.150s] [ 22%] [34m[1mGenerating C type support for eProsima Fast-RTPS[0m
[3.150s] [ 25%] [34m[1mGenerating C type support dispatch for ROS interfaces[0m
[3.150s] [ 28%] [34m[1mGenerating C introspection for ROS interfaces[0m
[3.201s] Traceback (most recent call last):
[3.201s]   File "/opt/ros/humble/lib/rosidl_typesupport_c/rosidl_typesupport_c", line 28, in <module>
[3.201s] Traceback (most recent call last):
[3.201s] Traceback (most recent call last):
[3.201s]   File "/opt/ros/humble/lib/rosidl_typesupport_fastrtps_c/rosidl_typesupport_fastrtps_c", line 33, in <module>
[3.201s]   File "/opt/ros/humble/lib/rosidl_typesupport_introspection_c/rosidl_typesupport_introspection_c", line 31, in <module>
[3.202s] gmake[2]: *** 正在删除文件“rosidl_typesupport_fastrtps_cpp/fast_lio/msg/detail/dds_fastrtps/pose6_d__type_support.cpp”
[3.202s]     sys.exit(main())
[3.202s]   File "/opt/ros/humble/lib/rosidl_typesupport_c/rosidl_typesupport_c", line 24, in main
[3.202s] gmake[2]: *** 正在删除文件“rosidl_typesupport_introspection_cpp/fast_lio/msg/detail/pose6_d__type_support.cpp”
[3.202s]     sys.exit(main())
[3.202s]   File "/opt/ros/humble/lib/rosidl_typesupport_fastrtps_c/rosidl_typesupport_fastrtps_c", line 29, in main
[3.202s]     sys.exit(main())
[3.202s]     generate_c(args.generator_arguments_file, args.typesupports)
[3.202s]   File "/opt/ros/humble/lib/rosidl_typesupport_introspection_c/rosidl_typesupport_introspection_c", line 27, in main
[3.202s]   File "/opt/ros/humble/local/lib/python3.10/dist-packages/rosidl_typesupport_c/__init__.py", line 28, in generate_c
[3.202s]     generate_typesupport_fastrtps_c(args.generator_arguments_file)
[3.202s]   File "/opt/ros/humble/local/lib/python3.10/dist-packages/rosidl_typesupport_fastrtps_c/__init__.py", line 24, in generate_typesupport_fastrtps_c
[3.202s]     generate_c(args.generator_arguments_file)
[3.202s]   File "/opt/ros/humble/local/lib/python3.10/dist-packages/rosidl_typesupport_introspection_c/__init__.py", line 31, in generate_c
[3.202s]     return generate_files(
[3.202s]   File "/opt/ros/humble/local/lib/python3.10/dist-packages/rosidl_cmake/__init__.py", line 74, in generate_files
[3.202s]     return generate_files(generator_arguments_file, mapping)
[3.202s]   File "/opt/ros/humble/local/lib/python3.10/dist-packages/rosidl_cmake/__init__.py", line 74, in generate_files
[3.202s]     return generate_files(generator_arguments_file, mapping)
[3.202s]   File "/opt/ros/humble/local/lib/python3.10/dist-packages/rosidl_cmake/__init__.py", line 74, in generate_files
[3.202s]     idl_file = parse_idl_file(locator)
[3.202s]   File "/opt/ros/humble/local/lib/python3.10/dist-packages/rosidl_parser/parser.py", line 64, in parse_idl_file
[3.202s]     idl_file = parse_idl_file(locator)
[3.202s]   File "/opt/ros/humble/local/lib/python3.10/dist-packages/rosidl_parser/parser.py", line 64, in parse_idl_file
[3.202s]     idl_file = parse_idl_file(locator)
[3.203s]   File "/opt/ros/humble/local/lib/python3.10/dist-packages/rosidl_parser/parser.py", line 64, in parse_idl_file
[3.203s]     content = parse_idl_string(string, png_file=png_file)
[3.203s]   File "/opt/ros/humble/local/lib/python3.10/dist-packages/rosidl_parser/parser.py", line 72, in parse_idl_string
[3.203s]     content = parse_idl_string(string, png_file=png_file)
[3.203s]     content = parse_idl_string(string, png_file=png_file)
[3.203s]   File "/opt/ros/humble/local/lib/python3.10/dist-packages/rosidl_parser/parser.py", line 72, in parse_idl_string
[3.203s]   File "/opt/ros/humble/local/lib/python3.10/dist-packages/rosidl_parser/parser.py", line 72, in parse_idl_string
[3.203s]     tree = get_ast_from_idl_string(idl_string)
[3.203s]   File "/opt/ros/humble/local/lib/python3.10/dist-packages/rosidl_parser/parser.py", line 88, in get_ast_from_idl_string
[3.203s]     tree = get_ast_from_idl_string(idl_string)
[3.203s]   File "/opt/ros/humble/local/lib/python3.10/dist-packages/rosidl_parser/parser.py", line 88, in get_ast_from_idl_string
[3.203s]     _parser = Lark(grammar, start='specification', maybe_placeholders=False)
[3.203s]     tree = get_ast_from_idl_string(idl_string)
[3.203s]   File "/usr/lib/python3/dist-packages/lark/lark.py", line 333, in __init__
[3.203s]   File "/opt/ros/humble/local/lib/python3.10/dist-packages/rosidl_parser/parser.py", line 88, in get_ast_from_idl_string
[3.203s]     _parser = Lark(grammar, start='specification', maybe_placeholders=False)
[3.203s]   File "/usr/lib/python3/dist-packages/lark/lark.py", line 333, in __init__
[3.203s]     _parser = Lark(grammar, start='specification', maybe_placeholders=False)
[3.203s]   File "/usr/lib/python3/dist-packages/lark/lark.py", line 333, in __init__
[3.203s]     self.grammar, used_files = load_grammar(grammar, self.source_path, self.options.import_paths, self.options.keep_all_tokens)
[3.203s]     self.grammar, used_files = load_grammar(grammar, self.source_path, self.options.import_paths, self.options.keep_all_tokens)
[3.203s]   File "/usr/lib/python3/dist-packages/lark/load_grammar.py", line 1408, in load_grammar
[3.203s]   File "/usr/lib/python3/dist-packages/lark/load_grammar.py", line 1408, in load_grammar
[3.203s]     self.grammar, used_files = load_grammar(grammar, self.source_path, self.options.import_paths, self.options.keep_all_tokens)
[3.203s]   File "/usr/lib/python3/dist-packages/lark/load_grammar.py", line 1408, in load_grammar
[3.203s] gmake[2]: *** [CMakeFiles/fast_lio__rosidl_typesupport_introspection_cpp.dir/build.make:85: rosidl_typesupport_introspection_cpp/fast_lio/msg/detail/pose6_d__type_support.cpp] 中断
[3.203s] gmake[2]: *** [CMakeFiles/fast_lio__rosidl_typesupport_cpp.dir/build.make:85: CMakeFiles/fast_lio__rosidl_typesupport_cpp.dir/rosidl_typesupport_cpp/fast_lio/msg/pose6_d__type_support.cpp.o] 中断
[3.203s] gmake[1]: *** [CMakeFiles/Makefile2:370: CMakeFiles/fast_lio__rosidl_typesupport_introspection_cpp.dir/all] 中断
[3.203s]     builder.load_grammar(grammar, source)
[3.203s]     builder.load_grammar(grammar, source)
[3.203s]   File "/usr/lib/python3/dist-packages/lark/load_grammar.py", line 1233, in load_grammar
[3.203s]   File "/usr/lib/python3/dist-packages/lark/load_grammar.py", line 1233, in load_grammar
[3.203s]     builder.load_grammar(grammar, source)
[3.203s]   File "/usr/lib/python3/dist-packages/lark/load_grammar.py", line 1233, in load_grammar
[3.203s]     tree = _parse_grammar(grammar_text, grammar_name)
[3.203s]   File "/usr/lib/python3/dist-packages/lark/load_grammar.py", line 961, in _parse_grammar
[3.203s] gmake[1]: *** [CMakeFiles/Makefile2:397: CMakeFiles/fast_lio__rosidl_typesupport_cpp.dir/all] 中断
[3.203s]     tree = _parse_grammar(grammar_text, grammar_name)
[3.204s]   File "/usr/lib/python3/dist-packages/lark/load_grammar.py", line 961, in _parse_grammar
[3.204s]     tree = _parse_grammar(grammar_text, grammar_name)
[3.204s]   File "/usr/lib/python3/dist-packages/lark/load_grammar.py", line 961, in _parse_grammar
[3.204s]     tree = _get_parser().parse(text + '\n', start)
[3.204s]   File "/usr/lib/python3/dist-packages/lark/parser_frontends.py", line 99, in parse
[3.204s]     tree = _get_parser().parse(text + '\n', start)
[3.204s]   File "/usr/lib/python3/dist-packages/lark/parser_frontends.py", line 99, in parse
[3.204s]     tree = _get_parser().parse(text + '\n', start)
[3.204s]     return self.parser.parse(stream, chosen_start, **kw)
[3.204s]     return self.parser.parse(stream, chosen_start, **kw)
[3.204s]   File "/usr/lib/python3/dist-packages/lark/parser_frontends.py", line 99, in parse
[3.204s]   File "/usr/lib/python3/dist-packages/lark/parsers/lalr_parser.py", line 41, in parse
[3.204s]   File "/usr/lib/python3/dist-packages/lark/parsers/lalr_parser.py", line 41, in parse
[3.204s]     return self.parser.parse(stream, chosen_start, **kw)
[3.204s]   File "/usr/lib/python3/dist-packages/lark/parsers/lalr_parser.py", line 41, in parse
[3.204s]     return self.parser.parse(lexer, start)
[3.204s]     return self.parser.parse(lexer, start)
[3.204s]     return self.parser.parse(lexer, start)
[3.204s]   File "/usr/lib/python3/dist-packages/lark/parsers/lalr_parser.py", line 171, in parse
[3.204s]   File "/usr/lib/python3/dist-packages/lark/parsers/lalr_parser.py", line 171, in parse
[3.204s]   File "/usr/lib/python3/dist-packages/lark/parsers/lalr_parser.py", line 171, in parse
[3.204s]     return self.parse_from_state(parser_state)
[3.204s]     return self.parse_from_state(parser_state)
[3.204s]     return self.parse_from_state(parser_state)
[3.204s]   File "/usr/lib/python3/dist-packages/lark/parsers/lalr_parser.py", line 178, in parse_from_state
[3.204s]   File "/usr/lib/python3/dist-packages/lark/parsers/lalr_parser.py", line 179, in parse_from_state
[3.204s]   File "/usr/lib/python3/dist-packages/lark/parsers/lalr_parser.py", line 179, in parse_from_state
[3.204s]     for token in state.lexer.lex(state):
[3.204s]   File "/usr/lib/python3/dist-packages/lark/lexer.py", line 453, in lex
[3.204s]     state.feed_token(token)
[3.204s]     state.feed_token(token)
[3.204s]   File "/usr/lib/python3/dist-packages/lark/parsers/lalr_parser.py", line 131, in feed_token
[3.205s]   File "/usr/lib/python3/dist-packages/lark/parsers/lalr_parser.py", line 150, in feed_token
[3.205s]     value = callbacks[rule](s)
[3.205s]     assert arg != end_state
[3.205s]   File "/usr/lib/python3/dist-packages/lark/grammar.py", line 113, in __hash__
[3.205s]   File "/usr/lib/python3/dist-packages/lark/grammar.py", line 117, in __eq__
[3.205s]     yield self.next_token(state, parser_state)
[3.205s]   File "/usr/lib/python3/dist-packages/lark/lexer.py", line 458, in next_token
[3.205s]     res = self.match(lex_state.text, line_ctr.char_pos)
[3.205s]   File "/usr/lib/python3/dist-packages/lark/lexer.py", line 448, in match
[3.205s]     def __hash__(self):
[3.205s]     if not isinstance(other, Rule):
[3.205s] KeyboardInterrupt
[3.205s] KeyboardInterrupt
[3.205s]     return self.scanner.match(text, pos)
[3.205s]   File "/usr/lib/python3/dist-packages/lark/lexer.py", line 313, in match
[3.205s]     m = mre.match(text, pos)
[3.205s] KeyboardInterrupt
[3.205s] gmake[2]: *** [CMakeFiles/fast_lio__rosidl_typesupport_fastrtps_cpp.dir/build.make:82: rosidl_typesupport_fastrtps_cpp/fast_lio/msg/detail/dds_fastrtps/pose6_d__type_support.cpp] 中断
[3.205s] gmake[1]: *** [CMakeFiles/Makefile2:292: CMakeFiles/fast_lio__rosidl_typesupport_fastrtps_cpp.dir/all] 中断
[3.209s] gmake[2]: *** [CMakeFiles/fast_lio__rosidl_typesupport_c.dir/build.make:80: rosidl_typesupport_c/fast_lio/msg/pose6_d__type_support.cpp] 中断
[3.209s] gmake[1]: *** [CMakeFiles/Makefile2:344: CMakeFiles/fast_lio__rosidl_typesupport_c.dir/all] 中断
[3.209s] gmake[2]: *** [CMakeFiles/fast_lio__rosidl_typesupport_introspection_c.dir/build.make:82: rosidl_typesupport_introspection_c/fast_lio/msg/detail/pose6_d__rosidl_typesupport_introspection_c.h] 中断
[3.209s] gmake[1]: *** [CMakeFiles/Makefile2:318: CMakeFiles/fast_lio__rosidl_typesupport_introspection_c.dir/all] 中断
[3.210s] gmake[2]: *** [CMakeFiles/fast_lio__rosidl_typesupport_fastrtps_c.dir/build.make:82: rosidl_typesupport_fastrtps_c/fast_lio/msg/detail/pose6_d__rosidl_typesupport_fastrtps_c.h] 中断
[3.210s] gmake[1]: *** [CMakeFiles/Makefile2:240: CMakeFiles/fast_lio__rosidl_typesupport_fastrtps_c.dir/all] 中断
[3.210s] gmake: *** [Makefile:146: all] 中断
[3.211s] Invoked command in '/home/yummy/livox_ws/build/fast_lio' returned '-2': CMAKE_PREFIX_PATH=${CMAKE_PREFIX_PATH}:/opt/ros/humble /usr/bin/cmake --build /home/yummy/livox_ws/build/fast_lio -- -j32 -l32
