[0.050s] DEBUG:colcon:Command line arguments: ['/usr/bin/colcon', 'build', '--symlink-install']
[0.050s] DEBUG:colcon:Parsed command line arguments: Namespace(log_base=None, log_level=None, verb_name='build', build_base='build', install_base='install', merge_install=False, symlink_install=True, test_result_base=None, continue_on_error=False, executor='parallel', parallel_workers=32, event_handlers=None, ignore_user_meta=False, metas=['./colcon.meta'], base_paths=['.'], packages_ignore=None, packages_ignore_regex=None, paths=None, packages_up_to=None, packages_up_to_regex=None, packages_above=None, packages_above_and_dependencies=None, packages_above_depth=None, packages_select_by_dep=None, packages_skip_by_dep=None, packages_skip_up_to=None, packages_select_build_failed=False, packages_skip_build_finished=False, packages_select_test_failures=False, packages_skip_test_passed=False, packages_select=None, packages_skip=None, packages_select_regex=None, packages_skip_regex=None, packages_start=None, packages_end=None, allow_overriding=[], cmake_args=None, cmake_target=None, cmake_target_skip_unavailable=False, cmake_clean_cache=False, cmake_clean_first=False, cmake_force_configure=False, ament_cmake_args=None, catkin_cmake_args=None, catkin_skip_building_tests=False, verb_parser=<colcon_defaults.argument_parser.defaults.DefaultArgumentsDecorator object at 0x72c0a4b70790>, verb_extension=<colcon_core.verb.build.BuildVerb object at 0x72c0a4c5dbd0>, main=<bound method BuildVerb.main of <colcon_core.verb.build.BuildVerb object at 0x72c0a4c5dbd0>>)
[0.122s] Level 1:colcon.colcon_core.package_discovery:discover_packages(colcon_meta) check parameters
[0.122s] Level 1:colcon.colcon_core.package_discovery:discover_packages(recursive) check parameters
[0.122s] Level 1:colcon.colcon_core.package_discovery:discover_packages(ignore) check parameters
[0.122s] Level 1:colcon.colcon_core.package_discovery:discover_packages(path) check parameters
[0.122s] Level 1:colcon.colcon_core.package_discovery:discover_packages(colcon_meta) discover
[0.122s] Level 1:colcon.colcon_core.package_discovery:discover_packages(recursive) discover
[0.122s] INFO:colcon.colcon_core.package_discovery:Crawling recursively for packages in '/home/yummy/livox_ws'
[0.122s] Level 1:colcon.colcon_core.package_identification:_identify(.) by extensions ['ignore', 'ignore_ament_install']
[0.122s] Level 1:colcon.colcon_core.package_identification:_identify(.) by extension 'ignore'
[0.122s] Level 1:colcon.colcon_core.package_identification:_identify(.) by extension 'ignore_ament_install'
[0.122s] Level 1:colcon.colcon_core.package_identification:_identify(.) by extensions ['colcon_pkg']
[0.122s] Level 1:colcon.colcon_core.package_identification:_identify(.) by extension 'colcon_pkg'
[0.122s] Level 1:colcon.colcon_core.package_identification:_identify(.) by extensions ['colcon_meta']
[0.122s] Level 1:colcon.colcon_core.package_identification:_identify(.) by extension 'colcon_meta'
[0.122s] Level 1:colcon.colcon_core.package_identification:_identify(.) by extensions ['ros']
[0.122s] Level 1:colcon.colcon_core.package_identification:_identify(.) by extension 'ros'
[0.128s] Level 1:colcon.colcon_core.package_identification:_identify(.) by extensions ['cmake', 'python']
[0.128s] Level 1:colcon.colcon_core.package_identification:_identify(.) by extension 'cmake'
[0.128s] Level 1:colcon.colcon_core.package_identification:_identify(.) by extension 'python'
[0.128s] Level 1:colcon.colcon_core.package_identification:_identify(.) by extensions ['python_setup_py']
[0.128s] Level 1:colcon.colcon_core.package_identification:_identify(.) by extension 'python_setup_py'
[0.128s] Level 1:colcon.colcon_core.package_identification:_identify(build) by extensions ['ignore', 'ignore_ament_install']
[0.128s] Level 1:colcon.colcon_core.package_identification:_identify(build) by extension 'ignore'
[0.128s] Level 1:colcon.colcon_core.package_identification:_identify(build) ignored
[0.128s] Level 1:colcon.colcon_core.package_identification:_identify(install) by extensions ['ignore', 'ignore_ament_install']
[0.128s] Level 1:colcon.colcon_core.package_identification:_identify(install) by extension 'ignore'
[0.128s] Level 1:colcon.colcon_core.package_identification:_identify(install) ignored
[0.128s] Level 1:colcon.colcon_core.package_identification:_identify(log) by extensions ['ignore', 'ignore_ament_install']
[0.128s] Level 1:colcon.colcon_core.package_identification:_identify(log) by extension 'ignore'
[0.128s] Level 1:colcon.colcon_core.package_identification:_identify(log) ignored
[0.128s] Level 1:colcon.colcon_core.package_identification:_identify(src) by extensions ['ignore', 'ignore_ament_install']
[0.128s] Level 1:colcon.colcon_core.package_identification:_identify(src) by extension 'ignore'
[0.128s] Level 1:colcon.colcon_core.package_identification:_identify(src) by extension 'ignore_ament_install'
[0.128s] Level 1:colcon.colcon_core.package_identification:_identify(src) by extensions ['colcon_pkg']
[0.128s] Level 1:colcon.colcon_core.package_identification:_identify(src) by extension 'colcon_pkg'
[0.128s] Level 1:colcon.colcon_core.package_identification:_identify(src) by extensions ['colcon_meta']
[0.129s] Level 1:colcon.colcon_core.package_identification:_identify(src) by extension 'colcon_meta'
[0.129s] Level 1:colcon.colcon_core.package_identification:_identify(src) by extensions ['ros']
[0.129s] Level 1:colcon.colcon_core.package_identification:_identify(src) by extension 'ros'
[0.129s] Level 1:colcon.colcon_core.package_identification:_identify(src) by extensions ['cmake', 'python']
[0.129s] Level 1:colcon.colcon_core.package_identification:_identify(src) by extension 'cmake'
[0.129s] Level 1:colcon.colcon_core.package_identification:_identify(src) by extension 'python'
[0.129s] Level 1:colcon.colcon_core.package_identification:_identify(src) by extensions ['python_setup_py']
[0.129s] Level 1:colcon.colcon_core.package_identification:_identify(src) by extension 'python_setup_py'
[0.129s] Level 1:colcon.colcon_core.package_identification:_identify(src/FAST_LIO) by extensions ['ignore', 'ignore_ament_install']
[0.129s] Level 1:colcon.colcon_core.package_identification:_identify(src/FAST_LIO) by extension 'ignore'
[0.129s] Level 1:colcon.colcon_core.package_identification:_identify(src/FAST_LIO) by extension 'ignore_ament_install'
[0.129s] Level 1:colcon.colcon_core.package_identification:_identify(src/FAST_LIO) by extensions ['colcon_pkg']
[0.129s] Level 1:colcon.colcon_core.package_identification:_identify(src/FAST_LIO) by extension 'colcon_pkg'
[0.129s] Level 1:colcon.colcon_core.package_identification:_identify(src/FAST_LIO) by extensions ['colcon_meta']
[0.129s] Level 1:colcon.colcon_core.package_identification:_identify(src/FAST_LIO) by extension 'colcon_meta'
[0.129s] Level 1:colcon.colcon_core.package_identification:_identify(src/FAST_LIO) by extensions ['ros']
[0.129s] Level 1:colcon.colcon_core.package_identification:_identify(src/FAST_LIO) by extension 'ros'
[0.130s] DEBUG:colcon.colcon_core.package_identification:Package 'src/FAST_LIO' with type 'ros.ament_cmake' and name 'fast_lio'
[0.130s] Level 1:colcon.colcon_core.package_identification:_identify(src/livox_ros_driver2) by extensions ['ignore', 'ignore_ament_install']
[0.130s] Level 1:colcon.colcon_core.package_identification:_identify(src/livox_ros_driver2) by extension 'ignore'
[0.130s] Level 1:colcon.colcon_core.package_identification:_identify(src/livox_ros_driver2) by extension 'ignore_ament_install'
[0.130s] Level 1:colcon.colcon_core.package_identification:_identify(src/livox_ros_driver2) by extensions ['colcon_pkg']
[0.130s] Level 1:colcon.colcon_core.package_identification:_identify(src/livox_ros_driver2) by extension 'colcon_pkg'
[0.130s] Level 1:colcon.colcon_core.package_identification:_identify(src/livox_ros_driver2) by extensions ['colcon_meta']
[0.131s] Level 1:colcon.colcon_core.package_identification:_identify(src/livox_ros_driver2) by extension 'colcon_meta'
[0.131s] Level 1:colcon.colcon_core.package_identification:_identify(src/livox_ros_driver2) by extensions ['ros']
[0.131s] Level 1:colcon.colcon_core.package_identification:_identify(src/livox_ros_driver2) by extension 'ros'
[0.131s] DEBUG:colcon.colcon_core.package_identification:Package 'src/livox_ros_driver2' with type 'ros.ament_cmake' and name 'livox_ros_driver2'
[0.131s] Level 1:colcon.colcon_core.package_discovery:discover_packages(recursive) using defaults
[0.131s] Level 1:colcon.colcon_core.package_discovery:discover_packages(ignore) discover
[0.131s] Level 1:colcon.colcon_core.package_discovery:discover_packages(ignore) using defaults
[0.131s] Level 1:colcon.colcon_core.package_discovery:discover_packages(path) discover
[0.131s] Level 1:colcon.colcon_core.package_discovery:discover_packages(path) using defaults
[0.141s] Level 1:colcon.colcon_core.package_discovery:discover_packages(prefix_path) check parameters
[0.141s] Level 1:colcon.colcon_core.package_discovery:discover_packages(prefix_path) discover
[0.142s] DEBUG:colcon.colcon_installed_package_information.package_discovery:Found 1 installed packages in /home/yummy/livox_ws/install
[0.142s] DEBUG:colcon.colcon_installed_package_information.package_discovery:Found 5 installed packages in /home/yummy/mavros_ws/install
[0.143s] DEBUG:colcon.colcon_installed_package_information.package_discovery:Found 281 installed packages in /opt/ros/humble
[0.150s] Level 1:colcon.colcon_core.package_discovery:discover_packages(prefix_path) using defaults
[0.167s] Level 5:colcon.colcon_core.verb:set package 'livox_ros_driver2' build argument 'cmake_args' from command line to 'None'
[0.167s] Level 5:colcon.colcon_core.verb:set package 'livox_ros_driver2' build argument 'cmake_target' from command line to 'None'
[0.167s] Level 5:colcon.colcon_core.verb:set package 'livox_ros_driver2' build argument 'cmake_target_skip_unavailable' from command line to 'False'
[0.167s] Level 5:colcon.colcon_core.verb:set package 'livox_ros_driver2' build argument 'cmake_clean_cache' from command line to 'False'
[0.167s] Level 5:colcon.colcon_core.verb:set package 'livox_ros_driver2' build argument 'cmake_clean_first' from command line to 'False'
[0.167s] Level 5:colcon.colcon_core.verb:set package 'livox_ros_driver2' build argument 'cmake_force_configure' from command line to 'False'
[0.167s] Level 5:colcon.colcon_core.verb:set package 'livox_ros_driver2' build argument 'ament_cmake_args' from command line to 'None'
[0.167s] Level 5:colcon.colcon_core.verb:set package 'livox_ros_driver2' build argument 'catkin_cmake_args' from command line to 'None'
[0.167s] Level 5:colcon.colcon_core.verb:set package 'livox_ros_driver2' build argument 'catkin_skip_building_tests' from command line to 'False'
[0.167s] DEBUG:colcon.colcon_core.verb:Building package 'livox_ros_driver2' with the following arguments: {'ament_cmake_args': None, 'build_base': '/home/yummy/livox_ws/build/livox_ros_driver2', 'catkin_cmake_args': None, 'catkin_skip_building_tests': False, 'cmake_args': None, 'cmake_clean_cache': False, 'cmake_clean_first': False, 'cmake_force_configure': False, 'cmake_target': None, 'cmake_target_skip_unavailable': False, 'install_base': '/home/yummy/livox_ws/install/livox_ros_driver2', 'merge_install': False, 'path': '/home/yummy/livox_ws/src/livox_ros_driver2', 'symlink_install': True, 'test_result_base': None}
[0.167s] Level 5:colcon.colcon_core.verb:set package 'fast_lio' build argument 'cmake_args' from command line to 'None'
[0.167s] Level 5:colcon.colcon_core.verb:set package 'fast_lio' build argument 'cmake_target' from command line to 'None'
[0.167s] Level 5:colcon.colcon_core.verb:set package 'fast_lio' build argument 'cmake_target_skip_unavailable' from command line to 'False'
[0.167s] Level 5:colcon.colcon_core.verb:set package 'fast_lio' build argument 'cmake_clean_cache' from command line to 'False'
[0.167s] Level 5:colcon.colcon_core.verb:set package 'fast_lio' build argument 'cmake_clean_first' from command line to 'False'
[0.168s] Level 5:colcon.colcon_core.verb:set package 'fast_lio' build argument 'cmake_force_configure' from command line to 'False'
[0.168s] Level 5:colcon.colcon_core.verb:set package 'fast_lio' build argument 'ament_cmake_args' from command line to 'None'
[0.168s] Level 5:colcon.colcon_core.verb:set package 'fast_lio' build argument 'catkin_cmake_args' from command line to 'None'
[0.168s] Level 5:colcon.colcon_core.verb:set package 'fast_lio' build argument 'catkin_skip_building_tests' from command line to 'False'
[0.168s] DEBUG:colcon.colcon_core.verb:Building package 'fast_lio' with the following arguments: {'ament_cmake_args': None, 'build_base': '/home/yummy/livox_ws/build/fast_lio', 'catkin_cmake_args': None, 'catkin_skip_building_tests': False, 'cmake_args': None, 'cmake_clean_cache': False, 'cmake_clean_first': False, 'cmake_force_configure': False, 'cmake_target': None, 'cmake_target_skip_unavailable': False, 'install_base': '/home/yummy/livox_ws/install/fast_lio', 'merge_install': False, 'path': '/home/yummy/livox_ws/src/FAST_LIO', 'symlink_install': True, 'test_result_base': None}
[0.168s] INFO:colcon.colcon_core.executor:Executing jobs using 'parallel' executor
[0.168s] DEBUG:colcon.colcon_parallel_executor.executor.parallel:run_until_complete
[0.168s] INFO:colcon.colcon_ros.task.ament_cmake.build:Building ROS package in '/home/yummy/livox_ws/src/livox_ros_driver2' with build type 'ament_cmake'
[0.168s] INFO:colcon.colcon_cmake.task.cmake.build:Building CMake package in '/home/yummy/livox_ws/src/livox_ros_driver2'
[0.169s] INFO:colcon.colcon_core.plugin_system:Skipping extension 'colcon_core.shell.bat': Not used on non-Windows systems
[0.169s] INFO:colcon.colcon_core.shell:Skip shell extension 'powershell' for command environment: Not usable outside of PowerShell
[0.169s] DEBUG:colcon.colcon_core.shell:Skip shell extension 'dsv' for command environment
[0.175s] DEBUG:colcon.colcon_core.event_handler.log_command:Invoking command in '/home/yummy/livox_ws/build/livox_ros_driver2': CMAKE_PREFIX_PATH=${CMAKE_PREFIX_PATH}:/opt/ros/humble /usr/bin/cmake --build /home/yummy/livox_ws/build/livox_ros_driver2 -- -j32 -l32
[5.076s] DEBUG:colcon.colcon_core.event_handler.log_command:Invoked command in '/home/yummy/livox_ws/build/livox_ros_driver2' returned '0': CMAKE_PREFIX_PATH=${CMAKE_PREFIX_PATH}:/opt/ros/humble /usr/bin/cmake --build /home/yummy/livox_ws/build/livox_ros_driver2 -- -j32 -l32
[5.084s] DEBUG:colcon.colcon_core.event_handler.log_command:Invoking command in '/home/yummy/livox_ws/build/livox_ros_driver2': CMAKE_PREFIX_PATH=${CMAKE_PREFIX_PATH}:/opt/ros/humble /usr/bin/cmake --install /home/yummy/livox_ws/build/livox_ros_driver2
[5.659s] Level 1:colcon.colcon_core.environment:create_environment_scripts_only(livox_ros_driver2)
[5.659s] DEBUG:colcon.colcon_core.event_handler.log_command:Invoked command in '/home/yummy/livox_ws/build/livox_ros_driver2' returned '0': CMAKE_PREFIX_PATH=${CMAKE_PREFIX_PATH}:/opt/ros/humble /usr/bin/cmake --install /home/yummy/livox_ws/build/livox_ros_driver2
[5.661s] Level 1:colcon.colcon_core.environment:checking '/home/yummy/livox_ws/install/livox_ros_driver2' for CMake module files
[5.661s] Level 1:colcon.colcon_core.environment:checking '/home/yummy/livox_ws/install/livox_ros_driver2' for CMake config files
[5.662s] Level 1:colcon.colcon_core.shell:create_environment_hook('livox_ros_driver2', 'cmake_prefix_path')
[5.662s] INFO:colcon.colcon_core.shell:Creating environment hook '/home/yummy/livox_ws/install/livox_ros_driver2/share/livox_ros_driver2/hook/cmake_prefix_path.ps1'
[5.662s] INFO:colcon.colcon_core.shell:Creating environment descriptor '/home/yummy/livox_ws/install/livox_ros_driver2/share/livox_ros_driver2/hook/cmake_prefix_path.dsv'
[5.662s] INFO:colcon.colcon_core.shell:Creating environment hook '/home/yummy/livox_ws/install/livox_ros_driver2/share/livox_ros_driver2/hook/cmake_prefix_path.sh'
[5.663s] Level 1:colcon.colcon_core.environment:checking '/home/yummy/livox_ws/install/livox_ros_driver2/lib'
[5.663s] Level 1:colcon.colcon_core.shell:create_environment_hook('livox_ros_driver2', 'ld_library_path_lib')
[5.663s] INFO:colcon.colcon_core.shell:Creating environment hook '/home/yummy/livox_ws/install/livox_ros_driver2/share/livox_ros_driver2/hook/ld_library_path_lib.ps1'
[5.663s] INFO:colcon.colcon_core.shell:Creating environment descriptor '/home/yummy/livox_ws/install/livox_ros_driver2/share/livox_ros_driver2/hook/ld_library_path_lib.dsv'
[5.664s] INFO:colcon.colcon_core.shell:Creating environment hook '/home/yummy/livox_ws/install/livox_ros_driver2/share/livox_ros_driver2/hook/ld_library_path_lib.sh'
[5.664s] Level 1:colcon.colcon_core.environment:checking '/home/yummy/livox_ws/install/livox_ros_driver2/bin'
[5.664s] Level 1:colcon.colcon_core.environment:checking '/home/yummy/livox_ws/install/livox_ros_driver2/lib/pkgconfig/livox_ros_driver2.pc'
[5.664s] Level 1:colcon.colcon_core.environment:checking '/home/yummy/livox_ws/install/livox_ros_driver2/lib/python3.10/site-packages'
[5.664s] Level 1:colcon.colcon_core.environment:checking '/home/yummy/livox_ws/install/livox_ros_driver2/bin'
[5.664s] INFO:colcon.colcon_core.shell:Creating package script '/home/yummy/livox_ws/install/livox_ros_driver2/share/livox_ros_driver2/package.ps1'
[5.665s] INFO:colcon.colcon_core.shell:Creating package descriptor '/home/yummy/livox_ws/install/livox_ros_driver2/share/livox_ros_driver2/package.dsv'
[5.665s] INFO:colcon.colcon_core.shell:Creating package script '/home/yummy/livox_ws/install/livox_ros_driver2/share/livox_ros_driver2/package.sh'
[5.665s] INFO:colcon.colcon_core.shell:Creating package script '/home/yummy/livox_ws/install/livox_ros_driver2/share/livox_ros_driver2/package.bash'
[5.666s] INFO:colcon.colcon_core.shell:Creating package script '/home/yummy/livox_ws/install/livox_ros_driver2/share/livox_ros_driver2/package.zsh'
[5.666s] Level 1:colcon.colcon_core.environment:create_file_with_runtime_dependencies(/home/yummy/livox_ws/install/livox_ros_driver2/share/colcon-core/packages/livox_ros_driver2)
[5.666s] Level 1:colcon.colcon_core.environment:create_environment_scripts_only(livox_ros_driver2)
[5.667s] Level 1:colcon.colcon_core.environment:checking '/home/yummy/livox_ws/install/livox_ros_driver2' for CMake module files
[5.667s] Level 1:colcon.colcon_core.environment:checking '/home/yummy/livox_ws/install/livox_ros_driver2' for CMake config files
[5.667s] Level 1:colcon.colcon_core.shell:create_environment_hook('livox_ros_driver2', 'cmake_prefix_path')
[5.668s] INFO:colcon.colcon_core.shell:Creating environment hook '/home/yummy/livox_ws/install/livox_ros_driver2/share/livox_ros_driver2/hook/cmake_prefix_path.ps1'
[5.668s] INFO:colcon.colcon_core.shell:Creating environment descriptor '/home/yummy/livox_ws/install/livox_ros_driver2/share/livox_ros_driver2/hook/cmake_prefix_path.dsv'
[5.668s] INFO:colcon.colcon_core.shell:Creating environment hook '/home/yummy/livox_ws/install/livox_ros_driver2/share/livox_ros_driver2/hook/cmake_prefix_path.sh'
[5.668s] Level 1:colcon.colcon_core.environment:checking '/home/yummy/livox_ws/install/livox_ros_driver2/lib'
[5.668s] Level 1:colcon.colcon_core.shell:create_environment_hook('livox_ros_driver2', 'ld_library_path_lib')
[5.668s] INFO:colcon.colcon_core.shell:Creating environment hook '/home/yummy/livox_ws/install/livox_ros_driver2/share/livox_ros_driver2/hook/ld_library_path_lib.ps1'
[5.668s] INFO:colcon.colcon_core.shell:Creating environment descriptor '/home/yummy/livox_ws/install/livox_ros_driver2/share/livox_ros_driver2/hook/ld_library_path_lib.dsv'
[5.669s] INFO:colcon.colcon_core.shell:Creating environment hook '/home/yummy/livox_ws/install/livox_ros_driver2/share/livox_ros_driver2/hook/ld_library_path_lib.sh'
[5.669s] Level 1:colcon.colcon_core.environment:checking '/home/yummy/livox_ws/install/livox_ros_driver2/bin'
[5.669s] Level 1:colcon.colcon_core.environment:checking '/home/yummy/livox_ws/install/livox_ros_driver2/lib/pkgconfig/livox_ros_driver2.pc'
[5.669s] Level 1:colcon.colcon_core.environment:checking '/home/yummy/livox_ws/install/livox_ros_driver2/lib/python3.10/site-packages'
[5.669s] Level 1:colcon.colcon_core.environment:checking '/home/yummy/livox_ws/install/livox_ros_driver2/bin'
[5.669s] INFO:colcon.colcon_core.shell:Creating package script '/home/yummy/livox_ws/install/livox_ros_driver2/share/livox_ros_driver2/package.ps1'
[5.670s] INFO:colcon.colcon_core.shell:Creating package descriptor '/home/yummy/livox_ws/install/livox_ros_driver2/share/livox_ros_driver2/package.dsv'
[5.670s] INFO:colcon.colcon_core.shell:Creating package script '/home/yummy/livox_ws/install/livox_ros_driver2/share/livox_ros_driver2/package.sh'
[5.670s] INFO:colcon.colcon_core.shell:Creating package script '/home/yummy/livox_ws/install/livox_ros_driver2/share/livox_ros_driver2/package.bash'
[5.670s] INFO:colcon.colcon_core.shell:Creating package script '/home/yummy/livox_ws/install/livox_ros_driver2/share/livox_ros_driver2/package.zsh'
[5.670s] Level 1:colcon.colcon_core.environment:create_file_with_runtime_dependencies(/home/yummy/livox_ws/install/livox_ros_driver2/share/colcon-core/packages/livox_ros_driver2)
[5.671s] INFO:colcon.colcon_ros.task.ament_cmake.build:Building ROS package in '/home/yummy/livox_ws/src/FAST_LIO' with build type 'ament_cmake'
[5.671s] INFO:colcon.colcon_cmake.task.cmake.build:Building CMake package in '/home/yummy/livox_ws/src/FAST_LIO'
[5.671s] INFO:colcon.colcon_core.shell:Skip shell extension 'powershell' for command environment: Not usable outside of PowerShell
[5.671s] DEBUG:colcon.colcon_core.shell:Skip shell extension 'dsv' for command environment
[5.677s] DEBUG:colcon.colcon_core.event_handler.log_command:Invoking command in '/home/yummy/livox_ws/build/fast_lio': CMAKE_PREFIX_PATH=${CMAKE_PREFIX_PATH}:/opt/ros/humble /usr/bin/cmake /home/yummy/livox_ws/src/FAST_LIO -DAMENT_CMAKE_SYMLINK_INSTALL=1 -DCMAKE_INSTALL_PREFIX=/home/yummy/livox_ws/install/fast_lio
[8.506s] DEBUG:colcon.colcon_core.event_handler.log_command:Invoked command in '/home/yummy/livox_ws/build/fast_lio' returned '0': CMAKE_PREFIX_PATH=${CMAKE_PREFIX_PATH}:/opt/ros/humble /usr/bin/cmake /home/yummy/livox_ws/src/FAST_LIO -DAMENT_CMAKE_SYMLINK_INSTALL=1 -DCMAKE_INSTALL_PREFIX=/home/yummy/livox_ws/install/fast_lio
[8.507s] DEBUG:colcon.colcon_core.event_handler.log_command:Invoking command in '/home/yummy/livox_ws/build/fast_lio': CMAKE_PREFIX_PATH=${CMAKE_PREFIX_PATH}:/opt/ros/humble /usr/bin/cmake --build /home/yummy/livox_ws/build/fast_lio -- -j32 -l32
[8.872s] DEBUG:colcon.colcon_parallel_executor.executor.parallel:run_until_complete was interrupted
[8.872s] DEBUG:colcon.colcon_parallel_executor.executor.parallel:run_until_complete again
[8.883s] DEBUG:colcon.colcon_core.event_handler.log_command:Invoked command in '/home/yummy/livox_ws/build/fast_lio' returned '-2': CMAKE_PREFIX_PATH=${CMAKE_PREFIX_PATH}:/opt/ros/humble /usr/bin/cmake --build /home/yummy/livox_ws/build/fast_lio -- -j32 -l32
[8.883s] Level 1:colcon.colcon_core.environment:create_environment_scripts_only(fast_lio)
[8.883s] Level 1:colcon.colcon_core.environment:checking '/home/yummy/livox_ws/install/fast_lio' for CMake module files
[8.883s] Level 1:colcon.colcon_core.environment:checking '/home/yummy/livox_ws/install/fast_lio' for CMake config files
[8.883s] Level 1:colcon.colcon_core.environment:checking '/home/yummy/livox_ws/install/fast_lio/bin'
[8.883s] Level 1:colcon.colcon_core.environment:checking '/home/yummy/livox_ws/install/fast_lio/lib/pkgconfig/fast_lio.pc'
[8.884s] Level 1:colcon.colcon_core.environment:checking '/home/yummy/livox_ws/install/fast_lio/lib/python3.10/site-packages'
[8.884s] Level 1:colcon.colcon_core.environment:checking '/home/yummy/livox_ws/install/fast_lio/bin'
[8.884s] INFO:colcon.colcon_core.shell:Creating package script '/home/yummy/livox_ws/install/fast_lio/share/fast_lio/package.ps1'
[8.884s] INFO:colcon.colcon_core.shell:Creating package descriptor '/home/yummy/livox_ws/install/fast_lio/share/fast_lio/package.dsv'
[8.884s] INFO:colcon.colcon_core.shell:Creating package script '/home/yummy/livox_ws/install/fast_lio/share/fast_lio/package.sh'
[8.885s] INFO:colcon.colcon_core.shell:Creating package script '/home/yummy/livox_ws/install/fast_lio/share/fast_lio/package.bash'
[8.885s] INFO:colcon.colcon_core.shell:Creating package script '/home/yummy/livox_ws/install/fast_lio/share/fast_lio/package.zsh'
[8.885s] Level 1:colcon.colcon_core.environment:create_file_with_runtime_dependencies(/home/yummy/livox_ws/install/fast_lio/share/colcon-core/packages/fast_lio)
[8.895s] DEBUG:colcon.colcon_parallel_executor.executor.parallel:run_until_complete finished
[8.895s] DEBUG:colcon.colcon_parallel_executor.executor.parallel:closing loop
[8.895s] DEBUG:colcon.colcon_parallel_executor.executor.parallel:loop closed
[8.895s] DEBUG:colcon.colcon_core.event_reactor:joining thread
[8.898s] INFO:colcon.colcon_core.plugin_system:Skipping extension 'colcon_notification.desktop_notification.terminal_notifier': Not used on non-Darwin systems
[8.898s] INFO:colcon.colcon_core.plugin_system:Skipping extension 'colcon_notification.desktop_notification.win32': Not used on non-Windows systems
[8.898s] INFO:colcon.colcon_notification.desktop_notification:Sending desktop notification using 'notify2'
[8.904s] DEBUG:colcon.colcon_core.event_reactor:joined thread
[8.905s] INFO:colcon.colcon_core.shell:Creating prefix script '/home/yummy/livox_ws/install/local_setup.ps1'
[8.905s] INFO:colcon.colcon_core.shell:Creating prefix util module '/home/yummy/livox_ws/install/_local_setup_util_ps1.py'
[8.906s] INFO:colcon.colcon_core.shell:Creating prefix chain script '/home/yummy/livox_ws/install/setup.ps1'
[8.907s] INFO:colcon.colcon_core.shell:Creating prefix script '/home/yummy/livox_ws/install/local_setup.sh'
[8.907s] INFO:colcon.colcon_core.shell:Creating prefix util module '/home/yummy/livox_ws/install/_local_setup_util_sh.py'
[8.907s] INFO:colcon.colcon_core.shell:Creating prefix chain script '/home/yummy/livox_ws/install/setup.sh'
[8.908s] INFO:colcon.colcon_core.shell:Creating prefix script '/home/yummy/livox_ws/install/local_setup.bash'
[8.908s] INFO:colcon.colcon_core.shell:Creating prefix chain script '/home/yummy/livox_ws/install/setup.bash'
[8.909s] INFO:colcon.colcon_core.shell:Creating prefix script '/home/yummy/livox_ws/install/local_setup.zsh'
[8.909s] INFO:colcon.colcon_core.shell:Creating prefix chain script '/home/yummy/livox_ws/install/setup.zsh'
