[35m[1mConsolidate compiler generated dependencies of target slam_to_vision_node[0m
[ 50%] [32mBuilding CXX object CMakeFiles/slam_to_vision_node.dir/src/slam_to_vision_node.cpp.o[0m
[100%] [32m[1mLinking CXX executable slam_to_vision_node[0m
[100%] Built target slam_to_vision_node
-- Install configuration: ""
-- Installing: /home/scurm/vision_pos_estimate_ws/install/slam_to_vision_cpp/lib/slam_to_vision_cpp/slam_to_vision_node
-- Set runtime path of "/home/scurm/vision_pos_estimate_ws/install/slam_to_vision_cpp/lib/slam_to_vision_cpp/slam_to_vision_node" to ""
-- Up-to-date: /home/scurm/vision_pos_estimate_ws/install/slam_to_vision_cpp/share/ament_index/resource_index/package_run_dependencies/slam_to_vision_cpp
-- Up-to-date: /home/scurm/vision_pos_estimate_ws/install/slam_to_vision_cpp/share/ament_index/resource_index/parent_prefix_path/slam_to_vision_cpp
-- Up-to-date: /home/scurm/vision_pos_estimate_ws/install/slam_to_vision_cpp/share/slam_to_vision_cpp/environment/ament_prefix_path.sh
-- Up-to-date: /home/scurm/vision_pos_estimate_ws/install/slam_to_vision_cpp/share/slam_to_vision_cpp/environment/ament_prefix_path.dsv
-- Up-to-date: /home/scurm/vision_pos_estimate_ws/install/slam_to_vision_cpp/share/slam_to_vision_cpp/environment/path.sh
-- Up-to-date: /home/scurm/vision_pos_estimate_ws/install/slam_to_vision_cpp/share/slam_to_vision_cpp/environment/path.dsv
-- Up-to-date: /home/scurm/vision_pos_estimate_ws/install/slam_to_vision_cpp/share/slam_to_vision_cpp/local_setup.bash
-- Up-to-date: /home/scurm/vision_pos_estimate_ws/install/slam_to_vision_cpp/share/slam_to_vision_cpp/local_setup.sh
-- Up-to-date: /home/scurm/vision_pos_estimate_ws/install/slam_to_vision_cpp/share/slam_to_vision_cpp/local_setup.zsh
-- Up-to-date: /home/scurm/vision_pos_estimate_ws/install/slam_to_vision_cpp/share/slam_to_vision_cpp/local_setup.dsv
-- Installing: /home/scurm/vision_pos_estimate_ws/install/slam_to_vision_cpp/share/slam_to_vision_cpp/package.dsv
-- Up-to-date: /home/scurm/vision_pos_estimate_ws/install/slam_to_vision_cpp/share/ament_index/resource_index/packages/slam_to_vision_cpp
-- Up-to-date: /home/scurm/vision_pos_estimate_ws/install/slam_to_vision_cpp/share/slam_to_vision_cpp/cmake/slam_to_vision_cppConfig.cmake
-- Up-to-date: /home/scurm/vision_pos_estimate_ws/install/slam_to_vision_cpp/share/slam_to_vision_cpp/cmake/slam_to_vision_cppConfig-version.cmake
-- Up-to-date: /home/scurm/vision_pos_estimate_ws/install/slam_to_vision_cpp/share/slam_to_vision_cpp/package.xml
