[0.062s] DEBUG:colcon:Command line arguments: ['/usr/bin/colcon', 'build', '--cmake-args', '-DROS_EDITION=ROS2', '-DHUMBLE_ROS=humble']
[0.062s] DEBUG:colcon:Parsed command line arguments: Namespace(log_base=None, log_level=None, verb_name='build', build_base='build', install_base='install', merge_install=False, symlink_install=False, test_result_base=None, continue_on_error=False, executor='parallel', parallel_workers=20, event_handlers=None, ignore_user_meta=False, metas=['./colcon.meta'], base_paths=['.'], packages_ignore=None, packages_ignore_regex=None, paths=None, packages_up_to=None, packages_up_to_regex=None, packages_above=None, packages_above_and_dependencies=None, packages_above_depth=None, packages_select_by_dep=None, packages_skip_by_dep=None, packages_skip_up_to=None, packages_select_build_failed=False, packages_skip_build_finished=False, packages_select_test_failures=False, packages_skip_test_passed=False, packages_select=None, packages_skip=None, packages_select_regex=None, packages_skip_regex=None, packages_start=None, packages_end=None, allow_overriding=[], cmake_args=['-DROS_EDITION=ROS2', '-DHUMBLE_ROS=humble'], cmake_target=None, cmake_target_skip_unavailable=False, cmake_clean_cache=False, cmake_clean_first=False, cmake_force_configure=False, ament_cmake_args=None, catkin_cmake_args=None, catkin_skip_building_tests=False, mixin_files=None, mixin=None, verb_parser=<colcon_mixin.mixin.mixin_argument.MixinArgumentDecorator object at 0x7f9bde5530d0>, verb_extension=<colcon_core.verb.build.BuildVerb object at 0x7f9bde552b00>, main=<bound method BuildVerb.main of <colcon_core.verb.build.BuildVerb object at 0x7f9bde552b00>>, mixin_verb=('build',))
[0.153s] Level 1:colcon.colcon_core.package_discovery:discover_packages(colcon_meta) check parameters
[0.153s] Level 1:colcon.colcon_core.package_discovery:discover_packages(recursive) check parameters
[0.153s] Level 1:colcon.colcon_core.package_discovery:discover_packages(ignore) check parameters
[0.153s] Level 1:colcon.colcon_core.package_discovery:discover_packages(path) check parameters
[0.153s] Level 1:colcon.colcon_core.package_discovery:discover_packages(colcon_meta) discover
[0.153s] Level 1:colcon.colcon_core.package_discovery:discover_packages(recursive) discover
[0.153s] INFO:colcon.colcon_core.package_discovery:Crawling recursively for packages in '/home/scurm/MyLivoxWorkSpace'
[0.153s] Level 1:colcon.colcon_core.package_identification:_identify(.) by extensions ['ignore', 'ignore_ament_install']
[0.153s] Level 1:colcon.colcon_core.package_identification:_identify(.) by extension 'ignore'
[0.153s] Level 1:colcon.colcon_core.package_identification:_identify(.) by extension 'ignore_ament_install'
[0.153s] Level 1:colcon.colcon_core.package_identification:_identify(.) by extensions ['colcon_pkg']
[0.153s] Level 1:colcon.colcon_core.package_identification:_identify(.) by extension 'colcon_pkg'
[0.153s] Level 1:colcon.colcon_core.package_identification:_identify(.) by extensions ['colcon_meta']
[0.153s] Level 1:colcon.colcon_core.package_identification:_identify(.) by extension 'colcon_meta'
[0.153s] Level 1:colcon.colcon_core.package_identification:_identify(.) by extensions ['ros']
[0.153s] Level 1:colcon.colcon_core.package_identification:_identify(.) by extension 'ros'
[0.160s] Level 1:colcon.colcon_core.package_identification:_identify(.) by extensions ['cmake', 'python']
[0.160s] Level 1:colcon.colcon_core.package_identification:_identify(.) by extension 'cmake'
[0.160s] Level 1:colcon.colcon_core.package_identification:_identify(.) by extension 'python'
[0.160s] Level 1:colcon.colcon_core.package_identification:_identify(.) by extensions ['python_setup_py']
[0.160s] Level 1:colcon.colcon_core.package_identification:_identify(.) by extension 'python_setup_py'
[0.160s] Level 1:colcon.colcon_core.package_identification:_identify(build) by extensions ['ignore', 'ignore_ament_install']
[0.160s] Level 1:colcon.colcon_core.package_identification:_identify(build) by extension 'ignore'
[0.160s] Level 1:colcon.colcon_core.package_identification:_identify(build) ignored
[0.160s] Level 1:colcon.colcon_core.package_identification:_identify(install) by extensions ['ignore', 'ignore_ament_install']
[0.160s] Level 1:colcon.colcon_core.package_identification:_identify(install) by extension 'ignore'
[0.160s] Level 1:colcon.colcon_core.package_identification:_identify(install) ignored
[0.160s] Level 1:colcon.colcon_core.package_identification:_identify(log) by extensions ['ignore', 'ignore_ament_install']
[0.160s] Level 1:colcon.colcon_core.package_identification:_identify(log) by extension 'ignore'
[0.160s] Level 1:colcon.colcon_core.package_identification:_identify(log) ignored
[0.160s] Level 1:colcon.colcon_core.package_identification:_identify(src) by extensions ['ignore', 'ignore_ament_install']
[0.160s] Level 1:colcon.colcon_core.package_identification:_identify(src) by extension 'ignore'
[0.160s] Level 1:colcon.colcon_core.package_identification:_identify(src) by extension 'ignore_ament_install'
[0.160s] Level 1:colcon.colcon_core.package_identification:_identify(src) by extensions ['colcon_pkg']
[0.160s] Level 1:colcon.colcon_core.package_identification:_identify(src) by extension 'colcon_pkg'
[0.160s] Level 1:colcon.colcon_core.package_identification:_identify(src) by extensions ['colcon_meta']
[0.160s] Level 1:colcon.colcon_core.package_identification:_identify(src) by extension 'colcon_meta'
[0.160s] Level 1:colcon.colcon_core.package_identification:_identify(src) by extensions ['ros']
[0.160s] Level 1:colcon.colcon_core.package_identification:_identify(src) by extension 'ros'
[0.160s] Level 1:colcon.colcon_core.package_identification:_identify(src) by extensions ['cmake', 'python']
[0.160s] Level 1:colcon.colcon_core.package_identification:_identify(src) by extension 'cmake'
[0.160s] Level 1:colcon.colcon_core.package_identification:_identify(src) by extension 'python'
[0.160s] Level 1:colcon.colcon_core.package_identification:_identify(src) by extensions ['python_setup_py']
[0.160s] Level 1:colcon.colcon_core.package_identification:_identify(src) by extension 'python_setup_py'
[0.161s] Level 1:colcon.colcon_core.package_identification:_identify(src/FAST_LIO_ROS2) by extensions ['ignore', 'ignore_ament_install']
[0.161s] Level 1:colcon.colcon_core.package_identification:_identify(src/FAST_LIO_ROS2) by extension 'ignore'
[0.161s] Level 1:colcon.colcon_core.package_identification:_identify(src/FAST_LIO_ROS2) by extension 'ignore_ament_install'
[0.161s] Level 1:colcon.colcon_core.package_identification:_identify(src/FAST_LIO_ROS2) by extensions ['colcon_pkg']
[0.161s] Level 1:colcon.colcon_core.package_identification:_identify(src/FAST_LIO_ROS2) by extension 'colcon_pkg'
[0.161s] Level 1:colcon.colcon_core.package_identification:_identify(src/FAST_LIO_ROS2) by extensions ['colcon_meta']
[0.161s] Level 1:colcon.colcon_core.package_identification:_identify(src/FAST_LIO_ROS2) by extension 'colcon_meta'
[0.161s] Level 1:colcon.colcon_core.package_identification:_identify(src/FAST_LIO_ROS2) by extensions ['ros']
[0.161s] Level 1:colcon.colcon_core.package_identification:_identify(src/FAST_LIO_ROS2) by extension 'ros'
[0.163s] DEBUG:colcon.colcon_core.package_identification:Package 'src/FAST_LIO_ROS2' with type 'ros.ament_cmake' and name 'fast_lio'
[0.163s] Level 1:colcon.colcon_core.package_identification:_identify(src/livox_ros_driver2) by extensions ['ignore', 'ignore_ament_install']
[0.163s] Level 1:colcon.colcon_core.package_identification:_identify(src/livox_ros_driver2) by extension 'ignore'
[0.163s] Level 1:colcon.colcon_core.package_identification:_identify(src/livox_ros_driver2) by extension 'ignore_ament_install'
[0.163s] Level 1:colcon.colcon_core.package_identification:_identify(src/livox_ros_driver2) by extensions ['colcon_pkg']
[0.163s] Level 1:colcon.colcon_core.package_identification:_identify(src/livox_ros_driver2) by extension 'colcon_pkg'
[0.163s] Level 1:colcon.colcon_core.package_identification:_identify(src/livox_ros_driver2) by extensions ['colcon_meta']
[0.163s] Level 1:colcon.colcon_core.package_identification:_identify(src/livox_ros_driver2) by extension 'colcon_meta'
[0.163s] Level 1:colcon.colcon_core.package_identification:_identify(src/livox_ros_driver2) by extensions ['ros']
[0.163s] Level 1:colcon.colcon_core.package_identification:_identify(src/livox_ros_driver2) by extension 'ros'
[0.164s] DEBUG:colcon.colcon_core.package_identification:Package 'src/livox_ros_driver2' with type 'ros.ament_cmake' and name 'livox_ros_driver2'
[0.164s] Level 1:colcon.colcon_core.package_identification:_identify(src/slam_to_vision_cpp) by extensions ['ignore', 'ignore_ament_install']
[0.164s] Level 1:colcon.colcon_core.package_identification:_identify(src/slam_to_vision_cpp) by extension 'ignore'
[0.164s] Level 1:colcon.colcon_core.package_identification:_identify(src/slam_to_vision_cpp) by extension 'ignore_ament_install'
[0.164s] Level 1:colcon.colcon_core.package_identification:_identify(src/slam_to_vision_cpp) by extensions ['colcon_pkg']
[0.164s] Level 1:colcon.colcon_core.package_identification:_identify(src/slam_to_vision_cpp) by extension 'colcon_pkg'
[0.164s] Level 1:colcon.colcon_core.package_identification:_identify(src/slam_to_vision_cpp) by extensions ['colcon_meta']
[0.164s] Level 1:colcon.colcon_core.package_identification:_identify(src/slam_to_vision_cpp) by extension 'colcon_meta'
[0.164s] Level 1:colcon.colcon_core.package_identification:_identify(src/slam_to_vision_cpp) by extensions ['ros']
[0.164s] Level 1:colcon.colcon_core.package_identification:_identify(src/slam_to_vision_cpp) by extension 'ros'
[0.164s] DEBUG:colcon.colcon_core.package_identification:Package 'src/slam_to_vision_cpp' with type 'ros.ament_cmake' and name 'slam_to_vision_cpp'
[0.164s] Level 1:colcon.colcon_core.package_discovery:discover_packages(recursive) using defaults
[0.164s] Level 1:colcon.colcon_core.package_discovery:discover_packages(ignore) discover
[0.164s] Level 1:colcon.colcon_core.package_discovery:discover_packages(ignore) using defaults
[0.164s] Level 1:colcon.colcon_core.package_discovery:discover_packages(path) discover
[0.164s] Level 1:colcon.colcon_core.package_discovery:discover_packages(path) using defaults
[0.182s] Level 1:colcon.colcon_core.package_discovery:discover_packages(prefix_path) check parameters
[0.182s] Level 1:colcon.colcon_core.package_discovery:discover_packages(prefix_path) discover
[0.183s] WARNING:colcon.colcon_ros.prefix_path.ament:The path '/home/scurm/MyLivoxWorkSpace/install/slam_to_vision_cpp' in the environment variable AMENT_PREFIX_PATH doesn't exist
[0.183s] WARNING:colcon.colcon_ros.prefix_path.ament:The path '/home/scurm/MyLivoxWorkSpace/install/livox_ros_driver2' in the environment variable AMENT_PREFIX_PATH doesn't exist
[0.183s] WARNING:colcon.colcon_ros.prefix_path.catkin:The path '/home/scurm/MyLivoxWorkSpace/install/slam_to_vision_cpp' in the environment variable CMAKE_PREFIX_PATH doesn't exist
[0.183s] WARNING:colcon.colcon_ros.prefix_path.catkin:The path '/home/scurm/MyLivoxWorkSpace/install/livox_ros_driver2' in the environment variable CMAKE_PREFIX_PATH doesn't exist
[0.183s] DEBUG:colcon.colcon_installed_package_information.package_discovery:Found 0 installed packages in /home/scurm/MyLivoxWorkSpace/install
[0.184s] DEBUG:colcon.colcon_installed_package_information.package_discovery:Found 290 installed packages in /opt/ros/humble
[0.185s] Level 1:colcon.colcon_core.package_discovery:discover_packages(prefix_path) using defaults
[0.205s] Level 5:colcon.colcon_core.verb:set package 'livox_ros_driver2' build argument 'cmake_args' from command line to '['-DROS_EDITION=ROS2', '-DHUMBLE_ROS=humble']'
[0.206s] Level 5:colcon.colcon_core.verb:set package 'livox_ros_driver2' build argument 'cmake_target' from command line to 'None'
[0.206s] Level 5:colcon.colcon_core.verb:set package 'livox_ros_driver2' build argument 'cmake_target_skip_unavailable' from command line to 'False'
[0.206s] Level 5:colcon.colcon_core.verb:set package 'livox_ros_driver2' build argument 'cmake_clean_cache' from command line to 'False'
[0.206s] Level 5:colcon.colcon_core.verb:set package 'livox_ros_driver2' build argument 'cmake_clean_first' from command line to 'False'
[0.206s] Level 5:colcon.colcon_core.verb:set package 'livox_ros_driver2' build argument 'cmake_force_configure' from command line to 'False'
[0.206s] Level 5:colcon.colcon_core.verb:set package 'livox_ros_driver2' build argument 'ament_cmake_args' from command line to 'None'
[0.206s] Level 5:colcon.colcon_core.verb:set package 'livox_ros_driver2' build argument 'catkin_cmake_args' from command line to 'None'
[0.206s] Level 5:colcon.colcon_core.verb:set package 'livox_ros_driver2' build argument 'catkin_skip_building_tests' from command line to 'False'
[0.206s] DEBUG:colcon.colcon_core.verb:Building package 'livox_ros_driver2' with the following arguments: {'ament_cmake_args': None, 'build_base': '/home/scurm/MyLivoxWorkSpace/build/livox_ros_driver2', 'catkin_cmake_args': None, 'catkin_skip_building_tests': False, 'cmake_args': ['-DROS_EDITION=ROS2', '-DHUMBLE_ROS=humble'], 'cmake_clean_cache': False, 'cmake_clean_first': False, 'cmake_force_configure': False, 'cmake_target': None, 'cmake_target_skip_unavailable': False, 'install_base': '/home/scurm/MyLivoxWorkSpace/install/livox_ros_driver2', 'merge_install': False, 'path': '/home/scurm/MyLivoxWorkSpace/src/livox_ros_driver2', 'symlink_install': False, 'test_result_base': None}
[0.206s] Level 5:colcon.colcon_core.verb:set package 'slam_to_vision_cpp' build argument 'cmake_args' from command line to '['-DROS_EDITION=ROS2', '-DHUMBLE_ROS=humble']'
[0.206s] Level 5:colcon.colcon_core.verb:set package 'slam_to_vision_cpp' build argument 'cmake_target' from command line to 'None'
[0.206s] Level 5:colcon.colcon_core.verb:set package 'slam_to_vision_cpp' build argument 'cmake_target_skip_unavailable' from command line to 'False'
[0.206s] Level 5:colcon.colcon_core.verb:set package 'slam_to_vision_cpp' build argument 'cmake_clean_cache' from command line to 'False'
[0.206s] Level 5:colcon.colcon_core.verb:set package 'slam_to_vision_cpp' build argument 'cmake_clean_first' from command line to 'False'
[0.206s] Level 5:colcon.colcon_core.verb:set package 'slam_to_vision_cpp' build argument 'cmake_force_configure' from command line to 'False'
[0.206s] Level 5:colcon.colcon_core.verb:set package 'slam_to_vision_cpp' build argument 'ament_cmake_args' from command line to 'None'
[0.206s] Level 5:colcon.colcon_core.verb:set package 'slam_to_vision_cpp' build argument 'catkin_cmake_args' from command line to 'None'
[0.206s] Level 5:colcon.colcon_core.verb:set package 'slam_to_vision_cpp' build argument 'catkin_skip_building_tests' from command line to 'False'
[0.206s] DEBUG:colcon.colcon_core.verb:Building package 'slam_to_vision_cpp' with the following arguments: {'ament_cmake_args': None, 'build_base': '/home/scurm/MyLivoxWorkSpace/build/slam_to_vision_cpp', 'catkin_cmake_args': None, 'catkin_skip_building_tests': False, 'cmake_args': ['-DROS_EDITION=ROS2', '-DHUMBLE_ROS=humble'], 'cmake_clean_cache': False, 'cmake_clean_first': False, 'cmake_force_configure': False, 'cmake_target': None, 'cmake_target_skip_unavailable': False, 'install_base': '/home/scurm/MyLivoxWorkSpace/install/slam_to_vision_cpp', 'merge_install': False, 'path': '/home/scurm/MyLivoxWorkSpace/src/slam_to_vision_cpp', 'symlink_install': False, 'test_result_base': None}
[0.206s] Level 5:colcon.colcon_core.verb:set package 'fast_lio' build argument 'cmake_args' from command line to '['-DROS_EDITION=ROS2', '-DHUMBLE_ROS=humble']'
[0.206s] Level 5:colcon.colcon_core.verb:set package 'fast_lio' build argument 'cmake_target' from command line to 'None'
[0.206s] Level 5:colcon.colcon_core.verb:set package 'fast_lio' build argument 'cmake_target_skip_unavailable' from command line to 'False'
[0.206s] Level 5:colcon.colcon_core.verb:set package 'fast_lio' build argument 'cmake_clean_cache' from command line to 'False'
[0.206s] Level 5:colcon.colcon_core.verb:set package 'fast_lio' build argument 'cmake_clean_first' from command line to 'False'
[0.206s] Level 5:colcon.colcon_core.verb:set package 'fast_lio' build argument 'cmake_force_configure' from command line to 'False'
[0.206s] Level 5:colcon.colcon_core.verb:set package 'fast_lio' build argument 'ament_cmake_args' from command line to 'None'
[0.206s] Level 5:colcon.colcon_core.verb:set package 'fast_lio' build argument 'catkin_cmake_args' from command line to 'None'
[0.206s] Level 5:colcon.colcon_core.verb:set package 'fast_lio' build argument 'catkin_skip_building_tests' from command line to 'False'
[0.206s] DEBUG:colcon.colcon_core.verb:Building package 'fast_lio' with the following arguments: {'ament_cmake_args': None, 'build_base': '/home/scurm/MyLivoxWorkSpace/build/fast_lio', 'catkin_cmake_args': None, 'catkin_skip_building_tests': False, 'cmake_args': ['-DROS_EDITION=ROS2', '-DHUMBLE_ROS=humble'], 'cmake_clean_cache': False, 'cmake_clean_first': False, 'cmake_force_configure': False, 'cmake_target': None, 'cmake_target_skip_unavailable': False, 'install_base': '/home/scurm/MyLivoxWorkSpace/install/fast_lio', 'merge_install': False, 'path': '/home/scurm/MyLivoxWorkSpace/src/FAST_LIO_ROS2', 'symlink_install': False, 'test_result_base': None}
[0.206s] INFO:colcon.colcon_core.executor:Executing jobs using 'parallel' executor
[0.207s] DEBUG:colcon.colcon_parallel_executor.executor.parallel:run_until_complete
[0.208s] INFO:colcon.colcon_ros.task.ament_cmake.build:Building ROS package in '/home/scurm/MyLivoxWorkSpace/src/livox_ros_driver2' with build type 'ament_cmake'
[0.208s] INFO:colcon.colcon_cmake.task.cmake.build:Building CMake package in '/home/scurm/MyLivoxWorkSpace/src/livox_ros_driver2'
[0.209s] INFO:colcon.colcon_core.plugin_system:Skipping extension 'colcon_core.shell.bat': Not used on non-Windows systems
[0.209s] INFO:colcon.colcon_core.shell:Skip shell extension 'powershell' for command environment: Not usable outside of PowerShell
[0.209s] DEBUG:colcon.colcon_core.shell:Skip shell extension 'dsv' for command environment
[0.211s] INFO:colcon.colcon_ros.task.ament_cmake.build:Building ROS package in '/home/scurm/MyLivoxWorkSpace/src/slam_to_vision_cpp' with build type 'ament_cmake'
[0.212s] INFO:colcon.colcon_cmake.task.cmake.build:Building CMake package in '/home/scurm/MyLivoxWorkSpace/src/slam_to_vision_cpp'
[0.212s] INFO:colcon.colcon_core.shell:Skip shell extension 'powershell' for command environment: Not usable outside of PowerShell
[0.212s] DEBUG:colcon.colcon_core.shell:Skip shell extension 'dsv' for command environment
[0.218s] DEBUG:colcon.colcon_core.event_handler.log_command:Invoking command in '/home/scurm/MyLivoxWorkSpace/build/livox_ros_driver2': CMAKE_PREFIX_PATH=${CMAKE_PREFIX_PATH}:/opt/ros/humble /usr/bin/cmake /home/scurm/MyLivoxWorkSpace/src/livox_ros_driver2 -DROS_EDITION=ROS2 -DHUMBLE_ROS=humble -DCMAKE_INSTALL_PREFIX=/home/scurm/MyLivoxWorkSpace/install/livox_ros_driver2
[0.220s] DEBUG:colcon.colcon_core.event_handler.log_command:Invoking command in '/home/scurm/MyLivoxWorkSpace/build/slam_to_vision_cpp': CMAKE_PREFIX_PATH=${CMAKE_PREFIX_PATH}:/opt/ros/humble /usr/bin/cmake /home/scurm/MyLivoxWorkSpace/src/slam_to_vision_cpp -DROS_EDITION=ROS2 -DHUMBLE_ROS=humble -DCMAKE_INSTALL_PREFIX=/home/scurm/MyLivoxWorkSpace/install/slam_to_vision_cpp
[0.987s] DEBUG:colcon.colcon_core.event_handler.log_command:Invoked command in '/home/scurm/MyLivoxWorkSpace/build/slam_to_vision_cpp' returned '0': CMAKE_PREFIX_PATH=${CMAKE_PREFIX_PATH}:/opt/ros/humble /usr/bin/cmake /home/scurm/MyLivoxWorkSpace/src/slam_to_vision_cpp -DROS_EDITION=ROS2 -DHUMBLE_ROS=humble -DCMAKE_INSTALL_PREFIX=/home/scurm/MyLivoxWorkSpace/install/slam_to_vision_cpp
[0.987s] DEBUG:colcon.colcon_core.event_handler.log_command:Invoking command in '/home/scurm/MyLivoxWorkSpace/build/slam_to_vision_cpp': CMAKE_PREFIX_PATH=${CMAKE_PREFIX_PATH}:/opt/ros/humble /usr/bin/cmake --build /home/scurm/MyLivoxWorkSpace/build/slam_to_vision_cpp -- -j20 -l20
[3.023s] DEBUG:colcon.colcon_core.event_handler.log_command:Invoked command in '/home/scurm/MyLivoxWorkSpace/build/livox_ros_driver2' returned '0': CMAKE_PREFIX_PATH=${CMAKE_PREFIX_PATH}:/opt/ros/humble /usr/bin/cmake /home/scurm/MyLivoxWorkSpace/src/livox_ros_driver2 -DROS_EDITION=ROS2 -DHUMBLE_ROS=humble -DCMAKE_INSTALL_PREFIX=/home/scurm/MyLivoxWorkSpace/install/livox_ros_driver2
[3.024s] DEBUG:colcon.colcon_core.event_handler.log_command:Invoking command in '/home/scurm/MyLivoxWorkSpace/build/livox_ros_driver2': CMAKE_PREFIX_PATH=${CMAKE_PREFIX_PATH}:/opt/ros/humble /usr/bin/cmake --build /home/scurm/MyLivoxWorkSpace/build/livox_ros_driver2 -- -j20 -l20
[7.205s] DEBUG:colcon.colcon_core.event_handler.log_command:Invoked command in '/home/scurm/MyLivoxWorkSpace/build/slam_to_vision_cpp' returned '0': CMAKE_PREFIX_PATH=${CMAKE_PREFIX_PATH}:/opt/ros/humble /usr/bin/cmake --build /home/scurm/MyLivoxWorkSpace/build/slam_to_vision_cpp -- -j20 -l20
[7.214s] DEBUG:colcon.colcon_core.event_handler.log_command:Invoking command in '/home/scurm/MyLivoxWorkSpace/build/slam_to_vision_cpp': CMAKE_PREFIX_PATH=${CMAKE_PREFIX_PATH}:/opt/ros/humble /usr/bin/cmake --install /home/scurm/MyLivoxWorkSpace/build/slam_to_vision_cpp
[7.224s] Level 1:colcon.colcon_core.environment:create_environment_scripts_only(slam_to_vision_cpp)
[7.225s] DEBUG:colcon.colcon_core.event_handler.log_command:Invoked command in '/home/scurm/MyLivoxWorkSpace/build/slam_to_vision_cpp' returned '0': CMAKE_PREFIX_PATH=${CMAKE_PREFIX_PATH}:/opt/ros/humble /usr/bin/cmake --install /home/scurm/MyLivoxWorkSpace/build/slam_to_vision_cpp
[7.227s] Level 1:colcon.colcon_core.environment:checking '/home/scurm/MyLivoxWorkSpace/install/slam_to_vision_cpp' for CMake module files
[7.228s] Level 1:colcon.colcon_core.environment:checking '/home/scurm/MyLivoxWorkSpace/install/slam_to_vision_cpp' for CMake config files
[7.228s] Level 1:colcon.colcon_core.shell:create_environment_hook('slam_to_vision_cpp', 'cmake_prefix_path')
[7.228s] INFO:colcon.colcon_core.shell:Creating environment hook '/home/scurm/MyLivoxWorkSpace/install/slam_to_vision_cpp/share/slam_to_vision_cpp/hook/cmake_prefix_path.ps1'
[7.229s] INFO:colcon.colcon_core.shell:Creating environment descriptor '/home/scurm/MyLivoxWorkSpace/install/slam_to_vision_cpp/share/slam_to_vision_cpp/hook/cmake_prefix_path.dsv'
[7.229s] INFO:colcon.colcon_core.shell:Creating environment hook '/home/scurm/MyLivoxWorkSpace/install/slam_to_vision_cpp/share/slam_to_vision_cpp/hook/cmake_prefix_path.sh'
[7.230s] Level 1:colcon.colcon_core.environment:checking '/home/scurm/MyLivoxWorkSpace/install/slam_to_vision_cpp/lib'
[7.230s] Level 1:colcon.colcon_core.environment:checking '/home/scurm/MyLivoxWorkSpace/install/slam_to_vision_cpp/bin'
[7.230s] Level 1:colcon.colcon_core.environment:checking '/home/scurm/MyLivoxWorkSpace/install/slam_to_vision_cpp/lib/pkgconfig/slam_to_vision_cpp.pc'
[7.231s] Level 1:colcon.colcon_core.environment:checking '/home/scurm/MyLivoxWorkSpace/install/slam_to_vision_cpp/lib/python3.10/site-packages'
[7.231s] Level 1:colcon.colcon_core.environment:checking '/home/scurm/MyLivoxWorkSpace/install/slam_to_vision_cpp/bin'
[7.231s] INFO:colcon.colcon_core.shell:Creating package script '/home/scurm/MyLivoxWorkSpace/install/slam_to_vision_cpp/share/slam_to_vision_cpp/package.ps1'
[7.232s] INFO:colcon.colcon_core.shell:Creating package descriptor '/home/scurm/MyLivoxWorkSpace/install/slam_to_vision_cpp/share/slam_to_vision_cpp/package.dsv'
[7.232s] INFO:colcon.colcon_core.shell:Creating package script '/home/scurm/MyLivoxWorkSpace/install/slam_to_vision_cpp/share/slam_to_vision_cpp/package.sh'
[7.232s] INFO:colcon.colcon_core.shell:Creating package script '/home/scurm/MyLivoxWorkSpace/install/slam_to_vision_cpp/share/slam_to_vision_cpp/package.bash'
[7.233s] INFO:colcon.colcon_core.shell:Creating package script '/home/scurm/MyLivoxWorkSpace/install/slam_to_vision_cpp/share/slam_to_vision_cpp/package.zsh'
[7.233s] Level 1:colcon.colcon_core.environment:create_file_with_runtime_dependencies(/home/scurm/MyLivoxWorkSpace/install/slam_to_vision_cpp/share/colcon-core/packages/slam_to_vision_cpp)
[7.234s] Level 1:colcon.colcon_core.environment:create_environment_scripts_only(slam_to_vision_cpp)
[7.234s] Level 1:colcon.colcon_core.environment:checking '/home/scurm/MyLivoxWorkSpace/install/slam_to_vision_cpp' for CMake module files
[7.234s] Level 1:colcon.colcon_core.environment:checking '/home/scurm/MyLivoxWorkSpace/install/slam_to_vision_cpp' for CMake config files
[7.234s] Level 1:colcon.colcon_core.shell:create_environment_hook('slam_to_vision_cpp', 'cmake_prefix_path')
[7.234s] INFO:colcon.colcon_core.shell:Creating environment hook '/home/scurm/MyLivoxWorkSpace/install/slam_to_vision_cpp/share/slam_to_vision_cpp/hook/cmake_prefix_path.ps1'
[7.235s] INFO:colcon.colcon_core.shell:Creating environment descriptor '/home/scurm/MyLivoxWorkSpace/install/slam_to_vision_cpp/share/slam_to_vision_cpp/hook/cmake_prefix_path.dsv'
[7.235s] INFO:colcon.colcon_core.shell:Creating environment hook '/home/scurm/MyLivoxWorkSpace/install/slam_to_vision_cpp/share/slam_to_vision_cpp/hook/cmake_prefix_path.sh'
[7.235s] Level 1:colcon.colcon_core.environment:checking '/home/scurm/MyLivoxWorkSpace/install/slam_to_vision_cpp/lib'
[7.235s] Level 1:colcon.colcon_core.environment:checking '/home/scurm/MyLivoxWorkSpace/install/slam_to_vision_cpp/bin'
[7.235s] Level 1:colcon.colcon_core.environment:checking '/home/scurm/MyLivoxWorkSpace/install/slam_to_vision_cpp/lib/pkgconfig/slam_to_vision_cpp.pc'
[7.235s] Level 1:colcon.colcon_core.environment:checking '/home/scurm/MyLivoxWorkSpace/install/slam_to_vision_cpp/lib/python3.10/site-packages'
[7.236s] Level 1:colcon.colcon_core.environment:checking '/home/scurm/MyLivoxWorkSpace/install/slam_to_vision_cpp/bin'
[7.236s] INFO:colcon.colcon_core.shell:Creating package script '/home/scurm/MyLivoxWorkSpace/install/slam_to_vision_cpp/share/slam_to_vision_cpp/package.ps1'
[7.236s] INFO:colcon.colcon_core.shell:Creating package descriptor '/home/scurm/MyLivoxWorkSpace/install/slam_to_vision_cpp/share/slam_to_vision_cpp/package.dsv'
[7.236s] INFO:colcon.colcon_core.shell:Creating package script '/home/scurm/MyLivoxWorkSpace/install/slam_to_vision_cpp/share/slam_to_vision_cpp/package.sh'
[7.236s] INFO:colcon.colcon_core.shell:Creating package script '/home/scurm/MyLivoxWorkSpace/install/slam_to_vision_cpp/share/slam_to_vision_cpp/package.bash'
[7.237s] INFO:colcon.colcon_core.shell:Creating package script '/home/scurm/MyLivoxWorkSpace/install/slam_to_vision_cpp/share/slam_to_vision_cpp/package.zsh'
[7.237s] Level 1:colcon.colcon_core.environment:create_file_with_runtime_dependencies(/home/scurm/MyLivoxWorkSpace/install/slam_to_vision_cpp/share/colcon-core/packages/slam_to_vision_cpp)
[10.230s] DEBUG:colcon.colcon_core.event_handler.log_command:Invoked command in '/home/scurm/MyLivoxWorkSpace/build/livox_ros_driver2' returned '0': CMAKE_PREFIX_PATH=${CMAKE_PREFIX_PATH}:/opt/ros/humble /usr/bin/cmake --build /home/scurm/MyLivoxWorkSpace/build/livox_ros_driver2 -- -j20 -l20
[10.231s] DEBUG:colcon.colcon_core.event_handler.log_command:Invoking command in '/home/scurm/MyLivoxWorkSpace/build/livox_ros_driver2': CMAKE_PREFIX_PATH=${CMAKE_PREFIX_PATH}:/opt/ros/humble /usr/bin/cmake --install /home/scurm/MyLivoxWorkSpace/build/livox_ros_driver2
[10.274s] Level 1:colcon.colcon_core.environment:create_environment_scripts_only(livox_ros_driver2)
[10.275s] Level 1:colcon.colcon_core.environment:checking '/home/scurm/MyLivoxWorkSpace/install/livox_ros_driver2' for CMake module files
[10.275s] DEBUG:colcon.colcon_core.event_handler.log_command:Invoked command in '/home/scurm/MyLivoxWorkSpace/build/livox_ros_driver2' returned '0': CMAKE_PREFIX_PATH=${CMAKE_PREFIX_PATH}:/opt/ros/humble /usr/bin/cmake --install /home/scurm/MyLivoxWorkSpace/build/livox_ros_driver2
[10.275s] Level 1:colcon.colcon_core.environment:checking '/home/scurm/MyLivoxWorkSpace/install/livox_ros_driver2' for CMake config files
[10.275s] Level 1:colcon.colcon_core.shell:create_environment_hook('livox_ros_driver2', 'cmake_prefix_path')
[10.275s] INFO:colcon.colcon_core.shell:Creating environment hook '/home/scurm/MyLivoxWorkSpace/install/livox_ros_driver2/share/livox_ros_driver2/hook/cmake_prefix_path.ps1'
[10.276s] INFO:colcon.colcon_core.shell:Creating environment descriptor '/home/scurm/MyLivoxWorkSpace/install/livox_ros_driver2/share/livox_ros_driver2/hook/cmake_prefix_path.dsv'
[10.276s] INFO:colcon.colcon_core.shell:Creating environment hook '/home/scurm/MyLivoxWorkSpace/install/livox_ros_driver2/share/livox_ros_driver2/hook/cmake_prefix_path.sh'
[10.276s] Level 1:colcon.colcon_core.environment:checking '/home/scurm/MyLivoxWorkSpace/install/livox_ros_driver2/lib'
[10.276s] Level 1:colcon.colcon_core.shell:create_environment_hook('livox_ros_driver2', 'ld_library_path_lib')
[10.276s] INFO:colcon.colcon_core.shell:Creating environment hook '/home/scurm/MyLivoxWorkSpace/install/livox_ros_driver2/share/livox_ros_driver2/hook/ld_library_path_lib.ps1'
[10.276s] INFO:colcon.colcon_core.shell:Creating environment descriptor '/home/scurm/MyLivoxWorkSpace/install/livox_ros_driver2/share/livox_ros_driver2/hook/ld_library_path_lib.dsv'
[10.277s] INFO:colcon.colcon_core.shell:Creating environment hook '/home/scurm/MyLivoxWorkSpace/install/livox_ros_driver2/share/livox_ros_driver2/hook/ld_library_path_lib.sh'
[10.277s] Level 1:colcon.colcon_core.environment:checking '/home/scurm/MyLivoxWorkSpace/install/livox_ros_driver2/bin'
[10.277s] Level 1:colcon.colcon_core.environment:checking '/home/scurm/MyLivoxWorkSpace/install/livox_ros_driver2/lib/pkgconfig/livox_ros_driver2.pc'
[10.277s] Level 1:colcon.colcon_core.environment:checking '/home/scurm/MyLivoxWorkSpace/install/livox_ros_driver2/lib/python3.10/site-packages'
[10.277s] Level 1:colcon.colcon_core.environment:checking '/home/scurm/MyLivoxWorkSpace/install/livox_ros_driver2/bin'
[10.277s] INFO:colcon.colcon_core.shell:Creating package script '/home/scurm/MyLivoxWorkSpace/install/livox_ros_driver2/share/livox_ros_driver2/package.ps1'
[10.278s] INFO:colcon.colcon_core.shell:Creating package descriptor '/home/scurm/MyLivoxWorkSpace/install/livox_ros_driver2/share/livox_ros_driver2/package.dsv'
[10.278s] INFO:colcon.colcon_core.shell:Creating package script '/home/scurm/MyLivoxWorkSpace/install/livox_ros_driver2/share/livox_ros_driver2/package.sh'
[10.278s] INFO:colcon.colcon_core.shell:Creating package script '/home/scurm/MyLivoxWorkSpace/install/livox_ros_driver2/share/livox_ros_driver2/package.bash'
[10.278s] INFO:colcon.colcon_core.shell:Creating package script '/home/scurm/MyLivoxWorkSpace/install/livox_ros_driver2/share/livox_ros_driver2/package.zsh'
[10.279s] Level 1:colcon.colcon_core.environment:create_file_with_runtime_dependencies(/home/scurm/MyLivoxWorkSpace/install/livox_ros_driver2/share/colcon-core/packages/livox_ros_driver2)
[10.279s] Level 1:colcon.colcon_core.environment:create_environment_scripts_only(livox_ros_driver2)
[10.279s] Level 1:colcon.colcon_core.environment:checking '/home/scurm/MyLivoxWorkSpace/install/livox_ros_driver2' for CMake module files
[10.280s] Level 1:colcon.colcon_core.environment:checking '/home/scurm/MyLivoxWorkSpace/install/livox_ros_driver2' for CMake config files
[10.280s] Level 1:colcon.colcon_core.shell:create_environment_hook('livox_ros_driver2', 'cmake_prefix_path')
[10.280s] INFO:colcon.colcon_core.shell:Creating environment hook '/home/scurm/MyLivoxWorkSpace/install/livox_ros_driver2/share/livox_ros_driver2/hook/cmake_prefix_path.ps1'
[10.280s] INFO:colcon.colcon_core.shell:Creating environment descriptor '/home/scurm/MyLivoxWorkSpace/install/livox_ros_driver2/share/livox_ros_driver2/hook/cmake_prefix_path.dsv'
[10.280s] INFO:colcon.colcon_core.shell:Creating environment hook '/home/scurm/MyLivoxWorkSpace/install/livox_ros_driver2/share/livox_ros_driver2/hook/cmake_prefix_path.sh'
[10.281s] Level 1:colcon.colcon_core.environment:checking '/home/scurm/MyLivoxWorkSpace/install/livox_ros_driver2/lib'
[10.281s] Level 1:colcon.colcon_core.shell:create_environment_hook('livox_ros_driver2', 'ld_library_path_lib')
[10.281s] INFO:colcon.colcon_core.shell:Creating environment hook '/home/scurm/MyLivoxWorkSpace/install/livox_ros_driver2/share/livox_ros_driver2/hook/ld_library_path_lib.ps1'
[10.281s] INFO:colcon.colcon_core.shell:Creating environment descriptor '/home/scurm/MyLivoxWorkSpace/install/livox_ros_driver2/share/livox_ros_driver2/hook/ld_library_path_lib.dsv'
[10.281s] INFO:colcon.colcon_core.shell:Creating environment hook '/home/scurm/MyLivoxWorkSpace/install/livox_ros_driver2/share/livox_ros_driver2/hook/ld_library_path_lib.sh'
[10.281s] Level 1:colcon.colcon_core.environment:checking '/home/scurm/MyLivoxWorkSpace/install/livox_ros_driver2/bin'
[10.281s] Level 1:colcon.colcon_core.environment:checking '/home/scurm/MyLivoxWorkSpace/install/livox_ros_driver2/lib/pkgconfig/livox_ros_driver2.pc'
[10.281s] Level 1:colcon.colcon_core.environment:checking '/home/scurm/MyLivoxWorkSpace/install/livox_ros_driver2/lib/python3.10/site-packages'
[10.282s] Level 1:colcon.colcon_core.environment:checking '/home/scurm/MyLivoxWorkSpace/install/livox_ros_driver2/bin'
[10.282s] INFO:colcon.colcon_core.shell:Creating package script '/home/scurm/MyLivoxWorkSpace/install/livox_ros_driver2/share/livox_ros_driver2/package.ps1'
[10.282s] INFO:colcon.colcon_core.shell:Creating package descriptor '/home/scurm/MyLivoxWorkSpace/install/livox_ros_driver2/share/livox_ros_driver2/package.dsv'
[10.282s] INFO:colcon.colcon_core.shell:Creating package script '/home/scurm/MyLivoxWorkSpace/install/livox_ros_driver2/share/livox_ros_driver2/package.sh'
[10.282s] INFO:colcon.colcon_core.shell:Creating package script '/home/scurm/MyLivoxWorkSpace/install/livox_ros_driver2/share/livox_ros_driver2/package.bash'
[10.283s] INFO:colcon.colcon_core.shell:Creating package script '/home/scurm/MyLivoxWorkSpace/install/livox_ros_driver2/share/livox_ros_driver2/package.zsh'
[10.283s] Level 1:colcon.colcon_core.environment:create_file_with_runtime_dependencies(/home/scurm/MyLivoxWorkSpace/install/livox_ros_driver2/share/colcon-core/packages/livox_ros_driver2)
[10.283s] INFO:colcon.colcon_ros.task.ament_cmake.build:Building ROS package in '/home/scurm/MyLivoxWorkSpace/src/FAST_LIO_ROS2' with build type 'ament_cmake'
[10.283s] INFO:colcon.colcon_cmake.task.cmake.build:Building CMake package in '/home/scurm/MyLivoxWorkSpace/src/FAST_LIO_ROS2'
[10.283s] INFO:colcon.colcon_core.shell:Skip shell extension 'powershell' for command environment: Not usable outside of PowerShell
[10.283s] DEBUG:colcon.colcon_core.shell:Skip shell extension 'dsv' for command environment
[10.290s] DEBUG:colcon.colcon_core.event_handler.log_command:Invoking command in '/home/scurm/MyLivoxWorkSpace/build/fast_lio': CMAKE_PREFIX_PATH=/home/scurm/MyLivoxWorkSpace/install/livox_ros_driver2:/home/scurm/MyLivoxWorkSpace/install/slam_to_vision_cpp:/opt/ros/humble LD_LIBRARY_PATH=/home/scurm/MyLivoxWorkSpace/install/livox_ros_driver2/lib:/opt/MVS/lib/64:/opt/MVS/lib/32:/opt/MVS/lib/64:/opt/MVS/lib/32:/opt/MVS/lib/64:/opt/MVS/lib/32:/usr/lib/x86_64-linux-gnu/gazebo-11/plugins:/opt/ros/humble/opt/rviz_ogre_vendor/lib:/opt/ros/humble/lib/x86_64-linux-gnu:/opt/ros/humble/lib:/opt/MVS/lib/64:/opt/MVS/lib/32:/opt/MVS/lib/64:/opt/MVS/lib/32:/opt/MVS/lib/64:/opt/MVS/lib/32 /usr/bin/cmake /home/scurm/MyLivoxWorkSpace/src/FAST_LIO_ROS2 -DROS_EDITION=ROS2 -DHUMBLE_ROS=humble -DCMAKE_INSTALL_PREFIX=/home/scurm/MyLivoxWorkSpace/install/fast_lio
[13.195s] DEBUG:colcon.colcon_core.event_handler.log_command:Invoked command in '/home/scurm/MyLivoxWorkSpace/build/fast_lio' returned '0': CMAKE_PREFIX_PATH=/home/scurm/MyLivoxWorkSpace/install/livox_ros_driver2:/home/scurm/MyLivoxWorkSpace/install/slam_to_vision_cpp:/opt/ros/humble LD_LIBRARY_PATH=/home/scurm/MyLivoxWorkSpace/install/livox_ros_driver2/lib:/opt/MVS/lib/64:/opt/MVS/lib/32:/opt/MVS/lib/64:/opt/MVS/lib/32:/opt/MVS/lib/64:/opt/MVS/lib/32:/usr/lib/x86_64-linux-gnu/gazebo-11/plugins:/opt/ros/humble/opt/rviz_ogre_vendor/lib:/opt/ros/humble/lib/x86_64-linux-gnu:/opt/ros/humble/lib:/opt/MVS/lib/64:/opt/MVS/lib/32:/opt/MVS/lib/64:/opt/MVS/lib/32:/opt/MVS/lib/64:/opt/MVS/lib/32 /usr/bin/cmake /home/scurm/MyLivoxWorkSpace/src/FAST_LIO_ROS2 -DROS_EDITION=ROS2 -DHUMBLE_ROS=humble -DCMAKE_INSTALL_PREFIX=/home/scurm/MyLivoxWorkSpace/install/fast_lio
[13.196s] DEBUG:colcon.colcon_core.event_handler.log_command:Invoking command in '/home/scurm/MyLivoxWorkSpace/build/fast_lio': CMAKE_PREFIX_PATH=/home/scurm/MyLivoxWorkSpace/install/livox_ros_driver2:/home/scurm/MyLivoxWorkSpace/install/slam_to_vision_cpp:/opt/ros/humble LD_LIBRARY_PATH=/home/scurm/MyLivoxWorkSpace/install/livox_ros_driver2/lib:/opt/MVS/lib/64:/opt/MVS/lib/32:/opt/MVS/lib/64:/opt/MVS/lib/32:/opt/MVS/lib/64:/opt/MVS/lib/32:/usr/lib/x86_64-linux-gnu/gazebo-11/plugins:/opt/ros/humble/opt/rviz_ogre_vendor/lib:/opt/ros/humble/lib/x86_64-linux-gnu:/opt/ros/humble/lib:/opt/MVS/lib/64:/opt/MVS/lib/32:/opt/MVS/lib/64:/opt/MVS/lib/32:/opt/MVS/lib/64:/opt/MVS/lib/32 /usr/bin/cmake --build /home/scurm/MyLivoxWorkSpace/build/fast_lio -- -j20 -l20
[54.552s] DEBUG:colcon.colcon_core.event_handler.log_command:Invoked command in '/home/scurm/MyLivoxWorkSpace/build/fast_lio' returned '0': CMAKE_PREFIX_PATH=/home/scurm/MyLivoxWorkSpace/install/livox_ros_driver2:/home/scurm/MyLivoxWorkSpace/install/slam_to_vision_cpp:/opt/ros/humble LD_LIBRARY_PATH=/home/scurm/MyLivoxWorkSpace/install/livox_ros_driver2/lib:/opt/MVS/lib/64:/opt/MVS/lib/32:/opt/MVS/lib/64:/opt/MVS/lib/32:/opt/MVS/lib/64:/opt/MVS/lib/32:/usr/lib/x86_64-linux-gnu/gazebo-11/plugins:/opt/ros/humble/opt/rviz_ogre_vendor/lib:/opt/ros/humble/lib/x86_64-linux-gnu:/opt/ros/humble/lib:/opt/MVS/lib/64:/opt/MVS/lib/32:/opt/MVS/lib/64:/opt/MVS/lib/32:/opt/MVS/lib/64:/opt/MVS/lib/32 /usr/bin/cmake --build /home/scurm/MyLivoxWorkSpace/build/fast_lio -- -j20 -l20
[54.553s] DEBUG:colcon.colcon_core.event_handler.log_command:Invoking command in '/home/scurm/MyLivoxWorkSpace/build/fast_lio': CMAKE_PREFIX_PATH=/home/scurm/MyLivoxWorkSpace/install/livox_ros_driver2:/home/scurm/MyLivoxWorkSpace/install/slam_to_vision_cpp:/opt/ros/humble LD_LIBRARY_PATH=/home/scurm/MyLivoxWorkSpace/install/livox_ros_driver2/lib:/opt/MVS/lib/64:/opt/MVS/lib/32:/opt/MVS/lib/64:/opt/MVS/lib/32:/opt/MVS/lib/64:/opt/MVS/lib/32:/usr/lib/x86_64-linux-gnu/gazebo-11/plugins:/opt/ros/humble/opt/rviz_ogre_vendor/lib:/opt/ros/humble/lib/x86_64-linux-gnu:/opt/ros/humble/lib:/opt/MVS/lib/64:/opt/MVS/lib/32:/opt/MVS/lib/64:/opt/MVS/lib/32:/opt/MVS/lib/64:/opt/MVS/lib/32 /usr/bin/cmake --install /home/scurm/MyLivoxWorkSpace/build/fast_lio
[54.595s] Level 1:colcon.colcon_core.environment:create_environment_scripts_only(fast_lio)
[54.595s] DEBUG:colcon.colcon_core.event_handler.log_command:Invoked command in '/home/scurm/MyLivoxWorkSpace/build/fast_lio' returned '0': CMAKE_PREFIX_PATH=/home/scurm/MyLivoxWorkSpace/install/livox_ros_driver2:/home/scurm/MyLivoxWorkSpace/install/slam_to_vision_cpp:/opt/ros/humble LD_LIBRARY_PATH=/home/scurm/MyLivoxWorkSpace/install/livox_ros_driver2/lib:/opt/MVS/lib/64:/opt/MVS/lib/32:/opt/MVS/lib/64:/opt/MVS/lib/32:/opt/MVS/lib/64:/opt/MVS/lib/32:/usr/lib/x86_64-linux-gnu/gazebo-11/plugins:/opt/ros/humble/opt/rviz_ogre_vendor/lib:/opt/ros/humble/lib/x86_64-linux-gnu:/opt/ros/humble/lib:/opt/MVS/lib/64:/opt/MVS/lib/32:/opt/MVS/lib/64:/opt/MVS/lib/32:/opt/MVS/lib/64:/opt/MVS/lib/32 /usr/bin/cmake --install /home/scurm/MyLivoxWorkSpace/build/fast_lio
[54.595s] Level 1:colcon.colcon_core.environment:checking '/home/scurm/MyLivoxWorkSpace/install/fast_lio' for CMake module files
[54.595s] Level 1:colcon.colcon_core.environment:checking '/home/scurm/MyLivoxWorkSpace/install/fast_lio' for CMake config files
[54.596s] Level 1:colcon.colcon_core.shell:create_environment_hook('fast_lio', 'cmake_prefix_path')
[54.596s] INFO:colcon.colcon_core.shell:Creating environment hook '/home/scurm/MyLivoxWorkSpace/install/fast_lio/share/fast_lio/hook/cmake_prefix_path.ps1'
[54.596s] INFO:colcon.colcon_core.shell:Creating environment descriptor '/home/scurm/MyLivoxWorkSpace/install/fast_lio/share/fast_lio/hook/cmake_prefix_path.dsv'
[54.597s] INFO:colcon.colcon_core.shell:Creating environment hook '/home/scurm/MyLivoxWorkSpace/install/fast_lio/share/fast_lio/hook/cmake_prefix_path.sh'
[54.597s] Level 1:colcon.colcon_core.environment:checking '/home/scurm/MyLivoxWorkSpace/install/fast_lio/lib'
[54.597s] Level 1:colcon.colcon_core.shell:create_environment_hook('fast_lio', 'ld_library_path_lib')
[54.597s] INFO:colcon.colcon_core.shell:Creating environment hook '/home/scurm/MyLivoxWorkSpace/install/fast_lio/share/fast_lio/hook/ld_library_path_lib.ps1'
[54.597s] INFO:colcon.colcon_core.shell:Creating environment descriptor '/home/scurm/MyLivoxWorkSpace/install/fast_lio/share/fast_lio/hook/ld_library_path_lib.dsv'
[54.598s] INFO:colcon.colcon_core.shell:Creating environment hook '/home/scurm/MyLivoxWorkSpace/install/fast_lio/share/fast_lio/hook/ld_library_path_lib.sh'
[54.598s] Level 1:colcon.colcon_core.environment:checking '/home/scurm/MyLivoxWorkSpace/install/fast_lio/bin'
[54.598s] Level 1:colcon.colcon_core.environment:checking '/home/scurm/MyLivoxWorkSpace/install/fast_lio/lib/pkgconfig/fast_lio.pc'
[54.598s] Level 1:colcon.colcon_core.environment:checking '/home/scurm/MyLivoxWorkSpace/install/fast_lio/lib/python3.10/site-packages'
[54.598s] Level 1:colcon.colcon_core.environment:checking '/home/scurm/MyLivoxWorkSpace/install/fast_lio/bin'
[54.599s] INFO:colcon.colcon_core.shell:Creating package script '/home/scurm/MyLivoxWorkSpace/install/fast_lio/share/fast_lio/package.ps1'
[54.599s] INFO:colcon.colcon_core.shell:Creating package descriptor '/home/scurm/MyLivoxWorkSpace/install/fast_lio/share/fast_lio/package.dsv'
[54.600s] INFO:colcon.colcon_core.shell:Creating package script '/home/scurm/MyLivoxWorkSpace/install/fast_lio/share/fast_lio/package.sh'
[54.600s] INFO:colcon.colcon_core.shell:Creating package script '/home/scurm/MyLivoxWorkSpace/install/fast_lio/share/fast_lio/package.bash'
[54.600s] INFO:colcon.colcon_core.shell:Creating package script '/home/scurm/MyLivoxWorkSpace/install/fast_lio/share/fast_lio/package.zsh'
[54.600s] Level 1:colcon.colcon_core.environment:create_file_with_runtime_dependencies(/home/scurm/MyLivoxWorkSpace/install/fast_lio/share/colcon-core/packages/fast_lio)
[54.601s] Level 1:colcon.colcon_core.environment:create_environment_scripts_only(fast_lio)
[54.601s] Level 1:colcon.colcon_core.environment:checking '/home/scurm/MyLivoxWorkSpace/install/fast_lio' for CMake module files
[54.602s] Level 1:colcon.colcon_core.environment:checking '/home/scurm/MyLivoxWorkSpace/install/fast_lio' for CMake config files
[54.602s] Level 1:colcon.colcon_core.shell:create_environment_hook('fast_lio', 'cmake_prefix_path')
[54.602s] INFO:colcon.colcon_core.shell:Creating environment hook '/home/scurm/MyLivoxWorkSpace/install/fast_lio/share/fast_lio/hook/cmake_prefix_path.ps1'
[54.602s] INFO:colcon.colcon_core.shell:Creating environment descriptor '/home/scurm/MyLivoxWorkSpace/install/fast_lio/share/fast_lio/hook/cmake_prefix_path.dsv'
[54.602s] INFO:colcon.colcon_core.shell:Creating environment hook '/home/scurm/MyLivoxWorkSpace/install/fast_lio/share/fast_lio/hook/cmake_prefix_path.sh'
[54.603s] Level 1:colcon.colcon_core.environment:checking '/home/scurm/MyLivoxWorkSpace/install/fast_lio/lib'
[54.603s] Level 1:colcon.colcon_core.shell:create_environment_hook('fast_lio', 'ld_library_path_lib')
[54.603s] INFO:colcon.colcon_core.shell:Creating environment hook '/home/scurm/MyLivoxWorkSpace/install/fast_lio/share/fast_lio/hook/ld_library_path_lib.ps1'
[54.603s] INFO:colcon.colcon_core.shell:Creating environment descriptor '/home/scurm/MyLivoxWorkSpace/install/fast_lio/share/fast_lio/hook/ld_library_path_lib.dsv'
[54.603s] INFO:colcon.colcon_core.shell:Creating environment hook '/home/scurm/MyLivoxWorkSpace/install/fast_lio/share/fast_lio/hook/ld_library_path_lib.sh'
[54.603s] Level 1:colcon.colcon_core.environment:checking '/home/scurm/MyLivoxWorkSpace/install/fast_lio/bin'
[54.603s] Level 1:colcon.colcon_core.environment:checking '/home/scurm/MyLivoxWorkSpace/install/fast_lio/lib/pkgconfig/fast_lio.pc'
[54.603s] Level 1:colcon.colcon_core.environment:checking '/home/scurm/MyLivoxWorkSpace/install/fast_lio/lib/python3.10/site-packages'
[54.604s] Level 1:colcon.colcon_core.environment:checking '/home/scurm/MyLivoxWorkSpace/install/fast_lio/bin'
[54.604s] INFO:colcon.colcon_core.shell:Creating package script '/home/scurm/MyLivoxWorkSpace/install/fast_lio/share/fast_lio/package.ps1'
[54.604s] INFO:colcon.colcon_core.shell:Creating package descriptor '/home/scurm/MyLivoxWorkSpace/install/fast_lio/share/fast_lio/package.dsv'
[54.604s] INFO:colcon.colcon_core.shell:Creating package script '/home/scurm/MyLivoxWorkSpace/install/fast_lio/share/fast_lio/package.sh'
[54.605s] INFO:colcon.colcon_core.shell:Creating package script '/home/scurm/MyLivoxWorkSpace/install/fast_lio/share/fast_lio/package.bash'
[54.605s] INFO:colcon.colcon_core.shell:Creating package script '/home/scurm/MyLivoxWorkSpace/install/fast_lio/share/fast_lio/package.zsh'
[54.605s] Level 1:colcon.colcon_core.environment:create_file_with_runtime_dependencies(/home/scurm/MyLivoxWorkSpace/install/fast_lio/share/colcon-core/packages/fast_lio)
[54.605s] DEBUG:colcon.colcon_parallel_executor.executor.parallel:closing loop
[54.605s] DEBUG:colcon.colcon_parallel_executor.executor.parallel:loop closed
[54.605s] DEBUG:colcon.colcon_parallel_executor.executor.parallel:run_until_complete finished with '0'
[54.605s] DEBUG:colcon.colcon_core.event_reactor:joining thread
[54.608s] INFO:colcon.colcon_core.plugin_system:Skipping extension 'colcon_notification.desktop_notification.terminal_notifier': Not used on non-Darwin systems
[54.608s] INFO:colcon.colcon_core.plugin_system:Skipping extension 'colcon_notification.desktop_notification.win32': Not used on non-Windows systems
[54.608s] INFO:colcon.colcon_notification.desktop_notification:Sending desktop notification using 'notify2'
[54.616s] DEBUG:colcon.colcon_core.event_reactor:joined thread
[54.616s] INFO:colcon.colcon_core.shell:Creating prefix script '/home/scurm/MyLivoxWorkSpace/install/local_setup.ps1'
[54.617s] INFO:colcon.colcon_core.shell:Creating prefix util module '/home/scurm/MyLivoxWorkSpace/install/_local_setup_util_ps1.py'
[54.618s] INFO:colcon.colcon_core.shell:Creating prefix chain script '/home/scurm/MyLivoxWorkSpace/install/setup.ps1'
[54.618s] INFO:colcon.colcon_core.shell:Creating prefix script '/home/scurm/MyLivoxWorkSpace/install/local_setup.sh'
[54.619s] INFO:colcon.colcon_core.shell:Creating prefix util module '/home/scurm/MyLivoxWorkSpace/install/_local_setup_util_sh.py'
[54.619s] INFO:colcon.colcon_core.shell:Creating prefix chain script '/home/scurm/MyLivoxWorkSpace/install/setup.sh'
[54.620s] INFO:colcon.colcon_core.shell:Creating prefix script '/home/scurm/MyLivoxWorkSpace/install/local_setup.bash'
[54.620s] INFO:colcon.colcon_core.shell:Creating prefix chain script '/home/scurm/MyLivoxWorkSpace/install/setup.bash'
[54.621s] INFO:colcon.colcon_core.shell:Creating prefix script '/home/scurm/MyLivoxWorkSpace/install/local_setup.zsh'
[54.621s] INFO:colcon.colcon_core.shell:Creating prefix chain script '/home/scurm/MyLivoxWorkSpace/install/setup.zsh'
