[0.012s] Invoking command in '/home/scurm/MyLivoxWorkSpace/build/slam_to_vision_cpp': CMAKE_PREFIX_PATH=/opt/ros/humble /usr/bin/cmake --build /home/scurm/MyLivoxWorkSpace/build/slam_to_vision_cpp -- -j20 -l20
[0.064s] [35m[1mConsolidate compiler generated dependencies of target slam_to_vision_node[0m
[0.088s] [ 50%] [32mBuilding CXX object CMakeFiles/slam_to_vision_node.dir/src/slam_to_vision_node.cpp.o[0m
[5.686s] [100%] [32m[1mLinking CXX executable slam_to_vision_node[0m
[5.953s] [100%] Built target slam_to_vision_node
[5.964s] Invoked command in '/home/scurm/MyLivoxWorkSpace/build/slam_to_vision_cpp' returned '0': CMAKE_PREFIX_PATH=/opt/ros/humble /usr/bin/cmake --build /home/scurm/MyLivoxWorkSpace/build/slam_to_vision_cpp -- -j20 -l20
[5.971s] Invoking command in '/home/scurm/MyLivoxWorkSpace/build/slam_to_vision_cpp': CMAKE_PREFIX_PATH=/opt/ros/humble /usr/bin/cmake --install /home/scurm/MyLivoxWorkSpace/build/slam_to_vision_cpp
[5.978s] -- Install configuration: ""
[5.979s] -- Execute custom install script
[5.979s] -- Up-to-date symlink: /home/scurm/MyLivoxWorkSpace/install/slam_to_vision_cpp/lib/slam_to_vision_cpp/slam_to_vision_node
[5.979s] -- Up-to-date symlink: /home/scurm/MyLivoxWorkSpace/install/slam_to_vision_cpp/share/ament_index/resource_index/package_run_dependencies/slam_to_vision_cpp
[5.979s] -- Up-to-date symlink: /home/scurm/MyLivoxWorkSpace/install/slam_to_vision_cpp/share/ament_index/resource_index/parent_prefix_path/slam_to_vision_cpp
[5.980s] -- Up-to-date symlink: /home/scurm/MyLivoxWorkSpace/install/slam_to_vision_cpp/share/slam_to_vision_cpp/environment/ament_prefix_path.sh
[5.980s] -- Up-to-date symlink: /home/scurm/MyLivoxWorkSpace/install/slam_to_vision_cpp/share/slam_to_vision_cpp/environment/ament_prefix_path.dsv
[5.980s] -- Up-to-date symlink: /home/scurm/MyLivoxWorkSpace/install/slam_to_vision_cpp/share/slam_to_vision_cpp/environment/path.sh
[5.980s] -- Up-to-date symlink: /home/scurm/MyLivoxWorkSpace/install/slam_to_vision_cpp/share/slam_to_vision_cpp/environment/path.dsv
[5.980s] -- Up-to-date symlink: /home/scurm/MyLivoxWorkSpace/install/slam_to_vision_cpp/share/slam_to_vision_cpp/local_setup.bash
[5.980s] -- Up-to-date symlink: /home/scurm/MyLivoxWorkSpace/install/slam_to_vision_cpp/share/slam_to_vision_cpp/local_setup.sh
[5.980s] -- Up-to-date symlink: /home/scurm/MyLivoxWorkSpace/install/slam_to_vision_cpp/share/slam_to_vision_cpp/local_setup.zsh
[5.980s] -- Up-to-date symlink: /home/scurm/MyLivoxWorkSpace/install/slam_to_vision_cpp/share/slam_to_vision_cpp/local_setup.dsv
[5.980s] -- Symlinking: /home/scurm/MyLivoxWorkSpace/install/slam_to_vision_cpp/share/slam_to_vision_cpp/package.dsv
[5.985s] -- Up-to-date symlink: /home/scurm/MyLivoxWorkSpace/install/slam_to_vision_cpp/share/ament_index/resource_index/packages/slam_to_vision_cpp
[5.985s] -- Up-to-date symlink: /home/scurm/MyLivoxWorkSpace/install/slam_to_vision_cpp/share/slam_to_vision_cpp/cmake/slam_to_vision_cppConfig.cmake
[5.985s] -- Up-to-date symlink: /home/scurm/MyLivoxWorkSpace/install/slam_to_vision_cpp/share/slam_to_vision_cpp/cmake/slam_to_vision_cppConfig-version.cmake
[5.985s] -- Up-to-date symlink: /home/scurm/MyLivoxWorkSpace/install/slam_to_vision_cpp/share/slam_to_vision_cpp/package.xml
[5.986s] Invoked command in '/home/scurm/MyLivoxWorkSpace/build/slam_to_vision_cpp' returned '0': CMAKE_PREFIX_PATH=/opt/ros/humble /usr/bin/cmake --install /home/scurm/MyLivoxWorkSpace/build/slam_to_vision_cpp
