[0.007s] Invoking command in '/home/scurm/vision_pos_estimate_ws/build/mid360_transform': CMAKE_PREFIX_PATH=/opt/ros/humble /usr/bin/cmake /home/scurm/vision_pos_estimate_ws/src/mid360_transform -DCMAKE_INSTALL_PREFIX=/home/scurm/vision_pos_estimate_ws/install/mid360_transform
[0.053s] -- The C compiler identification is GNU 11.4.0
[0.093s] -- The CXX compiler identification is GNU 11.4.0
[0.098s] -- Detecting C compiler ABI info
[0.154s] -- Detecting C compiler ABI info - done
[0.160s] -- Check for working C compiler: /usr/bin/cc - skipped
[0.160s] -- Detecting C compile features
[0.160s] -- Detecting C compile features - done
[0.163s] -- Detecting CXX compiler ABI info
[0.219s] -- Detecting CXX compiler ABI info - done
[0.226s] -- Check for working CXX compiler: /usr/bin/c++ - skipped
[0.226s] -- Detecting CXX compile features
[0.226s] -- Detecting CXX compile features - done
[0.228s] -- Found ament_cmake: 1.3.14 (/opt/ros/humble/share/ament_cmake/cmake)
[0.336s] -- Found Python3: /usr/bin/python3 (found version "3.10.12") found components: Interpreter 
[0.404s] -- Found rclcpp: 16.0.18 (/opt/ros/humble/share/rclcpp/cmake)
[0.436s] -- Found rosidl_generator_c: 3.1.8 (/opt/ros/humble/share/rosidl_generator_c/cmake)
[0.440s] -- Found rosidl_adapter: 3.1.8 (/opt/ros/humble/share/rosidl_adapter/cmake)
[0.445s] -- Found rosidl_generator_cpp: 3.1.8 (/opt/ros/humble/share/rosidl_generator_cpp/cmake)
[0.454s] -- Using all available rosidl_typesupport_c: rosidl_typesupport_fastrtps_c;rosidl_typesupport_introspection_c
[0.464s] -- Using all available rosidl_typesupport_cpp: rosidl_typesupport_fastrtps_cpp;rosidl_typesupport_introspection_cpp
[0.490s] -- Found rmw_implementation_cmake: 6.1.2 (/opt/ros/humble/share/rmw_implementation_cmake/cmake)
[0.491s] -- Found rmw_fastrtps_cpp: 6.2.10 (/opt/ros/humble/share/rmw_fastrtps_cpp/cmake)
[0.560s] -- Found OpenSSL: /usr/lib/x86_64-linux-gnu/libcrypto.so (found version "3.0.2")  
[0.578s] -- Found FastRTPS: /opt/ros/humble/include  
[0.606s] -- Using RMW implementation 'rmw_fastrtps_cpp' as default
[0.612s] -- Looking for pthread.h
[0.663s] -- Looking for pthread.h - found
[0.663s] -- Performing Test CMAKE_HAVE_LIBC_PTHREAD
[0.726s] -- Performing Test CMAKE_HAVE_LIBC_PTHREAD - Success
[0.727s] -- Found Threads: TRUE  
[0.761s] -- Found sensor_msgs: 4.9.1 (/opt/ros/humble/share/sensor_msgs/cmake)
[0.781s] -- Found ament_lint_auto: 0.12.15 (/opt/ros/humble/share/ament_lint_auto/cmake)
[0.838s] -- Added test 'cppcheck' to perform static code analysis on C / C++ code
[0.838s] -- Configured cppcheck include dirs: $<BUILD_INTERFACE:/home/scurm/vision_pos_estimate_ws/src/mid360_transform/include>
[0.838s] -- Configured cppcheck exclude dirs and/or files: 
[0.838s] -- Added test 'flake8' to check Python code syntax and style conventions
[0.839s] -- Added test 'lint_cmake' to check CMake code style
[0.839s] -- Added test 'pep257' to check Python code against some of the docstring style conventions in PEP 257
[0.839s] -- Added test 'uncrustify' to check C / C++ code style
[0.839s] -- Configured uncrustify additional arguments: 
[0.840s] -- Added test 'xmllint' to check XML markup files
[0.840s] -- Configuring done
[0.846s] -- Generating done
[0.849s] -- Build files have been written to: /home/scurm/vision_pos_estimate_ws/build/mid360_transform
[0.859s] Invoked command in '/home/scurm/vision_pos_estimate_ws/build/mid360_transform' returned '0': CMAKE_PREFIX_PATH=/opt/ros/humble /usr/bin/cmake /home/scurm/vision_pos_estimate_ws/src/mid360_transform -DCMAKE_INSTALL_PREFIX=/home/scurm/vision_pos_estimate_ws/install/mid360_transform
[0.859s] Invoking command in '/home/scurm/vision_pos_estimate_ws/build/mid360_transform': CMAKE_PREFIX_PATH=/opt/ros/humble /usr/bin/cmake --build /home/scurm/vision_pos_estimate_ws/build/mid360_transform -- -j20 -l20
[0.896s] [ 50%] [32mBuilding CXX object CMakeFiles/mid360_transform_node.dir/src/mid360_transform_node.cpp.o[0m
[8.663s] [100%] [32m[1mLinking CXX executable mid360_transform_node[0m
[9.027s] [100%] Built target mid360_transform_node
[9.036s] Invoked command in '/home/scurm/vision_pos_estimate_ws/build/mid360_transform' returned '0': CMAKE_PREFIX_PATH=/opt/ros/humble /usr/bin/cmake --build /home/scurm/vision_pos_estimate_ws/build/mid360_transform -- -j20 -l20
[9.037s] Invoking command in '/home/scurm/vision_pos_estimate_ws/build/mid360_transform': CMAKE_PREFIX_PATH=/opt/ros/humble /usr/bin/cmake --install /home/scurm/vision_pos_estimate_ws/build/mid360_transform
[9.046s] -- Install configuration: ""
[9.046s] -- Installing: /home/scurm/vision_pos_estimate_ws/install/mid360_transform/lib/mid360_transform/mid360_transform_node
[9.049s] -- Set runtime path of "/home/scurm/vision_pos_estimate_ws/install/mid360_transform/lib/mid360_transform/mid360_transform_node" to ""
[9.049s] -- Installing: /home/scurm/vision_pos_estimate_ws/install/mid360_transform/share/mid360_transform/launch
[9.049s] -- Installing: /home/scurm/vision_pos_estimate_ws/install/mid360_transform/share/mid360_transform/launch/mid360_transform.launch.py
[9.049s] -- Installing: /home/scurm/vision_pos_estimate_ws/install/mid360_transform/share/ament_index/resource_index/package_run_dependencies/mid360_transform
[9.049s] -- Installing: /home/scurm/vision_pos_estimate_ws/install/mid360_transform/share/ament_index/resource_index/parent_prefix_path/mid360_transform
[9.049s] -- Installing: /home/scurm/vision_pos_estimate_ws/install/mid360_transform/share/mid360_transform/environment/ament_prefix_path.sh
[9.049s] -- Installing: /home/scurm/vision_pos_estimate_ws/install/mid360_transform/share/mid360_transform/environment/ament_prefix_path.dsv
[9.049s] -- Installing: /home/scurm/vision_pos_estimate_ws/install/mid360_transform/share/mid360_transform/environment/path.sh
[9.050s] -- Installing: /home/scurm/vision_pos_estimate_ws/install/mid360_transform/share/mid360_transform/environment/path.dsv
[9.050s] -- Installing: /home/scurm/vision_pos_estimate_ws/install/mid360_transform/share/mid360_transform/local_setup.bash
[9.050s] -- Installing: /home/scurm/vision_pos_estimate_ws/install/mid360_transform/share/mid360_transform/local_setup.sh
[9.050s] -- Installing: /home/scurm/vision_pos_estimate_ws/install/mid360_transform/share/mid360_transform/local_setup.zsh
[9.050s] -- Installing: /home/scurm/vision_pos_estimate_ws/install/mid360_transform/share/mid360_transform/local_setup.dsv
[9.050s] -- Installing: /home/scurm/vision_pos_estimate_ws/install/mid360_transform/share/mid360_transform/package.dsv
[9.050s] -- Installing: /home/scurm/vision_pos_estimate_ws/install/mid360_transform/share/ament_index/resource_index/packages/mid360_transform
[9.050s] -- Installing: /home/scurm/vision_pos_estimate_ws/install/mid360_transform/share/mid360_transform/cmake/mid360_transformConfig.cmake
[9.050s] -- Installing: /home/scurm/vision_pos_estimate_ws/install/mid360_transform/share/mid360_transform/cmake/mid360_transformConfig-version.cmake
[9.050s] -- Installing: /home/scurm/vision_pos_estimate_ws/install/mid360_transform/share/mid360_transform/package.xml
[9.052s] Invoked command in '/home/scurm/vision_pos_estimate_ws/build/mid360_transform' returned '0': CMAKE_PREFIX_PATH=/opt/ros/humble /usr/bin/cmake --install /home/scurm/vision_pos_estimate_ws/build/mid360_transform
