[0.007s] Invoking command in '/home/yummy/livox_ws/build/fast_lio': CMAKE_PREFIX_PATH=${CMAKE_PREFIX_PATH}:/opt/ros/humble /usr/bin/cmake --build /home/yummy/livox_ws/build/fast_lio -- -j32 -l32
[0.038s] [35m[1mConsolidate compiler generated dependencies of target fast_lio__rosidl_generator_c[0m
[0.044s] [  2%] Built target fast_lio__cpp
[0.045s] [ 11%] Built target fast_lio__rosidl_generator_c
[0.050s] [ 11%] Built target ament_cmake_python_symlink_fast_lio
[0.051s] [ 14%] [34m[1mGenerating C++ type support for eProsima Fast-RTPS[0m
[0.052s] [ 17%] [34m[1mGenerating C type support dispatch for ROS interfaces[0m
[0.052s] [ 20%] [34m[1mGenerating C introspection for ROS interfaces[0m
[0.052s] [ 22%] [34m[1mGenerating C type support for eProsima Fast-RTPS[0m
[0.057s] [ 25%] [32mBuilding CXX object CMakeFiles/fast_lio__rosidl_typesupport_cpp.dir/rosidl_typesupport_cpp/fast_lio/msg/pose6_d__type_support.cpp.o[0m
[0.064s] [ 28%] [34m[1mGenerating C++ introspection for ROS interfaces[0m
[0.175s] running egg_info
[0.176s] writing fast_lio.egg-info/PKG-INFO
[0.176s] writing dependency_links to fast_lio.egg-info/dependency_links.txt
[0.176s] writing top-level names to fast_lio.egg-info/top_level.txt
[0.177s] reading manifest file 'fast_lio.egg-info/SOURCES.txt'
[0.177s] writing manifest file 'fast_lio.egg-info/SOURCES.txt'
[0.197s] [ 28%] Built target ament_cmake_python_build_fast_lio_egg
[0.211s] [ 31%] [32m[1mLinking CXX shared library libfast_lio__rosidl_typesupport_cpp.so[0m
[0.213s] [ 34%] [32mBuilding CXX object CMakeFiles/fast_lio__rosidl_typesupport_c.dir/rosidl_typesupport_c/fast_lio/msg/pose6_d__type_support.cpp.o[0m
[0.226s] [ 37%] [32mBuilding C object CMakeFiles/fast_lio__rosidl_typesupport_introspection_c.dir/rosidl_typesupport_introspection_c/fast_lio/msg/detail/pose6_d__type_support.c.o[0m
[0.228s] [ 40%] [32mBuilding CXX object CMakeFiles/fast_lio__rosidl_typesupport_fastrtps_cpp.dir/rosidl_typesupport_fastrtps_cpp/fast_lio/msg/detail/dds_fastrtps/pose6_d__type_support.cpp.o[0m
[0.230s] [ 42%] [32mBuilding CXX object CMakeFiles/fast_lio__rosidl_typesupport_fastrtps_c.dir/rosidl_typesupport_fastrtps_c/fast_lio/msg/detail/pose6_d__type_support_c.cpp.o[0m
[0.234s] [ 45%] [32mBuilding CXX object CMakeFiles/fast_lio__rosidl_typesupport_introspection_cpp.dir/rosidl_typesupport_introspection_cpp/fast_lio/msg/detail/pose6_d__type_support.cpp.o[0m
[0.234s] [ 48%] [32m[1mLinking CXX shared library libfast_lio__rosidl_typesupport_c.so[0m
[0.240s] [ 51%] Built target fast_lio__rosidl_typesupport_cpp
[0.256s] [ 57%] [32mBuilding CXX object CMakeFiles/fastlio_mapping.dir/src/laserMapping.cpp.o[0m
[0.256s] [ 57%] [32mBuilding CXX object CMakeFiles/fastlio_mapping.dir/include/ikd-Tree/ikd_Tree.cpp.o[0m
[0.256s] [ 60%] [32mBuilding CXX object CMakeFiles/fastlio_mapping.dir/src/preprocess.cpp.o[0m
[0.261s] [ 62%] [32m[1mLinking C shared library libfast_lio__rosidl_typesupport_introspection_c.so[0m
[0.262s] [ 62%] Built target fast_lio__rosidl_typesupport_c
[0.284s] [ 62%] Built target fast_lio__rosidl_typesupport_introspection_c
[0.419s] [ 65%] [32m[1mLinking CXX shared library libfast_lio__rosidl_typesupport_fastrtps_c.so[0m
[0.448s] [ 68%] [32m[1mLinking CXX shared library libfast_lio__rosidl_typesupport_fastrtps_cpp.so[0m
[0.462s] [ 71%] [32m[1mLinking CXX shared library libfast_lio__rosidl_typesupport_introspection_cpp.so[0m
[0.467s] [ 71%] Built target fast_lio__rosidl_typesupport_fastrtps_c
[0.491s] [ 71%] Built target fast_lio__rosidl_typesupport_introspection_cpp
[0.498s] [ 71%] Built target fast_lio__rosidl_typesupport_fastrtps_cpp
[0.512s] [ 71%] Built target fast_lio
[0.526s] [ 74%] [34m[1mGenerating Python code for ROS interfaces[0m
[0.763s] [ 74%] Built target fast_lio__py
[0.777s] [ 77%] [32mBuilding C object CMakeFiles/fast_lio__rosidl_generator_py.dir/rosidl_generator_py/fast_lio/msg/_pose6_d_s.c.o[0m
[0.861s] [ 80%] [32m[1mLinking C shared library rosidl_generator_py/fast_lio/libfast_lio__rosidl_generator_py.so[0m
[0.888s] [ 80%] Built target fast_lio__rosidl_generator_py
[0.902s] [ 82%] [32mBuilding C object CMakeFiles/fast_lio__rosidl_typesupport_fastrtps_c__pyext.dir/rosidl_generator_py/fast_lio/_fast_lio_s.ep.rosidl_typesupport_fastrtps_c.c.o[0m
[0.902s] [ 85%] [32mBuilding C object CMakeFiles/fast_lio__rosidl_typesupport_c__pyext.dir/rosidl_generator_py/fast_lio/_fast_lio_s.ep.rosidl_typesupport_c.c.o[0m
[0.903s] [ 88%] [32mBuilding C object CMakeFiles/fast_lio__rosidl_typesupport_introspection_c__pyext.dir/rosidl_generator_py/fast_lio/_fast_lio_s.ep.rosidl_typesupport_introspection_c.c.o[0m
[0.969s] [ 91%] [32m[1mLinking C shared library rosidl_generator_py/fast_lio/fast_lio_s__rosidl_typesupport_c.cpython-310-x86_64-linux-gnu.so[0m
[0.970s] [ 94%] [32m[1mLinking C shared library rosidl_generator_py/fast_lio/fast_lio_s__rosidl_typesupport_introspection_c.cpython-310-x86_64-linux-gnu.so[0m
[0.970s] [ 97%] [32m[1mLinking C shared library rosidl_generator_py/fast_lio/fast_lio_s__rosidl_typesupport_fastrtps_c.cpython-310-x86_64-linux-gnu.so[0m
[0.992s] [ 97%] Built target fast_lio__rosidl_typesupport_c__pyext
[0.994s] [ 97%] Built target fast_lio__rosidl_typesupport_fastrtps_c__pyext
[0.994s] [ 97%] Built target fast_lio__rosidl_typesupport_introspection_c__pyext
[3.952s] In file included from [01m[K/usr/include/boost/smart_ptr/detail/sp_thread_sleep.hpp:22[m[K,
[3.952s]                  from [01m[K/usr/include/boost/smart_ptr/detail/yield_k.hpp:23[m[K,
[3.952s]                  from [01m[K/usr/include/boost/smart_ptr/detail/spinlock_gcc_atomic.hpp:14[m[K,
[3.952s]                  from [01m[K/usr/include/boost/smart_ptr/detail/spinlock.hpp:42[m[K,
[3.953s]                  from [01m[K/usr/include/boost/smart_ptr/detail/spinlock_pool.hpp:25[m[K,
[3.953s]                  from [01m[K/usr/include/boost/smart_ptr/shared_ptr.hpp:29[m[K,
[3.953s]                  from [01m[K/usr/include/boost/shared_ptr.hpp:17[m[K,
[3.953s]                  from [01m[K/usr/include/boost/date_time/microsec_time_clock.hpp:18[m[K,
[3.953s]                  from [01m[K/usr/include/boost/interprocess/detail/posix_time_types_wrk.hpp:31[m[K,
[3.953s]                  from [01m[K/usr/include/boost/interprocess/detail/os_thread_functions.hpp:36[m[K,
[3.953s]                  from [01m[K/usr/include/boost/interprocess/sync/file_lock.hpp:26[m[K,
[3.953s]                  from [01m[K/usr/include/pcl-1.12/pcl/io/pcd_io.h:46[m[K,
[3.953s]                  from [01m[K/opt/ros/humble/include/pcl_conversions/pcl_conversions/pcl_conversions.h:73[m[K,
[3.953s]                  from [01m[K/home/yummy/livox_ws/src/FAST_LIO/src/IMU_Processing.hpp:18[m[K,
[3.953s]                  from [01m[K/home/yummy/livox_ws/src/FAST_LIO/src/laserMapping.cpp:47[m[K:
[3.953s] [01m[K/usr/include/boost/bind.hpp:36:1:[m[K [01;36m[Knote: [m[K‘[01m[K#pragma message: The practice of declaring the Bind placeholders (_1, _2, ...) in the global namespace is deprecated. Please use <boost/bind/bind.hpp> + using namespace boost::placeholders, or define BOOST_BIND_GLOBAL_PLACEHOLDERS to retain the current behavior.[m[K’
[3.953s]    36 | [01;36m[KBOOST_PRAGMA_MESSAGE[m[K(
[3.953s]       | [01;36m[K^~~~~~~~~~~~~~~~~~~~[m[K
[34.974s] [100%] [32m[1mLinking CXX executable fastlio_mapping[0m
[35.596s] [100%] Built target fastlio_mapping
[35.604s] Invoked command in '/home/yummy/livox_ws/build/fast_lio' returned '0': CMAKE_PREFIX_PATH=${CMAKE_PREFIX_PATH}:/opt/ros/humble /usr/bin/cmake --build /home/yummy/livox_ws/build/fast_lio -- -j32 -l32
[35.605s] Invoking command in '/home/yummy/livox_ws/build/fast_lio': CMAKE_PREFIX_PATH=${CMAKE_PREFIX_PATH}:/opt/ros/humble /usr/bin/cmake --install /home/yummy/livox_ws/build/fast_lio
[35.610s] -- Install configuration: "Release"
[35.610s] -- Execute custom install script
[35.610s] -- Symlinking: /home/yummy/livox_ws/install/fast_lio/share/ament_index/resource_index/rosidl_interfaces/fast_lio
[35.616s] -- Symlinking: /home/yummy/livox_ws/install/fast_lio/include/fast_lio/fast_lio/msg/detail/pose6_d__functions.h
[35.622s] -- Symlinking: /home/yummy/livox_ws/install/fast_lio/include/fast_lio/fast_lio/msg/detail/pose6_d__struct.h
[35.628s] -- Symlinking: /home/yummy/livox_ws/install/fast_lio/include/fast_lio/fast_lio/msg/detail/pose6_d__type_support.h
[35.634s] -- Symlinking: /home/yummy/livox_ws/install/fast_lio/include/fast_lio/fast_lio/msg/pose6_d.h
[35.640s] -- Symlinking: /home/yummy/livox_ws/install/fast_lio/include/fast_lio/fast_lio/msg/rosidl_generator_c__visibility_control.h
[35.646s] -- Symlinking: /home/yummy/livox_ws/install/fast_lio/share/fast_lio/environment/library_path.sh
[35.651s] -- Symlinking: /home/yummy/livox_ws/install/fast_lio/share/fast_lio/environment/library_path.dsv
[35.657s] -- Symlinking: /home/yummy/livox_ws/install/fast_lio/include/fast_lio/fast_lio/msg/detail/pose6_d__rosidl_typesupport_fastrtps_c.h
[35.663s] -- Symlinking: /home/yummy/livox_ws/install/fast_lio/include/fast_lio/fast_lio/msg/rosidl_typesupport_fastrtps_c__visibility_control.h
[35.669s] -- Symlinking: /home/yummy/livox_ws/install/fast_lio/include/fast_lio/fast_lio/msg/detail/pose6_d__builder.hpp
[35.675s] -- Symlinking: /home/yummy/livox_ws/install/fast_lio/include/fast_lio/fast_lio/msg/detail/pose6_d__struct.hpp
[35.680s] -- Symlinking: /home/yummy/livox_ws/install/fast_lio/include/fast_lio/fast_lio/msg/detail/pose6_d__traits.hpp
[35.686s] -- Symlinking: /home/yummy/livox_ws/install/fast_lio/include/fast_lio/fast_lio/msg/detail/pose6_d__type_support.hpp
[35.692s] -- Symlinking: /home/yummy/livox_ws/install/fast_lio/include/fast_lio/fast_lio/msg/pose6_d.hpp
[35.698s] -- Symlinking: /home/yummy/livox_ws/install/fast_lio/include/fast_lio/fast_lio/msg/rosidl_generator_cpp__visibility_control.hpp
[35.703s] -- Symlinking: /home/yummy/livox_ws/install/fast_lio/include/fast_lio/fast_lio/msg/detail/pose6_d__rosidl_typesupport_fastrtps_cpp.hpp
[35.709s] -- Symlinking: /home/yummy/livox_ws/install/fast_lio/include/fast_lio/fast_lio/msg/rosidl_typesupport_fastrtps_cpp__visibility_control.h
[35.716s] -- Symlinking: /home/yummy/livox_ws/install/fast_lio/include/fast_lio/fast_lio/msg/detail/pose6_d__rosidl_typesupport_introspection_c.h
[35.722s] -- Symlinking: /home/yummy/livox_ws/install/fast_lio/include/fast_lio/fast_lio/msg/rosidl_typesupport_introspection_c__visibility_control.h
[35.728s] -- Symlinking: /home/yummy/livox_ws/install/fast_lio/include/fast_lio/fast_lio/msg/detail/pose6_d__rosidl_typesupport_introspection_cpp.hpp
[35.734s] -- Symlinking: /home/yummy/livox_ws/install/fast_lio/share/fast_lio/environment/pythonpath.sh
[35.740s] -- Symlinking: /home/yummy/livox_ws/install/fast_lio/share/fast_lio/environment/pythonpath.dsv
[35.745s] -- Symlinking: /home/yummy/livox_ws/install/fast_lio/local/lib/python3.10/dist-packages/fast_lio-0.0.0-py3.10.egg-info/PKG-INFO
[35.751s] -- Symlinking: /home/yummy/livox_ws/install/fast_lio/local/lib/python3.10/dist-packages/fast_lio-0.0.0-py3.10.egg-info/SOURCES.txt
[35.757s] -- Symlinking: /home/yummy/livox_ws/install/fast_lio/local/lib/python3.10/dist-packages/fast_lio-0.0.0-py3.10.egg-info/dependency_links.txt
[35.762s] -- Symlinking: /home/yummy/livox_ws/install/fast_lio/local/lib/python3.10/dist-packages/fast_lio-0.0.0-py3.10.egg-info/top_level.txt
[35.768s] -- Symlinking: /home/yummy/livox_ws/install/fast_lio/local/lib/python3.10/dist-packages/fast_lio/__init__.py
[35.773s] -- Symlinking: /home/yummy/livox_ws/install/fast_lio/local/lib/python3.10/dist-packages/fast_lio/_fast_lio_s.ep.rosidl_typesupport_c.c
[35.779s] -- Symlinking: /home/yummy/livox_ws/install/fast_lio/local/lib/python3.10/dist-packages/fast_lio/_fast_lio_s.ep.rosidl_typesupport_fastrtps_c.c
[35.785s] -- Symlinking: /home/yummy/livox_ws/install/fast_lio/local/lib/python3.10/dist-packages/fast_lio/_fast_lio_s.ep.rosidl_typesupport_introspection_c.c
[35.791s] -- Symlinking: /home/yummy/livox_ws/install/fast_lio/local/lib/python3.10/dist-packages/fast_lio/fast_lio_s__rosidl_typesupport_c.cpython-310-x86_64-linux-gnu.so
[35.796s] -- Symlinking: /home/yummy/livox_ws/install/fast_lio/local/lib/python3.10/dist-packages/fast_lio/fast_lio_s__rosidl_typesupport_fastrtps_c.cpython-310-x86_64-linux-gnu.so
[35.802s] -- Symlinking: /home/yummy/livox_ws/install/fast_lio/local/lib/python3.10/dist-packages/fast_lio/fast_lio_s__rosidl_typesupport_introspection_c.cpython-310-x86_64-linux-gnu.so
[35.807s] -- Symlinking: /home/yummy/livox_ws/install/fast_lio/local/lib/python3.10/dist-packages/fast_lio/libfast_lio__rosidl_generator_py.so
[35.813s] -- Symlinking: /home/yummy/livox_ws/install/fast_lio/local/lib/python3.10/dist-packages/fast_lio/msg/__init__.py
[35.818s] -- Symlinking: /home/yummy/livox_ws/install/fast_lio/local/lib/python3.10/dist-packages/fast_lio/msg/_pose6_d.py
[35.824s] -- Symlinking: /home/yummy/livox_ws/install/fast_lio/local/lib/python3.10/dist-packages/fast_lio/msg/_pose6_d_s.c
[35.830s] -- Up-to-date symlink: /home/yummy/livox_ws/install/fast_lio/local/lib/python3.10/dist-packages/fast_lio/fast_lio_s__rosidl_typesupport_fastrtps_c.cpython-310-x86_64-linux-gnu.so
[35.830s] -- Up-to-date symlink: /home/yummy/livox_ws/install/fast_lio/local/lib/python3.10/dist-packages/fast_lio/fast_lio_s__rosidl_typesupport_introspection_c.cpython-310-x86_64-linux-gnu.so
[35.830s] -- Up-to-date symlink: /home/yummy/livox_ws/install/fast_lio/local/lib/python3.10/dist-packages/fast_lio/fast_lio_s__rosidl_typesupport_c.cpython-310-x86_64-linux-gnu.so
[35.830s] -- Symlinking: /home/yummy/livox_ws/install/fast_lio/share/fast_lio/msg/Pose6D.idl
[35.836s] -- Symlinking: /home/yummy/livox_ws/install/fast_lio/share/fast_lio/msg/Pose6D.msg
[35.842s] -- Symlinking: /home/yummy/livox_ws/install/fast_lio/lib/fast_lio/fastlio_mapping
[35.847s] -- Symlinking: /home/yummy/livox_ws/install/fast_lio/share/fast_lio/config/avia.yaml
[35.853s] -- Symlinking: /home/yummy/livox_ws/install/fast_lio/share/fast_lio/config/horizon.yaml
[35.859s] -- Symlinking: /home/yummy/livox_ws/install/fast_lio/share/fast_lio/config/mid360.yaml
[35.865s] -- Symlinking: /home/yummy/livox_ws/install/fast_lio/share/fast_lio/config/ouster64.yaml
[35.870s] -- Symlinking: /home/yummy/livox_ws/install/fast_lio/share/fast_lio/config/velodyne.yaml
[35.876s] -- Symlinking: /home/yummy/livox_ws/install/fast_lio/share/fast_lio/launch/gdb_debug_example.launch
[35.881s] -- Symlinking: /home/yummy/livox_ws/install/fast_lio/share/fast_lio/launch/mapping.launch.py
[35.886s] -- Symlinking: /home/yummy/livox_ws/install/fast_lio/share/fast_lio/rviz/fastlio.rviz
[35.892s] -- Symlinking: /home/yummy/livox_ws/install/fast_lio/share/ament_index/resource_index/package_run_dependencies/fast_lio
[35.897s] -- Symlinking: /home/yummy/livox_ws/install/fast_lio/share/ament_index/resource_index/parent_prefix_path/fast_lio
[35.903s] -- Symlinking: /home/yummy/livox_ws/install/fast_lio/share/fast_lio/environment/ament_prefix_path.sh
[35.909s] -- Symlinking: /home/yummy/livox_ws/install/fast_lio/share/fast_lio/environment/ament_prefix_path.dsv
[35.915s] -- Symlinking: /home/yummy/livox_ws/install/fast_lio/share/fast_lio/environment/path.sh
[35.921s] -- Symlinking: /home/yummy/livox_ws/install/fast_lio/share/fast_lio/environment/path.dsv
[35.928s] -- Symlinking: /home/yummy/livox_ws/install/fast_lio/share/fast_lio/local_setup.bash
[35.934s] -- Symlinking: /home/yummy/livox_ws/install/fast_lio/share/fast_lio/local_setup.sh
[35.939s] -- Symlinking: /home/yummy/livox_ws/install/fast_lio/share/fast_lio/local_setup.zsh
[35.944s] -- Symlinking: /home/yummy/livox_ws/install/fast_lio/share/fast_lio/local_setup.dsv
[35.950s] -- Symlinking: /home/yummy/livox_ws/install/fast_lio/share/fast_lio/package.dsv
[35.957s] -- Symlinking: /home/yummy/livox_ws/install/fast_lio/share/ament_index/resource_index/packages/fast_lio
[35.963s] -- Symlinking: /home/yummy/livox_ws/install/fast_lio/share/fast_lio/cmake/rosidl_cmake-extras.cmake
[35.968s] -- Symlinking: /home/yummy/livox_ws/install/fast_lio/share/fast_lio/cmake/ament_cmake_export_include_directories-extras.cmake
[35.973s] -- Symlinking: /home/yummy/livox_ws/install/fast_lio/share/fast_lio/cmake/ament_cmake_export_libraries-extras.cmake
[35.979s] -- Symlinking: /home/yummy/livox_ws/install/fast_lio/share/fast_lio/cmake/ament_cmake_export_targets-extras.cmake
[35.985s] -- Symlinking: /home/yummy/livox_ws/install/fast_lio/share/fast_lio/cmake/rosidl_cmake_export_typesupport_targets-extras.cmake
[35.990s] -- Symlinking: /home/yummy/livox_ws/install/fast_lio/share/fast_lio/cmake/ament_cmake_export_dependencies-extras.cmake
[35.995s] -- Symlinking: /home/yummy/livox_ws/install/fast_lio/share/fast_lio/cmake/rosidl_cmake_export_typesupport_libraries-extras.cmake
[36.001s] -- Symlinking: /home/yummy/livox_ws/install/fast_lio/share/fast_lio/cmake/fast_lioConfig.cmake
[36.007s] -- Symlinking: /home/yummy/livox_ws/install/fast_lio/share/fast_lio/cmake/fast_lioConfig-version.cmake
[36.013s] -- Symlinking: /home/yummy/livox_ws/install/fast_lio/share/fast_lio/package.xml
[36.019s] -- Installing: /home/yummy/livox_ws/install/fast_lio/lib/libfast_lio__rosidl_generator_c.so
[36.019s] -- Set runtime path of "/home/yummy/livox_ws/install/fast_lio/lib/libfast_lio__rosidl_generator_c.so" to ""
[36.019s] -- Installing: /home/yummy/livox_ws/install/fast_lio/lib/libfast_lio__rosidl_typesupport_fastrtps_c.so
[36.019s] -- Set runtime path of "/home/yummy/livox_ws/install/fast_lio/lib/libfast_lio__rosidl_typesupport_fastrtps_c.so" to ""
[36.019s] -- Installing: /home/yummy/livox_ws/install/fast_lio/lib/libfast_lio__rosidl_typesupport_fastrtps_cpp.so
[36.020s] -- Set runtime path of "/home/yummy/livox_ws/install/fast_lio/lib/libfast_lio__rosidl_typesupport_fastrtps_cpp.so" to ""
[36.020s] -- Installing: /home/yummy/livox_ws/install/fast_lio/lib/libfast_lio__rosidl_typesupport_introspection_c.so
[36.020s] -- Set runtime path of "/home/yummy/livox_ws/install/fast_lio/lib/libfast_lio__rosidl_typesupport_introspection_c.so" to ""
[36.020s] -- Installing: /home/yummy/livox_ws/install/fast_lio/lib/libfast_lio__rosidl_typesupport_c.so
[36.020s] -- Set runtime path of "/home/yummy/livox_ws/install/fast_lio/lib/libfast_lio__rosidl_typesupport_c.so" to ""
[36.020s] -- Installing: /home/yummy/livox_ws/install/fast_lio/lib/libfast_lio__rosidl_typesupport_introspection_cpp.so
[36.020s] -- Set runtime path of "/home/yummy/livox_ws/install/fast_lio/lib/libfast_lio__rosidl_typesupport_introspection_cpp.so" to ""
[36.020s] -- Installing: /home/yummy/livox_ws/install/fast_lio/lib/libfast_lio__rosidl_typesupport_cpp.so
[36.021s] -- Set runtime path of "/home/yummy/livox_ws/install/fast_lio/lib/libfast_lio__rosidl_typesupport_cpp.so" to ""
[36.042s] Listing '/home/yummy/livox_ws/install/fast_lio/local/lib/python3.10/dist-packages/fast_lio'...
[36.042s] Compiling '/home/yummy/livox_ws/install/fast_lio/local/lib/python3.10/dist-packages/fast_lio/__init__.py'...
[36.042s] Listing '/home/yummy/livox_ws/install/fast_lio/local/lib/python3.10/dist-packages/fast_lio/msg'...
[36.042s] Compiling '/home/yummy/livox_ws/install/fast_lio/local/lib/python3.10/dist-packages/fast_lio/msg/__init__.py'...
[36.042s] Compiling '/home/yummy/livox_ws/install/fast_lio/local/lib/python3.10/dist-packages/fast_lio/msg/_pose6_d.py'...
[36.044s] -- Installing: /home/yummy/livox_ws/install/fast_lio/lib/libfast_lio__rosidl_generator_py.so
[36.045s] -- Set runtime path of "/home/yummy/livox_ws/install/fast_lio/lib/libfast_lio__rosidl_generator_py.so" to ""
[36.045s] -- Installing: /home/yummy/livox_ws/install/fast_lio/share/fast_lio/cmake/export_fast_lio__rosidl_generator_cExport.cmake
[36.045s] -- Installing: /home/yummy/livox_ws/install/fast_lio/share/fast_lio/cmake/export_fast_lio__rosidl_generator_cExport-release.cmake
[36.045s] -- Installing: /home/yummy/livox_ws/install/fast_lio/share/fast_lio/cmake/export_fast_lio__rosidl_typesupport_fastrtps_cExport.cmake
[36.045s] -- Installing: /home/yummy/livox_ws/install/fast_lio/share/fast_lio/cmake/export_fast_lio__rosidl_typesupport_fastrtps_cExport-release.cmake
[36.045s] -- Installing: /home/yummy/livox_ws/install/fast_lio/share/fast_lio/cmake/export_fast_lio__rosidl_generator_cppExport.cmake
[36.045s] -- Installing: /home/yummy/livox_ws/install/fast_lio/share/fast_lio/cmake/export_fast_lio__rosidl_typesupport_fastrtps_cppExport.cmake
[36.045s] -- Installing: /home/yummy/livox_ws/install/fast_lio/share/fast_lio/cmake/export_fast_lio__rosidl_typesupport_fastrtps_cppExport-release.cmake
[36.045s] -- Installing: /home/yummy/livox_ws/install/fast_lio/share/fast_lio/cmake/fast_lio__rosidl_typesupport_introspection_cExport.cmake
[36.045s] -- Installing: /home/yummy/livox_ws/install/fast_lio/share/fast_lio/cmake/fast_lio__rosidl_typesupport_introspection_cExport-release.cmake
[36.045s] -- Installing: /home/yummy/livox_ws/install/fast_lio/share/fast_lio/cmake/fast_lio__rosidl_typesupport_cExport.cmake
[36.045s] -- Installing: /home/yummy/livox_ws/install/fast_lio/share/fast_lio/cmake/fast_lio__rosidl_typesupport_cExport-release.cmake
[36.046s] -- Installing: /home/yummy/livox_ws/install/fast_lio/share/fast_lio/cmake/fast_lio__rosidl_typesupport_introspection_cppExport.cmake
[36.046s] -- Installing: /home/yummy/livox_ws/install/fast_lio/share/fast_lio/cmake/fast_lio__rosidl_typesupport_introspection_cppExport-release.cmake
[36.046s] -- Installing: /home/yummy/livox_ws/install/fast_lio/share/fast_lio/cmake/fast_lio__rosidl_typesupport_cppExport.cmake
[36.046s] -- Installing: /home/yummy/livox_ws/install/fast_lio/share/fast_lio/cmake/fast_lio__rosidl_typesupport_cppExport-release.cmake
[36.046s] -- Installing: /home/yummy/livox_ws/install/fast_lio/share/fast_lio/cmake/export_fast_lio__rosidl_generator_pyExport.cmake
[36.046s] -- Installing: /home/yummy/livox_ws/install/fast_lio/share/fast_lio/cmake/export_fast_lio__rosidl_generator_pyExport-release.cmake
[36.048s] Invoked command in '/home/yummy/livox_ws/build/fast_lio' returned '0': CMAKE_PREFIX_PATH=${CMAKE_PREFIX_PATH}:/opt/ros/humble /usr/bin/cmake --install /home/yummy/livox_ws/build/fast_lio
