[0.070s] DEBUG:colcon:Command line arguments: ['/usr/bin/colcon', 'build']
[0.071s] DEBUG:colcon:Parsed command line arguments: Namespace(log_base=None, log_level=None, verb_name='build', build_base='build', install_base='install', merge_install=False, symlink_install=False, test_result_base=None, continue_on_error=False, executor='parallel', parallel_workers=20, event_handlers=None, ignore_user_meta=False, metas=['./colcon.meta'], base_paths=['.'], packages_ignore=None, packages_ignore_regex=None, paths=None, packages_up_to=None, packages_up_to_regex=None, packages_above=None, packages_above_and_dependencies=None, packages_above_depth=None, packages_select_by_dep=None, packages_skip_by_dep=None, packages_skip_up_to=None, packages_select_build_failed=False, packages_skip_build_finished=False, packages_select_test_failures=False, packages_skip_test_passed=False, packages_select=None, packages_skip=None, packages_select_regex=None, packages_skip_regex=None, packages_start=None, packages_end=None, allow_overriding=[], cmake_args=None, cmake_target=None, cmake_target_skip_unavailable=False, cmake_clean_cache=False, cmake_clean_first=False, cmake_force_configure=False, ament_cmake_args=None, catkin_cmake_args=None, catkin_skip_building_tests=False, mixin_files=None, mixin=None, verb_parser=<colcon_mixin.mixin.mixin_argument.MixinArgumentDecorator object at 0x7be53946ada0>, verb_extension=<colcon_core.verb.build.BuildVerb object at 0x7be53946a7d0>, main=<bound method BuildVerb.main of <colcon_core.verb.build.BuildVerb object at 0x7be53946a7d0>>, mixin_verb=('build',))
[0.177s] Level 1:colcon.colcon_core.package_discovery:discover_packages(colcon_meta) check parameters
[0.177s] Level 1:colcon.colcon_core.package_discovery:discover_packages(recursive) check parameters
[0.177s] Level 1:colcon.colcon_core.package_discovery:discover_packages(ignore) check parameters
[0.177s] Level 1:colcon.colcon_core.package_discovery:discover_packages(path) check parameters
[0.177s] Level 1:colcon.colcon_core.package_discovery:discover_packages(colcon_meta) discover
[0.177s] Level 1:colcon.colcon_core.package_discovery:discover_packages(recursive) discover
[0.177s] INFO:colcon.colcon_core.package_discovery:Crawling recursively for packages in '/home/scurm/vision_pos_estimate_ws'
[0.177s] Level 1:colcon.colcon_core.package_identification:_identify(.) by extensions ['ignore', 'ignore_ament_install']
[0.177s] Level 1:colcon.colcon_core.package_identification:_identify(.) by extension 'ignore'
[0.177s] Level 1:colcon.colcon_core.package_identification:_identify(.) by extension 'ignore_ament_install'
[0.177s] Level 1:colcon.colcon_core.package_identification:_identify(.) by extensions ['colcon_pkg']
[0.177s] Level 1:colcon.colcon_core.package_identification:_identify(.) by extension 'colcon_pkg'
[0.177s] Level 1:colcon.colcon_core.package_identification:_identify(.) by extensions ['colcon_meta']
[0.177s] Level 1:colcon.colcon_core.package_identification:_identify(.) by extension 'colcon_meta'
[0.177s] Level 1:colcon.colcon_core.package_identification:_identify(.) by extensions ['ros']
[0.177s] Level 1:colcon.colcon_core.package_identification:_identify(.) by extension 'ros'
[0.184s] Level 1:colcon.colcon_core.package_identification:_identify(.) by extensions ['cmake', 'python']
[0.184s] Level 1:colcon.colcon_core.package_identification:_identify(.) by extension 'cmake'
[0.184s] Level 1:colcon.colcon_core.package_identification:_identify(.) by extension 'python'
[0.184s] Level 1:colcon.colcon_core.package_identification:_identify(.) by extensions ['python_setup_py']
[0.184s] Level 1:colcon.colcon_core.package_identification:_identify(.) by extension 'python_setup_py'
[0.184s] Level 1:colcon.colcon_core.package_identification:_identify(build) by extensions ['ignore', 'ignore_ament_install']
[0.184s] Level 1:colcon.colcon_core.package_identification:_identify(build) by extension 'ignore'
[0.184s] Level 1:colcon.colcon_core.package_identification:_identify(build) ignored
[0.184s] Level 1:colcon.colcon_core.package_identification:_identify(install) by extensions ['ignore', 'ignore_ament_install']
[0.184s] Level 1:colcon.colcon_core.package_identification:_identify(install) by extension 'ignore'
[0.184s] Level 1:colcon.colcon_core.package_identification:_identify(install) ignored
[0.185s] Level 1:colcon.colcon_core.package_identification:_identify(log) by extensions ['ignore', 'ignore_ament_install']
[0.185s] Level 1:colcon.colcon_core.package_identification:_identify(log) by extension 'ignore'
[0.185s] Level 1:colcon.colcon_core.package_identification:_identify(log) ignored
[0.185s] Level 1:colcon.colcon_core.package_identification:_identify(src) by extensions ['ignore', 'ignore_ament_install']
[0.185s] Level 1:colcon.colcon_core.package_identification:_identify(src) by extension 'ignore'
[0.185s] Level 1:colcon.colcon_core.package_identification:_identify(src) by extension 'ignore_ament_install'
[0.185s] Level 1:colcon.colcon_core.package_identification:_identify(src) by extensions ['colcon_pkg']
[0.185s] Level 1:colcon.colcon_core.package_identification:_identify(src) by extension 'colcon_pkg'
[0.185s] Level 1:colcon.colcon_core.package_identification:_identify(src) by extensions ['colcon_meta']
[0.185s] Level 1:colcon.colcon_core.package_identification:_identify(src) by extension 'colcon_meta'
[0.185s] Level 1:colcon.colcon_core.package_identification:_identify(src) by extensions ['ros']
[0.185s] Level 1:colcon.colcon_core.package_identification:_identify(src) by extension 'ros'
[0.185s] Level 1:colcon.colcon_core.package_identification:_identify(src) by extensions ['cmake', 'python']
[0.185s] Level 1:colcon.colcon_core.package_identification:_identify(src) by extension 'cmake'
[0.185s] Level 1:colcon.colcon_core.package_identification:_identify(src) by extension 'python'
[0.185s] Level 1:colcon.colcon_core.package_identification:_identify(src) by extensions ['python_setup_py']
[0.185s] Level 1:colcon.colcon_core.package_identification:_identify(src) by extension 'python_setup_py'
[0.185s] Level 1:colcon.colcon_core.package_identification:_identify(src/mid360_transform) by extensions ['ignore', 'ignore_ament_install']
[0.185s] Level 1:colcon.colcon_core.package_identification:_identify(src/mid360_transform) by extension 'ignore'
[0.185s] Level 1:colcon.colcon_core.package_identification:_identify(src/mid360_transform) by extension 'ignore_ament_install'
[0.185s] Level 1:colcon.colcon_core.package_identification:_identify(src/mid360_transform) by extensions ['colcon_pkg']
[0.185s] Level 1:colcon.colcon_core.package_identification:_identify(src/mid360_transform) by extension 'colcon_pkg'
[0.185s] Level 1:colcon.colcon_core.package_identification:_identify(src/mid360_transform) by extensions ['colcon_meta']
[0.185s] Level 1:colcon.colcon_core.package_identification:_identify(src/mid360_transform) by extension 'colcon_meta'
[0.185s] Level 1:colcon.colcon_core.package_identification:_identify(src/mid360_transform) by extensions ['ros']
[0.185s] Level 1:colcon.colcon_core.package_identification:_identify(src/mid360_transform) by extension 'ros'
[0.187s] DEBUG:colcon.colcon_core.package_identification:Package 'src/mid360_transform' with type 'ros.ament_cmake' and name 'mid360_transform'
[0.187s] Level 1:colcon.colcon_core.package_identification:_identify(src/slam_to_vision_cpp) by extensions ['ignore', 'ignore_ament_install']
[0.187s] Level 1:colcon.colcon_core.package_identification:_identify(src/slam_to_vision_cpp) by extension 'ignore'
[0.187s] Level 1:colcon.colcon_core.package_identification:_identify(src/slam_to_vision_cpp) by extension 'ignore_ament_install'
[0.187s] Level 1:colcon.colcon_core.package_identification:_identify(src/slam_to_vision_cpp) by extensions ['colcon_pkg']
[0.187s] Level 1:colcon.colcon_core.package_identification:_identify(src/slam_to_vision_cpp) by extension 'colcon_pkg'
[0.187s] Level 1:colcon.colcon_core.package_identification:_identify(src/slam_to_vision_cpp) by extensions ['colcon_meta']
[0.187s] Level 1:colcon.colcon_core.package_identification:_identify(src/slam_to_vision_cpp) by extension 'colcon_meta'
[0.187s] Level 1:colcon.colcon_core.package_identification:_identify(src/slam_to_vision_cpp) by extensions ['ros']
[0.187s] Level 1:colcon.colcon_core.package_identification:_identify(src/slam_to_vision_cpp) by extension 'ros'
[0.188s] DEBUG:colcon.colcon_core.package_identification:Package 'src/slam_to_vision_cpp' with type 'ros.ament_cmake' and name 'slam_to_vision_cpp'
[0.188s] Level 1:colcon.colcon_core.package_discovery:discover_packages(recursive) using defaults
[0.188s] Level 1:colcon.colcon_core.package_discovery:discover_packages(ignore) discover
[0.188s] Level 1:colcon.colcon_core.package_discovery:discover_packages(ignore) using defaults
[0.188s] Level 1:colcon.colcon_core.package_discovery:discover_packages(path) discover
[0.188s] Level 1:colcon.colcon_core.package_discovery:discover_packages(path) using defaults
[0.207s] Level 1:colcon.colcon_core.package_discovery:discover_packages(prefix_path) check parameters
[0.208s] Level 1:colcon.colcon_core.package_discovery:discover_packages(prefix_path) discover
[0.209s] DEBUG:colcon.colcon_installed_package_information.package_discovery:Found 290 installed packages in /opt/ros/humble
[0.210s] Level 1:colcon.colcon_core.package_discovery:discover_packages(prefix_path) using defaults
[0.232s] Level 5:colcon.colcon_core.verb:set package 'mid360_transform' build argument 'cmake_args' from command line to 'None'
[0.232s] Level 5:colcon.colcon_core.verb:set package 'mid360_transform' build argument 'cmake_target' from command line to 'None'
[0.232s] Level 5:colcon.colcon_core.verb:set package 'mid360_transform' build argument 'cmake_target_skip_unavailable' from command line to 'False'
[0.232s] Level 5:colcon.colcon_core.verb:set package 'mid360_transform' build argument 'cmake_clean_cache' from command line to 'False'
[0.232s] Level 5:colcon.colcon_core.verb:set package 'mid360_transform' build argument 'cmake_clean_first' from command line to 'False'
[0.232s] Level 5:colcon.colcon_core.verb:set package 'mid360_transform' build argument 'cmake_force_configure' from command line to 'False'
[0.232s] Level 5:colcon.colcon_core.verb:set package 'mid360_transform' build argument 'ament_cmake_args' from command line to 'None'
[0.232s] Level 5:colcon.colcon_core.verb:set package 'mid360_transform' build argument 'catkin_cmake_args' from command line to 'None'
[0.232s] Level 5:colcon.colcon_core.verb:set package 'mid360_transform' build argument 'catkin_skip_building_tests' from command line to 'False'
[0.232s] DEBUG:colcon.colcon_core.verb:Building package 'mid360_transform' with the following arguments: {'ament_cmake_args': None, 'build_base': '/home/scurm/vision_pos_estimate_ws/build/mid360_transform', 'catkin_cmake_args': None, 'catkin_skip_building_tests': False, 'cmake_args': None, 'cmake_clean_cache': False, 'cmake_clean_first': False, 'cmake_force_configure': False, 'cmake_target': None, 'cmake_target_skip_unavailable': False, 'install_base': '/home/scurm/vision_pos_estimate_ws/install/mid360_transform', 'merge_install': False, 'path': '/home/scurm/vision_pos_estimate_ws/src/mid360_transform', 'symlink_install': False, 'test_result_base': None}
[0.233s] Level 5:colcon.colcon_core.verb:set package 'slam_to_vision_cpp' build argument 'cmake_args' from command line to 'None'
[0.233s] Level 5:colcon.colcon_core.verb:set package 'slam_to_vision_cpp' build argument 'cmake_target' from command line to 'None'
[0.233s] Level 5:colcon.colcon_core.verb:set package 'slam_to_vision_cpp' build argument 'cmake_target_skip_unavailable' from command line to 'False'
[0.233s] Level 5:colcon.colcon_core.verb:set package 'slam_to_vision_cpp' build argument 'cmake_clean_cache' from command line to 'False'
[0.233s] Level 5:colcon.colcon_core.verb:set package 'slam_to_vision_cpp' build argument 'cmake_clean_first' from command line to 'False'
[0.233s] Level 5:colcon.colcon_core.verb:set package 'slam_to_vision_cpp' build argument 'cmake_force_configure' from command line to 'False'
[0.233s] Level 5:colcon.colcon_core.verb:set package 'slam_to_vision_cpp' build argument 'ament_cmake_args' from command line to 'None'
[0.233s] Level 5:colcon.colcon_core.verb:set package 'slam_to_vision_cpp' build argument 'catkin_cmake_args' from command line to 'None'
[0.233s] Level 5:colcon.colcon_core.verb:set package 'slam_to_vision_cpp' build argument 'catkin_skip_building_tests' from command line to 'False'
[0.233s] DEBUG:colcon.colcon_core.verb:Building package 'slam_to_vision_cpp' with the following arguments: {'ament_cmake_args': None, 'build_base': '/home/scurm/vision_pos_estimate_ws/build/slam_to_vision_cpp', 'catkin_cmake_args': None, 'catkin_skip_building_tests': False, 'cmake_args': None, 'cmake_clean_cache': False, 'cmake_clean_first': False, 'cmake_force_configure': False, 'cmake_target': None, 'cmake_target_skip_unavailable': False, 'install_base': '/home/scurm/vision_pos_estimate_ws/install/slam_to_vision_cpp', 'merge_install': False, 'path': '/home/scurm/vision_pos_estimate_ws/src/slam_to_vision_cpp', 'symlink_install': False, 'test_result_base': None}
[0.233s] INFO:colcon.colcon_core.executor:Executing jobs using 'parallel' executor
[0.234s] DEBUG:colcon.colcon_parallel_executor.executor.parallel:run_until_complete
[0.234s] INFO:colcon.colcon_ros.task.ament_cmake.build:Building ROS package in '/home/scurm/vision_pos_estimate_ws/src/mid360_transform' with build type 'ament_cmake'
[0.234s] INFO:colcon.colcon_cmake.task.cmake.build:Building CMake package in '/home/scurm/vision_pos_estimate_ws/src/mid360_transform'
[0.235s] INFO:colcon.colcon_core.plugin_system:Skipping extension 'colcon_core.shell.bat': Not used on non-Windows systems
[0.235s] INFO:colcon.colcon_core.shell:Skip shell extension 'powershell' for command environment: Not usable outside of PowerShell
[0.236s] DEBUG:colcon.colcon_core.shell:Skip shell extension 'dsv' for command environment
[0.237s] INFO:colcon.colcon_ros.task.ament_cmake.build:Building ROS package in '/home/scurm/vision_pos_estimate_ws/src/slam_to_vision_cpp' with build type 'ament_cmake'
[0.237s] INFO:colcon.colcon_cmake.task.cmake.build:Building CMake package in '/home/scurm/vision_pos_estimate_ws/src/slam_to_vision_cpp'
[0.238s] INFO:colcon.colcon_core.shell:Skip shell extension 'powershell' for command environment: Not usable outside of PowerShell
[0.238s] DEBUG:colcon.colcon_core.shell:Skip shell extension 'dsv' for command environment
[0.241s] DEBUG:colcon.colcon_core.event_handler.log_command:Invoking command in '/home/scurm/vision_pos_estimate_ws/build/mid360_transform': CMAKE_PREFIX_PATH=/opt/ros/humble /usr/bin/cmake /home/scurm/vision_pos_estimate_ws/src/mid360_transform -DCMAKE_INSTALL_PREFIX=/home/scurm/vision_pos_estimate_ws/install/mid360_transform
[0.243s] DEBUG:colcon.colcon_core.event_handler.log_command:Invoking command in '/home/scurm/vision_pos_estimate_ws/build/slam_to_vision_cpp': CMAKE_PREFIX_PATH=/opt/ros/humble /usr/bin/cmake /home/scurm/vision_pos_estimate_ws/src/slam_to_vision_cpp -DCMAKE_INSTALL_PREFIX=/home/scurm/vision_pos_estimate_ws/install/slam_to_vision_cpp
[1.093s] DEBUG:colcon.colcon_core.event_handler.log_command:Invoked command in '/home/scurm/vision_pos_estimate_ws/build/mid360_transform' returned '0': CMAKE_PREFIX_PATH=/opt/ros/humble /usr/bin/cmake /home/scurm/vision_pos_estimate_ws/src/mid360_transform -DCMAKE_INSTALL_PREFIX=/home/scurm/vision_pos_estimate_ws/install/mid360_transform
[1.094s] DEBUG:colcon.colcon_core.event_handler.log_command:Invoking command in '/home/scurm/vision_pos_estimate_ws/build/mid360_transform': CMAKE_PREFIX_PATH=/opt/ros/humble /usr/bin/cmake --build /home/scurm/vision_pos_estimate_ws/build/mid360_transform -- -j20 -l20
[1.182s] DEBUG:colcon.colcon_core.event_handler.log_command:Invoked command in '/home/scurm/vision_pos_estimate_ws/build/slam_to_vision_cpp' returned '0': CMAKE_PREFIX_PATH=/opt/ros/humble /usr/bin/cmake /home/scurm/vision_pos_estimate_ws/src/slam_to_vision_cpp -DCMAKE_INSTALL_PREFIX=/home/scurm/vision_pos_estimate_ws/install/slam_to_vision_cpp
[1.184s] DEBUG:colcon.colcon_core.event_handler.log_command:Invoking command in '/home/scurm/vision_pos_estimate_ws/build/slam_to_vision_cpp': CMAKE_PREFIX_PATH=/opt/ros/humble /usr/bin/cmake --build /home/scurm/vision_pos_estimate_ws/build/slam_to_vision_cpp -- -j20 -l20
[7.670s] DEBUG:colcon.colcon_core.event_handler.log_command:Invoked command in '/home/scurm/vision_pos_estimate_ws/build/slam_to_vision_cpp' returned '0': CMAKE_PREFIX_PATH=/opt/ros/humble /usr/bin/cmake --build /home/scurm/vision_pos_estimate_ws/build/slam_to_vision_cpp -- -j20 -l20
[7.682s] DEBUG:colcon.colcon_core.event_handler.log_command:Invoking command in '/home/scurm/vision_pos_estimate_ws/build/slam_to_vision_cpp': CMAKE_PREFIX_PATH=/opt/ros/humble /usr/bin/cmake --install /home/scurm/vision_pos_estimate_ws/build/slam_to_vision_cpp
[7.692s] Level 1:colcon.colcon_core.environment:create_environment_scripts_only(slam_to_vision_cpp)
[7.692s] DEBUG:colcon.colcon_core.event_handler.log_command:Invoked command in '/home/scurm/vision_pos_estimate_ws/build/slam_to_vision_cpp' returned '0': CMAKE_PREFIX_PATH=/opt/ros/humble /usr/bin/cmake --install /home/scurm/vision_pos_estimate_ws/build/slam_to_vision_cpp
[7.695s] Level 1:colcon.colcon_core.environment:checking '/home/scurm/vision_pos_estimate_ws/install/slam_to_vision_cpp' for CMake module files
[7.696s] Level 1:colcon.colcon_core.environment:checking '/home/scurm/vision_pos_estimate_ws/install/slam_to_vision_cpp' for CMake config files
[7.696s] Level 1:colcon.colcon_core.shell:create_environment_hook('slam_to_vision_cpp', 'cmake_prefix_path')
[7.696s] INFO:colcon.colcon_core.shell:Creating environment hook '/home/scurm/vision_pos_estimate_ws/install/slam_to_vision_cpp/share/slam_to_vision_cpp/hook/cmake_prefix_path.ps1'
[7.697s] INFO:colcon.colcon_core.shell:Creating environment descriptor '/home/scurm/vision_pos_estimate_ws/install/slam_to_vision_cpp/share/slam_to_vision_cpp/hook/cmake_prefix_path.dsv'
[7.697s] INFO:colcon.colcon_core.shell:Creating environment hook '/home/scurm/vision_pos_estimate_ws/install/slam_to_vision_cpp/share/slam_to_vision_cpp/hook/cmake_prefix_path.sh'
[7.697s] Level 1:colcon.colcon_core.environment:checking '/home/scurm/vision_pos_estimate_ws/install/slam_to_vision_cpp/lib'
[7.698s] Level 1:colcon.colcon_core.environment:checking '/home/scurm/vision_pos_estimate_ws/install/slam_to_vision_cpp/bin'
[7.698s] Level 1:colcon.colcon_core.environment:checking '/home/scurm/vision_pos_estimate_ws/install/slam_to_vision_cpp/lib/pkgconfig/slam_to_vision_cpp.pc'
[7.698s] Level 1:colcon.colcon_core.environment:checking '/home/scurm/vision_pos_estimate_ws/install/slam_to_vision_cpp/lib/python3.10/site-packages'
[7.698s] Level 1:colcon.colcon_core.environment:checking '/home/scurm/vision_pos_estimate_ws/install/slam_to_vision_cpp/bin'
[7.698s] INFO:colcon.colcon_core.shell:Creating package script '/home/scurm/vision_pos_estimate_ws/install/slam_to_vision_cpp/share/slam_to_vision_cpp/package.ps1'
[7.699s] INFO:colcon.colcon_core.shell:Creating package descriptor '/home/scurm/vision_pos_estimate_ws/install/slam_to_vision_cpp/share/slam_to_vision_cpp/package.dsv'
[7.699s] INFO:colcon.colcon_core.shell:Creating package script '/home/scurm/vision_pos_estimate_ws/install/slam_to_vision_cpp/share/slam_to_vision_cpp/package.sh'
[7.699s] INFO:colcon.colcon_core.shell:Creating package script '/home/scurm/vision_pos_estimate_ws/install/slam_to_vision_cpp/share/slam_to_vision_cpp/package.bash'
[7.700s] INFO:colcon.colcon_core.shell:Creating package script '/home/scurm/vision_pos_estimate_ws/install/slam_to_vision_cpp/share/slam_to_vision_cpp/package.zsh'
[7.700s] Level 1:colcon.colcon_core.environment:create_file_with_runtime_dependencies(/home/scurm/vision_pos_estimate_ws/install/slam_to_vision_cpp/share/colcon-core/packages/slam_to_vision_cpp)
[7.701s] Level 1:colcon.colcon_core.environment:create_environment_scripts_only(slam_to_vision_cpp)
[7.701s] Level 1:colcon.colcon_core.environment:checking '/home/scurm/vision_pos_estimate_ws/install/slam_to_vision_cpp' for CMake module files
[7.701s] Level 1:colcon.colcon_core.environment:checking '/home/scurm/vision_pos_estimate_ws/install/slam_to_vision_cpp' for CMake config files
[7.701s] Level 1:colcon.colcon_core.shell:create_environment_hook('slam_to_vision_cpp', 'cmake_prefix_path')
[7.701s] INFO:colcon.colcon_core.shell:Creating environment hook '/home/scurm/vision_pos_estimate_ws/install/slam_to_vision_cpp/share/slam_to_vision_cpp/hook/cmake_prefix_path.ps1'
[7.702s] INFO:colcon.colcon_core.shell:Creating environment descriptor '/home/scurm/vision_pos_estimate_ws/install/slam_to_vision_cpp/share/slam_to_vision_cpp/hook/cmake_prefix_path.dsv'
[7.702s] INFO:colcon.colcon_core.shell:Creating environment hook '/home/scurm/vision_pos_estimate_ws/install/slam_to_vision_cpp/share/slam_to_vision_cpp/hook/cmake_prefix_path.sh'
[7.702s] Level 1:colcon.colcon_core.environment:checking '/home/scurm/vision_pos_estimate_ws/install/slam_to_vision_cpp/lib'
[7.702s] Level 1:colcon.colcon_core.environment:checking '/home/scurm/vision_pos_estimate_ws/install/slam_to_vision_cpp/bin'
[7.702s] Level 1:colcon.colcon_core.environment:checking '/home/scurm/vision_pos_estimate_ws/install/slam_to_vision_cpp/lib/pkgconfig/slam_to_vision_cpp.pc'
[7.702s] Level 1:colcon.colcon_core.environment:checking '/home/scurm/vision_pos_estimate_ws/install/slam_to_vision_cpp/lib/python3.10/site-packages'
[7.703s] Level 1:colcon.colcon_core.environment:checking '/home/scurm/vision_pos_estimate_ws/install/slam_to_vision_cpp/bin'
[7.703s] INFO:colcon.colcon_core.shell:Creating package script '/home/scurm/vision_pos_estimate_ws/install/slam_to_vision_cpp/share/slam_to_vision_cpp/package.ps1'
[7.703s] INFO:colcon.colcon_core.shell:Creating package descriptor '/home/scurm/vision_pos_estimate_ws/install/slam_to_vision_cpp/share/slam_to_vision_cpp/package.dsv'
[7.703s] INFO:colcon.colcon_core.shell:Creating package script '/home/scurm/vision_pos_estimate_ws/install/slam_to_vision_cpp/share/slam_to_vision_cpp/package.sh'
[7.704s] INFO:colcon.colcon_core.shell:Creating package script '/home/scurm/vision_pos_estimate_ws/install/slam_to_vision_cpp/share/slam_to_vision_cpp/package.bash'
[7.704s] INFO:colcon.colcon_core.shell:Creating package script '/home/scurm/vision_pos_estimate_ws/install/slam_to_vision_cpp/share/slam_to_vision_cpp/package.zsh'
[7.704s] Level 1:colcon.colcon_core.environment:create_file_with_runtime_dependencies(/home/scurm/vision_pos_estimate_ws/install/slam_to_vision_cpp/share/colcon-core/packages/slam_to_vision_cpp)
[9.270s] DEBUG:colcon.colcon_core.event_handler.log_command:Invoked command in '/home/scurm/vision_pos_estimate_ws/build/mid360_transform' returned '0': CMAKE_PREFIX_PATH=/opt/ros/humble /usr/bin/cmake --build /home/scurm/vision_pos_estimate_ws/build/mid360_transform -- -j20 -l20
[9.272s] DEBUG:colcon.colcon_core.event_handler.log_command:Invoking command in '/home/scurm/vision_pos_estimate_ws/build/mid360_transform': CMAKE_PREFIX_PATH=/opt/ros/humble /usr/bin/cmake --install /home/scurm/vision_pos_estimate_ws/build/mid360_transform
[9.285s] Level 1:colcon.colcon_core.environment:create_environment_scripts_only(mid360_transform)
[9.286s] Level 1:colcon.colcon_core.environment:checking '/home/scurm/vision_pos_estimate_ws/install/mid360_transform' for CMake module files
[9.286s] DEBUG:colcon.colcon_core.event_handler.log_command:Invoked command in '/home/scurm/vision_pos_estimate_ws/build/mid360_transform' returned '0': CMAKE_PREFIX_PATH=/opt/ros/humble /usr/bin/cmake --install /home/scurm/vision_pos_estimate_ws/build/mid360_transform
[9.286s] Level 1:colcon.colcon_core.environment:checking '/home/scurm/vision_pos_estimate_ws/install/mid360_transform' for CMake config files
[9.287s] Level 1:colcon.colcon_core.shell:create_environment_hook('mid360_transform', 'cmake_prefix_path')
[9.287s] INFO:colcon.colcon_core.shell:Creating environment hook '/home/scurm/vision_pos_estimate_ws/install/mid360_transform/share/mid360_transform/hook/cmake_prefix_path.ps1'
[9.287s] INFO:colcon.colcon_core.shell:Creating environment descriptor '/home/scurm/vision_pos_estimate_ws/install/mid360_transform/share/mid360_transform/hook/cmake_prefix_path.dsv'
[9.288s] INFO:colcon.colcon_core.shell:Creating environment hook '/home/scurm/vision_pos_estimate_ws/install/mid360_transform/share/mid360_transform/hook/cmake_prefix_path.sh'
[9.288s] Level 1:colcon.colcon_core.environment:checking '/home/scurm/vision_pos_estimate_ws/install/mid360_transform/lib'
[9.289s] Level 1:colcon.colcon_core.environment:checking '/home/scurm/vision_pos_estimate_ws/install/mid360_transform/bin'
[9.289s] Level 1:colcon.colcon_core.environment:checking '/home/scurm/vision_pos_estimate_ws/install/mid360_transform/lib/pkgconfig/mid360_transform.pc'
[9.289s] Level 1:colcon.colcon_core.environment:checking '/home/scurm/vision_pos_estimate_ws/install/mid360_transform/lib/python3.10/site-packages'
[9.289s] Level 1:colcon.colcon_core.environment:checking '/home/scurm/vision_pos_estimate_ws/install/mid360_transform/bin'
[9.289s] INFO:colcon.colcon_core.shell:Creating package script '/home/scurm/vision_pos_estimate_ws/install/mid360_transform/share/mid360_transform/package.ps1'
[9.290s] INFO:colcon.colcon_core.shell:Creating package descriptor '/home/scurm/vision_pos_estimate_ws/install/mid360_transform/share/mid360_transform/package.dsv'
[9.290s] INFO:colcon.colcon_core.shell:Creating package script '/home/scurm/vision_pos_estimate_ws/install/mid360_transform/share/mid360_transform/package.sh'
[9.291s] INFO:colcon.colcon_core.shell:Creating package script '/home/scurm/vision_pos_estimate_ws/install/mid360_transform/share/mid360_transform/package.bash'
[9.291s] INFO:colcon.colcon_core.shell:Creating package script '/home/scurm/vision_pos_estimate_ws/install/mid360_transform/share/mid360_transform/package.zsh'
[9.291s] Level 1:colcon.colcon_core.environment:create_file_with_runtime_dependencies(/home/scurm/vision_pos_estimate_ws/install/mid360_transform/share/colcon-core/packages/mid360_transform)
[9.292s] Level 1:colcon.colcon_core.environment:create_environment_scripts_only(mid360_transform)
[9.292s] Level 1:colcon.colcon_core.environment:checking '/home/scurm/vision_pos_estimate_ws/install/mid360_transform' for CMake module files
[9.292s] Level 1:colcon.colcon_core.environment:checking '/home/scurm/vision_pos_estimate_ws/install/mid360_transform' for CMake config files
[9.292s] Level 1:colcon.colcon_core.shell:create_environment_hook('mid360_transform', 'cmake_prefix_path')
[9.292s] INFO:colcon.colcon_core.shell:Creating environment hook '/home/scurm/vision_pos_estimate_ws/install/mid360_transform/share/mid360_transform/hook/cmake_prefix_path.ps1'
[9.293s] INFO:colcon.colcon_core.shell:Creating environment descriptor '/home/scurm/vision_pos_estimate_ws/install/mid360_transform/share/mid360_transform/hook/cmake_prefix_path.dsv'
[9.293s] INFO:colcon.colcon_core.shell:Creating environment hook '/home/scurm/vision_pos_estimate_ws/install/mid360_transform/share/mid360_transform/hook/cmake_prefix_path.sh'
[9.293s] Level 1:colcon.colcon_core.environment:checking '/home/scurm/vision_pos_estimate_ws/install/mid360_transform/lib'
[9.294s] Level 1:colcon.colcon_core.environment:checking '/home/scurm/vision_pos_estimate_ws/install/mid360_transform/bin'
[9.294s] Level 1:colcon.colcon_core.environment:checking '/home/scurm/vision_pos_estimate_ws/install/mid360_transform/lib/pkgconfig/mid360_transform.pc'
[9.294s] Level 1:colcon.colcon_core.environment:checking '/home/scurm/vision_pos_estimate_ws/install/mid360_transform/lib/python3.10/site-packages'
[9.294s] Level 1:colcon.colcon_core.environment:checking '/home/scurm/vision_pos_estimate_ws/install/mid360_transform/bin'
[9.294s] INFO:colcon.colcon_core.shell:Creating package script '/home/scurm/vision_pos_estimate_ws/install/mid360_transform/share/mid360_transform/package.ps1'
[9.294s] INFO:colcon.colcon_core.shell:Creating package descriptor '/home/scurm/vision_pos_estimate_ws/install/mid360_transform/share/mid360_transform/package.dsv'
[9.295s] INFO:colcon.colcon_core.shell:Creating package script '/home/scurm/vision_pos_estimate_ws/install/mid360_transform/share/mid360_transform/package.sh'
[9.295s] INFO:colcon.colcon_core.shell:Creating package script '/home/scurm/vision_pos_estimate_ws/install/mid360_transform/share/mid360_transform/package.bash'
[9.295s] INFO:colcon.colcon_core.shell:Creating package script '/home/scurm/vision_pos_estimate_ws/install/mid360_transform/share/mid360_transform/package.zsh'
[9.295s] Level 1:colcon.colcon_core.environment:create_file_with_runtime_dependencies(/home/scurm/vision_pos_estimate_ws/install/mid360_transform/share/colcon-core/packages/mid360_transform)
[9.295s] DEBUG:colcon.colcon_parallel_executor.executor.parallel:closing loop
[9.295s] DEBUG:colcon.colcon_parallel_executor.executor.parallel:loop closed
[9.295s] DEBUG:colcon.colcon_parallel_executor.executor.parallel:run_until_complete finished with '0'
[9.295s] DEBUG:colcon.colcon_core.event_reactor:joining thread
[9.299s] INFO:colcon.colcon_core.plugin_system:Skipping extension 'colcon_notification.desktop_notification.terminal_notifier': Not used on non-Darwin systems
[9.299s] INFO:colcon.colcon_core.plugin_system:Skipping extension 'colcon_notification.desktop_notification.win32': Not used on non-Windows systems
[9.299s] INFO:colcon.colcon_notification.desktop_notification:Sending desktop notification using 'notify2'
[9.307s] DEBUG:colcon.colcon_core.event_reactor:joined thread
[9.307s] INFO:colcon.colcon_core.shell:Creating prefix script '/home/scurm/vision_pos_estimate_ws/install/local_setup.ps1'
[9.308s] INFO:colcon.colcon_core.shell:Creating prefix util module '/home/scurm/vision_pos_estimate_ws/install/_local_setup_util_ps1.py'
[9.309s] INFO:colcon.colcon_core.shell:Creating prefix chain script '/home/scurm/vision_pos_estimate_ws/install/setup.ps1'
[9.310s] INFO:colcon.colcon_core.shell:Creating prefix script '/home/scurm/vision_pos_estimate_ws/install/local_setup.sh'
[9.310s] INFO:colcon.colcon_core.shell:Creating prefix util module '/home/scurm/vision_pos_estimate_ws/install/_local_setup_util_sh.py'
[9.311s] INFO:colcon.colcon_core.shell:Creating prefix chain script '/home/scurm/vision_pos_estimate_ws/install/setup.sh'
[9.311s] INFO:colcon.colcon_core.shell:Creating prefix script '/home/scurm/vision_pos_estimate_ws/install/local_setup.bash'
[9.311s] INFO:colcon.colcon_core.shell:Creating prefix chain script '/home/scurm/vision_pos_estimate_ws/install/setup.bash'
[9.312s] INFO:colcon.colcon_core.shell:Creating prefix script '/home/scurm/vision_pos_estimate_ws/install/local_setup.zsh'
[9.312s] INFO:colcon.colcon_core.shell:Creating prefix chain script '/home/scurm/vision_pos_estimate_ws/install/setup.zsh'
