[0.010s] Invoking command in '/home/scurm/vision_pos_estimate_ws/build/mid360_transform': CMAKE_PREFIX_PATH=/opt/ros/humble /usr/bin/cmake --build /home/scurm/vision_pos_estimate_ws/build/mid360_transform -- -j20 -l20
[0.076s] [100%] Built target mid360_transform_node
[0.085s] Invoked command in '/home/scurm/vision_pos_estimate_ws/build/mid360_transform' returned '0': CMAKE_PREFIX_PATH=/opt/ros/humble /usr/bin/cmake --build /home/scurm/vision_pos_estimate_ws/build/mid360_transform -- -j20 -l20
[0.095s] Invoking command in '/home/scurm/vision_pos_estimate_ws/build/mid360_transform': CMAKE_PREFIX_PATH=/opt/ros/humble /usr/bin/cmake --install /home/scurm/vision_pos_estimate_ws/build/mid360_transform
[0.100s] -- Install configuration: ""
[0.102s] -- Up-to-date: /home/scurm/vision_pos_estimate_ws/install/mid360_transform/lib/mid360_transform/mid360_transform_node
[0.102s] -- Up-to-date: /home/scurm/vision_pos_estimate_ws/install/mid360_transform/share/mid360_transform/launch
[0.102s] -- Up-to-date: /home/scurm/vision_pos_estimate_ws/install/mid360_transform/share/mid360_transform/launch/mid360_transform.launch.py
[0.102s] -- Up-to-date: /home/scurm/vision_pos_estimate_ws/install/mid360_transform/share/ament_index/resource_index/package_run_dependencies/mid360_transform
[0.102s] -- Up-to-date: /home/scurm/vision_pos_estimate_ws/install/mid360_transform/share/ament_index/resource_index/parent_prefix_path/mid360_transform
[0.102s] -- Up-to-date: /home/scurm/vision_pos_estimate_ws/install/mid360_transform/share/mid360_transform/environment/ament_prefix_path.sh
[0.102s] -- Up-to-date: /home/scurm/vision_pos_estimate_ws/install/mid360_transform/share/mid360_transform/environment/ament_prefix_path.dsv
[0.102s] -- Up-to-date: /home/scurm/vision_pos_estimate_ws/install/mid360_transform/share/mid360_transform/environment/path.sh
[0.102s] -- Up-to-date: /home/scurm/vision_pos_estimate_ws/install/mid360_transform/share/mid360_transform/environment/path.dsv
[0.102s] -- Up-to-date: /home/scurm/vision_pos_estimate_ws/install/mid360_transform/share/mid360_transform/local_setup.bash
[0.102s] -- Up-to-date: /home/scurm/vision_pos_estimate_ws/install/mid360_transform/share/mid360_transform/local_setup.sh
[0.103s] -- Up-to-date: /home/scurm/vision_pos_estimate_ws/install/mid360_transform/share/mid360_transform/local_setup.zsh
[0.103s] -- Up-to-date: /home/scurm/vision_pos_estimate_ws/install/mid360_transform/share/mid360_transform/local_setup.dsv
[0.103s] -- Installing: /home/scurm/vision_pos_estimate_ws/install/mid360_transform/share/mid360_transform/package.dsv
[0.103s] -- Up-to-date: /home/scurm/vision_pos_estimate_ws/install/mid360_transform/share/ament_index/resource_index/packages/mid360_transform
[0.103s] -- Up-to-date: /home/scurm/vision_pos_estimate_ws/install/mid360_transform/share/mid360_transform/cmake/mid360_transformConfig.cmake
[0.103s] -- Up-to-date: /home/scurm/vision_pos_estimate_ws/install/mid360_transform/share/mid360_transform/cmake/mid360_transformConfig-version.cmake
[0.103s] -- Up-to-date: /home/scurm/vision_pos_estimate_ws/install/mid360_transform/share/mid360_transform/package.xml
[0.105s] Invoked command in '/home/scurm/vision_pos_estimate_ws/build/mid360_transform' returned '0': CMAKE_PREFIX_PATH=/opt/ros/humble /usr/bin/cmake --install /home/scurm/vision_pos_estimate_ws/build/mid360_transform
