[35m[1mConsolidate compiler generated dependencies of target mid360_transform_node[0m
[100%] Built target mid360_transform_node
-- Install configuration: ""
-- Up-to-date: /home/scurm/vision_pos_estimate_ws/install/mid360_transform/lib/mid360_transform/mid360_transform_node
-- Up-to-date: /home/scurm/vision_pos_estimate_ws/install/mid360_transform/share/mid360_transform/launch
-- Up-to-date: /home/scurm/vision_pos_estimate_ws/install/mid360_transform/share/mid360_transform/launch/mid360_transform.launch.py
-- Up-to-date: /home/scurm/vision_pos_estimate_ws/install/mid360_transform/share/ament_index/resource_index/package_run_dependencies/mid360_transform
-- Up-to-date: /home/scurm/vision_pos_estimate_ws/install/mid360_transform/share/ament_index/resource_index/parent_prefix_path/mid360_transform
-- Up-to-date: /home/scurm/vision_pos_estimate_ws/install/mid360_transform/share/mid360_transform/environment/ament_prefix_path.sh
-- Up-to-date: /home/scurm/vision_pos_estimate_ws/install/mid360_transform/share/mid360_transform/environment/ament_prefix_path.dsv
-- Up-to-date: /home/scurm/vision_pos_estimate_ws/install/mid360_transform/share/mid360_transform/environment/path.sh
-- Up-to-date: /home/scurm/vision_pos_estimate_ws/install/mid360_transform/share/mid360_transform/environment/path.dsv
-- Up-to-date: /home/scurm/vision_pos_estimate_ws/install/mid360_transform/share/mid360_transform/local_setup.bash
-- Up-to-date: /home/scurm/vision_pos_estimate_ws/install/mid360_transform/share/mid360_transform/local_setup.sh
-- Up-to-date: /home/scurm/vision_pos_estimate_ws/install/mid360_transform/share/mid360_transform/local_setup.zsh
-- Up-to-date: /home/scurm/vision_pos_estimate_ws/install/mid360_transform/share/mid360_transform/local_setup.dsv
-- Installing: /home/scurm/vision_pos_estimate_ws/install/mid360_transform/share/mid360_transform/package.dsv
-- Up-to-date: /home/scurm/vision_pos_estimate_ws/install/mid360_transform/share/ament_index/resource_index/packages/mid360_transform
-- Up-to-date: /home/scurm/vision_pos_estimate_ws/install/mid360_transform/share/mid360_transform/cmake/mid360_transformConfig.cmake
-- Up-to-date: /home/scurm/vision_pos_estimate_ws/install/mid360_transform/share/mid360_transform/cmake/mid360_transformConfig-version.cmake
-- Up-to-date: /home/scurm/vision_pos_estimate_ws/install/mid360_transform/share/mid360_transform/package.xml
