[0.131s] DEBUG:colcon:Command line arguments: ['/usr/bin/colcon', 'build']
[0.132s] DEBUG:colcon:Parsed command line arguments: Namespace(log_base=None, log_level=None, verb_name='build', build_base='build', install_base='install', merge_install=False, symlink_install=False, test_result_base=None, continue_on_error=False, executor='parallel', parallel_workers=20, event_handlers=None, ignore_user_meta=False, metas=['./colcon.meta'], base_paths=['.'], packages_ignore=None, packages_ignore_regex=None, paths=None, packages_up_to=None, packages_up_to_regex=None, packages_above=None, packages_above_and_dependencies=None, packages_above_depth=None, packages_select_by_dep=None, packages_skip_by_dep=None, packages_skip_up_to=None, packages_select_build_failed=False, packages_skip_build_finished=False, packages_select_test_failures=False, packages_skip_test_passed=False, packages_select=None, packages_skip=None, packages_select_regex=None, packages_skip_regex=None, packages_start=None, packages_end=None, allow_overriding=[], cmake_args=None, cmake_target=None, cmake_target_skip_unavailable=False, cmake_clean_cache=False, cmake_clean_first=False, cmake_force_configure=False, ament_cmake_args=None, catkin_cmake_args=None, catkin_skip_building_tests=False, mixin_files=None, mixin=None, verb_parser=<colcon_mixin.mixin.mixin_argument.MixinArgumentDecorator object at 0x72b086e5ad10>, verb_extension=<colcon_core.verb.build.BuildVerb object at 0x72b086e5a740>, main=<bound method BuildVerb.main of <colcon_core.verb.build.BuildVerb object at 0x72b086e5a740>>, mixin_verb=('build',))
[0.307s] Level 1:colcon.colcon_core.package_discovery:discover_packages(colcon_meta) check parameters
[0.307s] Level 1:colcon.colcon_core.package_discovery:discover_packages(recursive) check parameters
[0.307s] Level 1:colcon.colcon_core.package_discovery:discover_packages(ignore) check parameters
[0.307s] Level 1:colcon.colcon_core.package_discovery:discover_packages(path) check parameters
[0.307s] Level 1:colcon.colcon_core.package_discovery:discover_packages(colcon_meta) discover
[0.307s] Level 1:colcon.colcon_core.package_discovery:discover_packages(recursive) discover
[0.307s] INFO:colcon.colcon_core.package_discovery:Crawling recursively for packages in '/home/scurm/vision_pos_estimate_ws'
[0.307s] Level 1:colcon.colcon_core.package_identification:_identify(.) by extensions ['ignore', 'ignore_ament_install']
[0.307s] Level 1:colcon.colcon_core.package_identification:_identify(.) by extension 'ignore'
[0.307s] Level 1:colcon.colcon_core.package_identification:_identify(.) by extension 'ignore_ament_install'
[0.307s] Level 1:colcon.colcon_core.package_identification:_identify(.) by extensions ['colcon_pkg']
[0.307s] Level 1:colcon.colcon_core.package_identification:_identify(.) by extension 'colcon_pkg'
[0.307s] Level 1:colcon.colcon_core.package_identification:_identify(.) by extensions ['colcon_meta']
[0.307s] Level 1:colcon.colcon_core.package_identification:_identify(.) by extension 'colcon_meta'
[0.307s] Level 1:colcon.colcon_core.package_identification:_identify(.) by extensions ['ros']
[0.307s] Level 1:colcon.colcon_core.package_identification:_identify(.) by extension 'ros'
[0.316s] Level 1:colcon.colcon_core.package_identification:_identify(.) by extensions ['cmake', 'python']
[0.316s] Level 1:colcon.colcon_core.package_identification:_identify(.) by extension 'cmake'
[0.316s] Level 1:colcon.colcon_core.package_identification:_identify(.) by extension 'python'
[0.316s] Level 1:colcon.colcon_core.package_identification:_identify(.) by extensions ['python_setup_py']
[0.316s] Level 1:colcon.colcon_core.package_identification:_identify(.) by extension 'python_setup_py'
[0.316s] Level 1:colcon.colcon_core.package_identification:_identify(build) by extensions ['ignore', 'ignore_ament_install']
[0.316s] Level 1:colcon.colcon_core.package_identification:_identify(build) by extension 'ignore'
[0.316s] Level 1:colcon.colcon_core.package_identification:_identify(build) ignored
[0.316s] Level 1:colcon.colcon_core.package_identification:_identify(install) by extensions ['ignore', 'ignore_ament_install']
[0.316s] Level 1:colcon.colcon_core.package_identification:_identify(install) by extension 'ignore'
[0.316s] Level 1:colcon.colcon_core.package_identification:_identify(install) ignored
[0.316s] Level 1:colcon.colcon_core.package_identification:_identify(log) by extensions ['ignore', 'ignore_ament_install']
[0.316s] Level 1:colcon.colcon_core.package_identification:_identify(log) by extension 'ignore'
[0.316s] Level 1:colcon.colcon_core.package_identification:_identify(log) ignored
[0.316s] Level 1:colcon.colcon_core.package_identification:_identify(src) by extensions ['ignore', 'ignore_ament_install']
[0.316s] Level 1:colcon.colcon_core.package_identification:_identify(src) by extension 'ignore'
[0.316s] Level 1:colcon.colcon_core.package_identification:_identify(src) by extension 'ignore_ament_install'
[0.316s] Level 1:colcon.colcon_core.package_identification:_identify(src) by extensions ['colcon_pkg']
[0.316s] Level 1:colcon.colcon_core.package_identification:_identify(src) by extension 'colcon_pkg'
[0.316s] Level 1:colcon.colcon_core.package_identification:_identify(src) by extensions ['colcon_meta']
[0.316s] Level 1:colcon.colcon_core.package_identification:_identify(src) by extension 'colcon_meta'
[0.316s] Level 1:colcon.colcon_core.package_identification:_identify(src) by extensions ['ros']
[0.316s] Level 1:colcon.colcon_core.package_identification:_identify(src) by extension 'ros'
[0.316s] Level 1:colcon.colcon_core.package_identification:_identify(src) by extensions ['cmake', 'python']
[0.316s] Level 1:colcon.colcon_core.package_identification:_identify(src) by extension 'cmake'
[0.317s] Level 1:colcon.colcon_core.package_identification:_identify(src) by extension 'python'
[0.317s] Level 1:colcon.colcon_core.package_identification:_identify(src) by extensions ['python_setup_py']
[0.317s] Level 1:colcon.colcon_core.package_identification:_identify(src) by extension 'python_setup_py'
[0.317s] Level 1:colcon.colcon_core.package_identification:_identify(src/mid360_transform) by extensions ['ignore', 'ignore_ament_install']
[0.317s] Level 1:colcon.colcon_core.package_identification:_identify(src/mid360_transform) by extension 'ignore'
[0.317s] Level 1:colcon.colcon_core.package_identification:_identify(src/mid360_transform) by extension 'ignore_ament_install'
[0.317s] Level 1:colcon.colcon_core.package_identification:_identify(src/mid360_transform) by extensions ['colcon_pkg']
[0.317s] Level 1:colcon.colcon_core.package_identification:_identify(src/mid360_transform) by extension 'colcon_pkg'
[0.317s] Level 1:colcon.colcon_core.package_identification:_identify(src/mid360_transform) by extensions ['colcon_meta']
[0.317s] Level 1:colcon.colcon_core.package_identification:_identify(src/mid360_transform) by extension 'colcon_meta'
[0.317s] Level 1:colcon.colcon_core.package_identification:_identify(src/mid360_transform) by extensions ['ros']
[0.317s] Level 1:colcon.colcon_core.package_identification:_identify(src/mid360_transform) by extension 'ros'
[0.319s] DEBUG:colcon.colcon_core.package_identification:Package 'src/mid360_transform' with type 'ros.ament_cmake' and name 'mid360_transform'
[0.319s] Level 1:colcon.colcon_core.package_identification:_identify(src/slam_to_vision_cpp) by extensions ['ignore', 'ignore_ament_install']
[0.319s] Level 1:colcon.colcon_core.package_identification:_identify(src/slam_to_vision_cpp) by extension 'ignore'
[0.319s] Level 1:colcon.colcon_core.package_identification:_identify(src/slam_to_vision_cpp) by extension 'ignore_ament_install'
[0.319s] Level 1:colcon.colcon_core.package_identification:_identify(src/slam_to_vision_cpp) by extensions ['colcon_pkg']
[0.319s] Level 1:colcon.colcon_core.package_identification:_identify(src/slam_to_vision_cpp) by extension 'colcon_pkg'
[0.319s] Level 1:colcon.colcon_core.package_identification:_identify(src/slam_to_vision_cpp) by extensions ['colcon_meta']
[0.319s] Level 1:colcon.colcon_core.package_identification:_identify(src/slam_to_vision_cpp) by extension 'colcon_meta'
[0.319s] Level 1:colcon.colcon_core.package_identification:_identify(src/slam_to_vision_cpp) by extensions ['ros']
[0.319s] Level 1:colcon.colcon_core.package_identification:_identify(src/slam_to_vision_cpp) by extension 'ros'
[0.320s] DEBUG:colcon.colcon_core.package_identification:Package 'src/slam_to_vision_cpp' with type 'ros.ament_cmake' and name 'slam_to_vision_cpp'
[0.320s] Level 1:colcon.colcon_core.package_discovery:discover_packages(recursive) using defaults
[0.320s] Level 1:colcon.colcon_core.package_discovery:discover_packages(ignore) discover
[0.320s] Level 1:colcon.colcon_core.package_discovery:discover_packages(ignore) using defaults
[0.320s] Level 1:colcon.colcon_core.package_discovery:discover_packages(path) discover
[0.320s] Level 1:colcon.colcon_core.package_discovery:discover_packages(path) using defaults
[0.349s] Level 1:colcon.colcon_core.package_discovery:discover_packages(prefix_path) check parameters
[0.349s] Level 1:colcon.colcon_core.package_discovery:discover_packages(prefix_path) discover
[0.351s] DEBUG:colcon.colcon_installed_package_information.package_discovery:Found 290 installed packages in /opt/ros/humble
[0.352s] Level 1:colcon.colcon_core.package_discovery:discover_packages(prefix_path) using defaults
[0.375s] Level 5:colcon.colcon_core.verb:set package 'mid360_transform' build argument 'cmake_args' from command line to 'None'
[0.375s] Level 5:colcon.colcon_core.verb:set package 'mid360_transform' build argument 'cmake_target' from command line to 'None'
[0.375s] Level 5:colcon.colcon_core.verb:set package 'mid360_transform' build argument 'cmake_target_skip_unavailable' from command line to 'False'
[0.375s] Level 5:colcon.colcon_core.verb:set package 'mid360_transform' build argument 'cmake_clean_cache' from command line to 'False'
[0.375s] Level 5:colcon.colcon_core.verb:set package 'mid360_transform' build argument 'cmake_clean_first' from command line to 'False'
[0.375s] Level 5:colcon.colcon_core.verb:set package 'mid360_transform' build argument 'cmake_force_configure' from command line to 'False'
[0.375s] Level 5:colcon.colcon_core.verb:set package 'mid360_transform' build argument 'ament_cmake_args' from command line to 'None'
[0.375s] Level 5:colcon.colcon_core.verb:set package 'mid360_transform' build argument 'catkin_cmake_args' from command line to 'None'
[0.375s] Level 5:colcon.colcon_core.verb:set package 'mid360_transform' build argument 'catkin_skip_building_tests' from command line to 'False'
[0.375s] DEBUG:colcon.colcon_core.verb:Building package 'mid360_transform' with the following arguments: {'ament_cmake_args': None, 'build_base': '/home/scurm/vision_pos_estimate_ws/build/mid360_transform', 'catkin_cmake_args': None, 'catkin_skip_building_tests': False, 'cmake_args': None, 'cmake_clean_cache': False, 'cmake_clean_first': False, 'cmake_force_configure': False, 'cmake_target': None, 'cmake_target_skip_unavailable': False, 'install_base': '/home/scurm/vision_pos_estimate_ws/install/mid360_transform', 'merge_install': False, 'path': '/home/scurm/vision_pos_estimate_ws/src/mid360_transform', 'symlink_install': False, 'test_result_base': None}
[0.376s] Level 5:colcon.colcon_core.verb:set package 'slam_to_vision_cpp' build argument 'cmake_args' from command line to 'None'
[0.376s] Level 5:colcon.colcon_core.verb:set package 'slam_to_vision_cpp' build argument 'cmake_target' from command line to 'None'
[0.376s] Level 5:colcon.colcon_core.verb:set package 'slam_to_vision_cpp' build argument 'cmake_target_skip_unavailable' from command line to 'False'
[0.376s] Level 5:colcon.colcon_core.verb:set package 'slam_to_vision_cpp' build argument 'cmake_clean_cache' from command line to 'False'
[0.376s] Level 5:colcon.colcon_core.verb:set package 'slam_to_vision_cpp' build argument 'cmake_clean_first' from command line to 'False'
[0.376s] Level 5:colcon.colcon_core.verb:set package 'slam_to_vision_cpp' build argument 'cmake_force_configure' from command line to 'False'
[0.376s] Level 5:colcon.colcon_core.verb:set package 'slam_to_vision_cpp' build argument 'ament_cmake_args' from command line to 'None'
[0.376s] Level 5:colcon.colcon_core.verb:set package 'slam_to_vision_cpp' build argument 'catkin_cmake_args' from command line to 'None'
[0.376s] Level 5:colcon.colcon_core.verb:set package 'slam_to_vision_cpp' build argument 'catkin_skip_building_tests' from command line to 'False'
[0.376s] DEBUG:colcon.colcon_core.verb:Building package 'slam_to_vision_cpp' with the following arguments: {'ament_cmake_args': None, 'build_base': '/home/scurm/vision_pos_estimate_ws/build/slam_to_vision_cpp', 'catkin_cmake_args': None, 'catkin_skip_building_tests': False, 'cmake_args': None, 'cmake_clean_cache': False, 'cmake_clean_first': False, 'cmake_force_configure': False, 'cmake_target': None, 'cmake_target_skip_unavailable': False, 'install_base': '/home/scurm/vision_pos_estimate_ws/install/slam_to_vision_cpp', 'merge_install': False, 'path': '/home/scurm/vision_pos_estimate_ws/src/slam_to_vision_cpp', 'symlink_install': False, 'test_result_base': None}
[0.376s] INFO:colcon.colcon_core.executor:Executing jobs using 'parallel' executor
[0.377s] DEBUG:colcon.colcon_parallel_executor.executor.parallel:run_until_complete
[0.377s] INFO:colcon.colcon_ros.task.ament_cmake.build:Building ROS package in '/home/scurm/vision_pos_estimate_ws/src/mid360_transform' with build type 'ament_cmake'
[0.377s] INFO:colcon.colcon_cmake.task.cmake.build:Building CMake package in '/home/scurm/vision_pos_estimate_ws/src/mid360_transform'
[0.380s] INFO:colcon.colcon_core.plugin_system:Skipping extension 'colcon_core.shell.bat': Not used on non-Windows systems
[0.380s] INFO:colcon.colcon_core.shell:Skip shell extension 'powershell' for command environment: Not usable outside of PowerShell
[0.380s] DEBUG:colcon.colcon_core.shell:Skip shell extension 'dsv' for command environment
[0.382s] INFO:colcon.colcon_ros.task.ament_cmake.build:Building ROS package in '/home/scurm/vision_pos_estimate_ws/src/slam_to_vision_cpp' with build type 'ament_cmake'
[0.382s] INFO:colcon.colcon_cmake.task.cmake.build:Building CMake package in '/home/scurm/vision_pos_estimate_ws/src/slam_to_vision_cpp'
[0.383s] INFO:colcon.colcon_core.shell:Skip shell extension 'powershell' for command environment: Not usable outside of PowerShell
[0.383s] DEBUG:colcon.colcon_core.shell:Skip shell extension 'dsv' for command environment
[0.388s] DEBUG:colcon.colcon_core.event_handler.log_command:Invoking command in '/home/scurm/vision_pos_estimate_ws/build/mid360_transform': CMAKE_PREFIX_PATH=/opt/ros/humble /usr/bin/cmake --build /home/scurm/vision_pos_estimate_ws/build/mid360_transform -- -j20 -l20
[0.394s] DEBUG:colcon.colcon_core.event_handler.log_command:Invoking command in '/home/scurm/vision_pos_estimate_ws/build/slam_to_vision_cpp': CMAKE_PREFIX_PATH=/opt/ros/humble /usr/bin/cmake --build /home/scurm/vision_pos_estimate_ws/build/slam_to_vision_cpp -- -j20 -l20
[0.475s] DEBUG:colcon.colcon_core.event_handler.log_command:Invoked command in '/home/scurm/vision_pos_estimate_ws/build/mid360_transform' returned '0': CMAKE_PREFIX_PATH=/opt/ros/humble /usr/bin/cmake --build /home/scurm/vision_pos_estimate_ws/build/mid360_transform -- -j20 -l20
[0.488s] DEBUG:colcon.colcon_core.event_handler.log_command:Invoking command in '/home/scurm/vision_pos_estimate_ws/build/mid360_transform': CMAKE_PREFIX_PATH=/opt/ros/humble /usr/bin/cmake --install /home/scurm/vision_pos_estimate_ws/build/mid360_transform
[0.502s] Level 1:colcon.colcon_core.environment:create_environment_scripts_only(mid360_transform)
[0.503s] DEBUG:colcon.colcon_core.event_handler.log_command:Invoked command in '/home/scurm/vision_pos_estimate_ws/build/mid360_transform' returned '0': CMAKE_PREFIX_PATH=/opt/ros/humble /usr/bin/cmake --install /home/scurm/vision_pos_estimate_ws/build/mid360_transform
[0.510s] Level 1:colcon.colcon_core.environment:checking '/home/scurm/vision_pos_estimate_ws/install/mid360_transform' for CMake module files
[0.510s] Level 1:colcon.colcon_core.environment:checking '/home/scurm/vision_pos_estimate_ws/install/mid360_transform' for CMake config files
[0.510s] Level 1:colcon.colcon_core.shell:create_environment_hook('mid360_transform', 'cmake_prefix_path')
[0.511s] INFO:colcon.colcon_core.shell:Creating environment hook '/home/scurm/vision_pos_estimate_ws/install/mid360_transform/share/mid360_transform/hook/cmake_prefix_path.ps1'
[0.512s] INFO:colcon.colcon_core.shell:Creating environment descriptor '/home/scurm/vision_pos_estimate_ws/install/mid360_transform/share/mid360_transform/hook/cmake_prefix_path.dsv'
[0.513s] INFO:colcon.colcon_core.shell:Creating environment hook '/home/scurm/vision_pos_estimate_ws/install/mid360_transform/share/mid360_transform/hook/cmake_prefix_path.sh'
[0.514s] Level 1:colcon.colcon_core.environment:checking '/home/scurm/vision_pos_estimate_ws/install/mid360_transform/lib'
[0.515s] Level 1:colcon.colcon_core.environment:checking '/home/scurm/vision_pos_estimate_ws/install/mid360_transform/bin'
[0.515s] Level 1:colcon.colcon_core.environment:checking '/home/scurm/vision_pos_estimate_ws/install/mid360_transform/lib/pkgconfig/mid360_transform.pc'
[0.515s] Level 1:colcon.colcon_core.environment:checking '/home/scurm/vision_pos_estimate_ws/install/mid360_transform/lib/python3.10/site-packages'
[0.515s] Level 1:colcon.colcon_core.environment:checking '/home/scurm/vision_pos_estimate_ws/install/mid360_transform/bin'
[0.516s] INFO:colcon.colcon_core.shell:Creating package script '/home/scurm/vision_pos_estimate_ws/install/mid360_transform/share/mid360_transform/package.ps1'
[0.517s] INFO:colcon.colcon_core.shell:Creating package descriptor '/home/scurm/vision_pos_estimate_ws/install/mid360_transform/share/mid360_transform/package.dsv'
[0.517s] INFO:colcon.colcon_core.shell:Creating package script '/home/scurm/vision_pos_estimate_ws/install/mid360_transform/share/mid360_transform/package.sh'
[0.518s] INFO:colcon.colcon_core.shell:Creating package script '/home/scurm/vision_pos_estimate_ws/install/mid360_transform/share/mid360_transform/package.bash'
[0.519s] INFO:colcon.colcon_core.shell:Creating package script '/home/scurm/vision_pos_estimate_ws/install/mid360_transform/share/mid360_transform/package.zsh'
[0.520s] Level 1:colcon.colcon_core.environment:create_file_with_runtime_dependencies(/home/scurm/vision_pos_estimate_ws/install/mid360_transform/share/colcon-core/packages/mid360_transform)
[0.520s] Level 1:colcon.colcon_core.environment:create_environment_scripts_only(mid360_transform)
[0.521s] Level 1:colcon.colcon_core.environment:checking '/home/scurm/vision_pos_estimate_ws/install/mid360_transform' for CMake module files
[0.521s] Level 1:colcon.colcon_core.environment:checking '/home/scurm/vision_pos_estimate_ws/install/mid360_transform' for CMake config files
[0.521s] Level 1:colcon.colcon_core.shell:create_environment_hook('mid360_transform', 'cmake_prefix_path')
[0.521s] INFO:colcon.colcon_core.shell:Creating environment hook '/home/scurm/vision_pos_estimate_ws/install/mid360_transform/share/mid360_transform/hook/cmake_prefix_path.ps1'
[0.522s] INFO:colcon.colcon_core.shell:Creating environment descriptor '/home/scurm/vision_pos_estimate_ws/install/mid360_transform/share/mid360_transform/hook/cmake_prefix_path.dsv'
[0.522s] INFO:colcon.colcon_core.shell:Creating environment hook '/home/scurm/vision_pos_estimate_ws/install/mid360_transform/share/mid360_transform/hook/cmake_prefix_path.sh'
[0.523s] Level 1:colcon.colcon_core.environment:checking '/home/scurm/vision_pos_estimate_ws/install/mid360_transform/lib'
[0.523s] Level 1:colcon.colcon_core.environment:checking '/home/scurm/vision_pos_estimate_ws/install/mid360_transform/bin'
[0.523s] Level 1:colcon.colcon_core.environment:checking '/home/scurm/vision_pos_estimate_ws/install/mid360_transform/lib/pkgconfig/mid360_transform.pc'
[0.523s] Level 1:colcon.colcon_core.environment:checking '/home/scurm/vision_pos_estimate_ws/install/mid360_transform/lib/python3.10/site-packages'
[0.523s] Level 1:colcon.colcon_core.environment:checking '/home/scurm/vision_pos_estimate_ws/install/mid360_transform/bin'
[0.523s] INFO:colcon.colcon_core.shell:Creating package script '/home/scurm/vision_pos_estimate_ws/install/mid360_transform/share/mid360_transform/package.ps1'
[0.524s] INFO:colcon.colcon_core.shell:Creating package descriptor '/home/scurm/vision_pos_estimate_ws/install/mid360_transform/share/mid360_transform/package.dsv'
[0.524s] INFO:colcon.colcon_core.shell:Creating package script '/home/scurm/vision_pos_estimate_ws/install/mid360_transform/share/mid360_transform/package.sh'
[0.525s] INFO:colcon.colcon_core.shell:Creating package script '/home/scurm/vision_pos_estimate_ws/install/mid360_transform/share/mid360_transform/package.bash'
[0.525s] INFO:colcon.colcon_core.shell:Creating package script '/home/scurm/vision_pos_estimate_ws/install/mid360_transform/share/mid360_transform/package.zsh'
[0.525s] Level 1:colcon.colcon_core.environment:create_file_with_runtime_dependencies(/home/scurm/vision_pos_estimate_ws/install/mid360_transform/share/colcon-core/packages/mid360_transform)
[7.351s] DEBUG:colcon.colcon_core.event_handler.log_command:Invoked command in '/home/scurm/vision_pos_estimate_ws/build/slam_to_vision_cpp' returned '0': CMAKE_PREFIX_PATH=/opt/ros/humble /usr/bin/cmake --build /home/scurm/vision_pos_estimate_ws/build/slam_to_vision_cpp -- -j20 -l20
[7.353s] DEBUG:colcon.colcon_core.event_handler.log_command:Invoking command in '/home/scurm/vision_pos_estimate_ws/build/slam_to_vision_cpp': CMAKE_PREFIX_PATH=/opt/ros/humble /usr/bin/cmake --install /home/scurm/vision_pos_estimate_ws/build/slam_to_vision_cpp
[7.366s] Level 1:colcon.colcon_core.environment:create_environment_scripts_only(slam_to_vision_cpp)
[7.366s] Level 1:colcon.colcon_core.environment:checking '/home/scurm/vision_pos_estimate_ws/install/slam_to_vision_cpp' for CMake module files
[7.367s] DEBUG:colcon.colcon_core.event_handler.log_command:Invoked command in '/home/scurm/vision_pos_estimate_ws/build/slam_to_vision_cpp' returned '0': CMAKE_PREFIX_PATH=/opt/ros/humble /usr/bin/cmake --install /home/scurm/vision_pos_estimate_ws/build/slam_to_vision_cpp
[7.368s] Level 1:colcon.colcon_core.environment:checking '/home/scurm/vision_pos_estimate_ws/install/slam_to_vision_cpp' for CMake config files
[7.368s] Level 1:colcon.colcon_core.shell:create_environment_hook('slam_to_vision_cpp', 'cmake_prefix_path')
[7.368s] INFO:colcon.colcon_core.shell:Creating environment hook '/home/scurm/vision_pos_estimate_ws/install/slam_to_vision_cpp/share/slam_to_vision_cpp/hook/cmake_prefix_path.ps1'
[7.369s] INFO:colcon.colcon_core.shell:Creating environment descriptor '/home/scurm/vision_pos_estimate_ws/install/slam_to_vision_cpp/share/slam_to_vision_cpp/hook/cmake_prefix_path.dsv'
[7.370s] INFO:colcon.colcon_core.shell:Creating environment hook '/home/scurm/vision_pos_estimate_ws/install/slam_to_vision_cpp/share/slam_to_vision_cpp/hook/cmake_prefix_path.sh'
[7.371s] Level 1:colcon.colcon_core.environment:checking '/home/scurm/vision_pos_estimate_ws/install/slam_to_vision_cpp/lib'
[7.371s] Level 1:colcon.colcon_core.environment:checking '/home/scurm/vision_pos_estimate_ws/install/slam_to_vision_cpp/bin'
[7.371s] Level 1:colcon.colcon_core.environment:checking '/home/scurm/vision_pos_estimate_ws/install/slam_to_vision_cpp/lib/pkgconfig/slam_to_vision_cpp.pc'
[7.371s] Level 1:colcon.colcon_core.environment:checking '/home/scurm/vision_pos_estimate_ws/install/slam_to_vision_cpp/lib/python3.10/site-packages'
[7.372s] Level 1:colcon.colcon_core.environment:checking '/home/scurm/vision_pos_estimate_ws/install/slam_to_vision_cpp/bin'
[7.372s] INFO:colcon.colcon_core.shell:Creating package script '/home/scurm/vision_pos_estimate_ws/install/slam_to_vision_cpp/share/slam_to_vision_cpp/package.ps1'
[7.373s] INFO:colcon.colcon_core.shell:Creating package descriptor '/home/scurm/vision_pos_estimate_ws/install/slam_to_vision_cpp/share/slam_to_vision_cpp/package.dsv'
[7.374s] INFO:colcon.colcon_core.shell:Creating package script '/home/scurm/vision_pos_estimate_ws/install/slam_to_vision_cpp/share/slam_to_vision_cpp/package.sh'
[7.374s] INFO:colcon.colcon_core.shell:Creating package script '/home/scurm/vision_pos_estimate_ws/install/slam_to_vision_cpp/share/slam_to_vision_cpp/package.bash'
[7.375s] INFO:colcon.colcon_core.shell:Creating package script '/home/scurm/vision_pos_estimate_ws/install/slam_to_vision_cpp/share/slam_to_vision_cpp/package.zsh'
[7.375s] Level 1:colcon.colcon_core.environment:create_file_with_runtime_dependencies(/home/scurm/vision_pos_estimate_ws/install/slam_to_vision_cpp/share/colcon-core/packages/slam_to_vision_cpp)
[7.376s] Level 1:colcon.colcon_core.environment:create_environment_scripts_only(slam_to_vision_cpp)
[7.376s] Level 1:colcon.colcon_core.environment:checking '/home/scurm/vision_pos_estimate_ws/install/slam_to_vision_cpp' for CMake module files
[7.377s] Level 1:colcon.colcon_core.environment:checking '/home/scurm/vision_pos_estimate_ws/install/slam_to_vision_cpp' for CMake config files
[7.377s] Level 1:colcon.colcon_core.shell:create_environment_hook('slam_to_vision_cpp', 'cmake_prefix_path')
[7.377s] INFO:colcon.colcon_core.shell:Creating environment hook '/home/scurm/vision_pos_estimate_ws/install/slam_to_vision_cpp/share/slam_to_vision_cpp/hook/cmake_prefix_path.ps1'
[7.377s] INFO:colcon.colcon_core.shell:Creating environment descriptor '/home/scurm/vision_pos_estimate_ws/install/slam_to_vision_cpp/share/slam_to_vision_cpp/hook/cmake_prefix_path.dsv'
[7.378s] INFO:colcon.colcon_core.shell:Creating environment hook '/home/scurm/vision_pos_estimate_ws/install/slam_to_vision_cpp/share/slam_to_vision_cpp/hook/cmake_prefix_path.sh'
[7.378s] Level 1:colcon.colcon_core.environment:checking '/home/scurm/vision_pos_estimate_ws/install/slam_to_vision_cpp/lib'
[7.378s] Level 1:colcon.colcon_core.environment:checking '/home/scurm/vision_pos_estimate_ws/install/slam_to_vision_cpp/bin'
[7.378s] Level 1:colcon.colcon_core.environment:checking '/home/scurm/vision_pos_estimate_ws/install/slam_to_vision_cpp/lib/pkgconfig/slam_to_vision_cpp.pc'
[7.379s] Level 1:colcon.colcon_core.environment:checking '/home/scurm/vision_pos_estimate_ws/install/slam_to_vision_cpp/lib/python3.10/site-packages'
[7.379s] Level 1:colcon.colcon_core.environment:checking '/home/scurm/vision_pos_estimate_ws/install/slam_to_vision_cpp/bin'
[7.379s] INFO:colcon.colcon_core.shell:Creating package script '/home/scurm/vision_pos_estimate_ws/install/slam_to_vision_cpp/share/slam_to_vision_cpp/package.ps1'
[7.380s] INFO:colcon.colcon_core.shell:Creating package descriptor '/home/scurm/vision_pos_estimate_ws/install/slam_to_vision_cpp/share/slam_to_vision_cpp/package.dsv'
[7.380s] INFO:colcon.colcon_core.shell:Creating package script '/home/scurm/vision_pos_estimate_ws/install/slam_to_vision_cpp/share/slam_to_vision_cpp/package.sh'
[7.381s] INFO:colcon.colcon_core.shell:Creating package script '/home/scurm/vision_pos_estimate_ws/install/slam_to_vision_cpp/share/slam_to_vision_cpp/package.bash'
[7.381s] INFO:colcon.colcon_core.shell:Creating package script '/home/scurm/vision_pos_estimate_ws/install/slam_to_vision_cpp/share/slam_to_vision_cpp/package.zsh'
[7.382s] Level 1:colcon.colcon_core.environment:create_file_with_runtime_dependencies(/home/scurm/vision_pos_estimate_ws/install/slam_to_vision_cpp/share/colcon-core/packages/slam_to_vision_cpp)
[7.382s] DEBUG:colcon.colcon_parallel_executor.executor.parallel:closing loop
[7.382s] DEBUG:colcon.colcon_parallel_executor.executor.parallel:loop closed
[7.382s] DEBUG:colcon.colcon_parallel_executor.executor.parallel:run_until_complete finished with '0'
[7.382s] DEBUG:colcon.colcon_core.event_reactor:joining thread
[7.386s] INFO:colcon.colcon_core.plugin_system:Skipping extension 'colcon_notification.desktop_notification.terminal_notifier': Not used on non-Darwin systems
[7.386s] INFO:colcon.colcon_core.plugin_system:Skipping extension 'colcon_notification.desktop_notification.win32': Not used on non-Windows systems
[7.386s] INFO:colcon.colcon_notification.desktop_notification:Sending desktop notification using 'notify2'
[7.409s] DEBUG:colcon.colcon_core.event_reactor:joined thread
[7.410s] INFO:colcon.colcon_core.shell:Creating prefix script '/home/scurm/vision_pos_estimate_ws/install/local_setup.ps1'
[7.411s] INFO:colcon.colcon_core.shell:Creating prefix util module '/home/scurm/vision_pos_estimate_ws/install/_local_setup_util_ps1.py'
[7.412s] INFO:colcon.colcon_core.shell:Creating prefix chain script '/home/scurm/vision_pos_estimate_ws/install/setup.ps1'
[7.413s] INFO:colcon.colcon_core.shell:Creating prefix script '/home/scurm/vision_pos_estimate_ws/install/local_setup.sh'
[7.413s] INFO:colcon.colcon_core.shell:Creating prefix util module '/home/scurm/vision_pos_estimate_ws/install/_local_setup_util_sh.py'
[7.414s] INFO:colcon.colcon_core.shell:Creating prefix chain script '/home/scurm/vision_pos_estimate_ws/install/setup.sh'
[7.415s] INFO:colcon.colcon_core.shell:Creating prefix script '/home/scurm/vision_pos_estimate_ws/install/local_setup.bash'
[7.415s] INFO:colcon.colcon_core.shell:Creating prefix chain script '/home/scurm/vision_pos_estimate_ws/install/setup.bash'
[7.416s] INFO:colcon.colcon_core.shell:Creating prefix script '/home/scurm/vision_pos_estimate_ws/install/local_setup.zsh'
[7.416s] INFO:colcon.colcon_core.shell:Creating prefix chain script '/home/scurm/vision_pos_estimate_ws/install/setup.zsh'
