[0.010s] Invoking command in '/home/scurm/MyLivoxWorkSpace/build/slam_to_vision_cpp': CMAKE_PREFIX_PATH=/opt/ros/humble /usr/bin/cmake --build /home/scurm/MyLivoxWorkSpace/build/slam_to_vision_cpp -- -j20 -l20
[0.078s] [35m[1mConsolidate compiler generated dependencies of target slam_to_vision_node[0m
[0.096s] [ 50%] [32mBuilding CXX object CMakeFiles/slam_to_vision_node.dir/src/slam_to_vision_node.cpp.o[0m
[5.811s] [100%] [32m[1mLinking CXX executable slam_to_vision_node[0m
[6.139s] [100%] Built target slam_to_vision_node
[6.152s] Invoked command in '/home/scurm/MyLivoxWorkSpace/build/slam_to_vision_cpp' returned '0': CMAKE_PREFIX_PATH=/opt/ros/humble /usr/bin/cmake --build /home/scurm/MyLivoxWorkSpace/build/slam_to_vision_cpp -- -j20 -l20
[6.161s] Invoking command in '/home/scurm/MyLivoxWorkSpace/build/slam_to_vision_cpp': CMAKE_PREFIX_PATH=/opt/ros/humble /usr/bin/cmake --install /home/scurm/MyLivoxWorkSpace/build/slam_to_vision_cpp
[6.169s] -- Install configuration: ""
[6.170s] -- Installing: /home/scurm/MyLivoxWorkSpace/install/slam_to_vision_cpp/lib/slam_to_vision_cpp/slam_to_vision_node
[6.173s] -- Set runtime path of "/home/scurm/MyLivoxWorkSpace/install/slam_to_vision_cpp/lib/slam_to_vision_cpp/slam_to_vision_node" to ""
[6.173s] -- Up-to-date: /home/scurm/MyLivoxWorkSpace/install/slam_to_vision_cpp/share/ament_index/resource_index/package_run_dependencies/slam_to_vision_cpp
[6.173s] -- Up-to-date: /home/scurm/MyLivoxWorkSpace/install/slam_to_vision_cpp/share/ament_index/resource_index/parent_prefix_path/slam_to_vision_cpp
[6.173s] -- Up-to-date: /home/scurm/MyLivoxWorkSpace/install/slam_to_vision_cpp/share/slam_to_vision_cpp/environment/ament_prefix_path.sh
[6.173s] -- Up-to-date: /home/scurm/MyLivoxWorkSpace/install/slam_to_vision_cpp/share/slam_to_vision_cpp/environment/ament_prefix_path.dsv
[6.173s] -- Up-to-date: /home/scurm/MyLivoxWorkSpace/install/slam_to_vision_cpp/share/slam_to_vision_cpp/environment/path.sh
[6.173s] -- Up-to-date: /home/scurm/MyLivoxWorkSpace/install/slam_to_vision_cpp/share/slam_to_vision_cpp/environment/path.dsv
[6.173s] -- Up-to-date: /home/scurm/MyLivoxWorkSpace/install/slam_to_vision_cpp/share/slam_to_vision_cpp/local_setup.bash
[6.173s] -- Up-to-date: /home/scurm/MyLivoxWorkSpace/install/slam_to_vision_cpp/share/slam_to_vision_cpp/local_setup.sh
[6.173s] -- Up-to-date: /home/scurm/MyLivoxWorkSpace/install/slam_to_vision_cpp/share/slam_to_vision_cpp/local_setup.zsh
[6.173s] -- Up-to-date: /home/scurm/MyLivoxWorkSpace/install/slam_to_vision_cpp/share/slam_to_vision_cpp/local_setup.dsv
[6.173s] -- Installing: /home/scurm/MyLivoxWorkSpace/install/slam_to_vision_cpp/share/slam_to_vision_cpp/package.dsv
[6.175s] -- Up-to-date: /home/scurm/MyLivoxWorkSpace/install/slam_to_vision_cpp/share/ament_index/resource_index/packages/slam_to_vision_cpp
[6.175s] -- Up-to-date: /home/scurm/MyLivoxWorkSpace/install/slam_to_vision_cpp/share/slam_to_vision_cpp/cmake/slam_to_vision_cppConfig.cmake
[6.175s] -- Up-to-date: /home/scurm/MyLivoxWorkSpace/install/slam_to_vision_cpp/share/slam_to_vision_cpp/cmake/slam_to_vision_cppConfig-version.cmake
[6.175s] -- Up-to-date: /home/scurm/MyLivoxWorkSpace/install/slam_to_vision_cpp/share/slam_to_vision_cpp/package.xml
[6.175s] Invoked command in '/home/scurm/MyLivoxWorkSpace/build/slam_to_vision_cpp' returned '0': CMAKE_PREFIX_PATH=/opt/ros/humble /usr/bin/cmake --install /home/scurm/MyLivoxWorkSpace/build/slam_to_vision_cpp
