[0.009s] Invoking command in '/home/scurm/MyLivoxWorkSpace/build/slam_to_vision_cpp': CMAKE_PREFIX_PATH=${CMAKE_PREFIX_PATH}:/opt/ros/humble /usr/bin/cmake --build /home/scurm/MyLivoxWorkSpace/build/slam_to_vision_cpp -- -j20 -l20
[0.049s] [35m[1mConsolidate compiler generated dependencies of target slam_to_vision_node[0m
[0.063s] [ 50%] [32mBuilding CXX object CMakeFiles/slam_to_vision_node.dir/src/slam_to_vision_node.cpp.o[0m
[5.760s] [100%] [32m[1mLinking CXX executable slam_to_vision_node[0m
[6.014s] [100%] Built target slam_to_vision_node
[6.022s] Invoked command in '/home/scurm/MyLivoxWorkSpace/build/slam_to_vision_cpp' returned '0': CMAKE_PREFIX_PATH=${CMAKE_PREFIX_PATH}:/opt/ros/humble /usr/bin/cmake --build /home/scurm/MyLivoxWorkSpace/build/slam_to_vision_cpp -- -j20 -l20
[6.031s] Invoking command in '/home/scurm/MyLivoxWorkSpace/build/slam_to_vision_cpp': CMAKE_PREFIX_PATH=${CMAKE_PREFIX_PATH}:/opt/ros/humble /usr/bin/cmake --install /home/scurm/MyLivoxWorkSpace/build/slam_to_vision_cpp
[6.037s] -- Install configuration: ""
[6.037s] -- Execute custom install script
[6.038s] -- Up-to-date symlink: /home/scurm/MyLivoxWorkSpace/install/slam_to_vision_cpp/lib/slam_to_vision_cpp/slam_to_vision_node
[6.038s] -- Up-to-date symlink: /home/scurm/MyLivoxWorkSpace/install/slam_to_vision_cpp/share/ament_index/resource_index/package_run_dependencies/slam_to_vision_cpp
[6.038s] -- Up-to-date symlink: /home/scurm/MyLivoxWorkSpace/install/slam_to_vision_cpp/share/ament_index/resource_index/parent_prefix_path/slam_to_vision_cpp
[6.038s] -- Up-to-date symlink: /home/scurm/MyLivoxWorkSpace/install/slam_to_vision_cpp/share/slam_to_vision_cpp/environment/ament_prefix_path.sh
[6.038s] -- Up-to-date symlink: /home/scurm/MyLivoxWorkSpace/install/slam_to_vision_cpp/share/slam_to_vision_cpp/environment/ament_prefix_path.dsv
[6.038s] -- Up-to-date symlink: /home/scurm/MyLivoxWorkSpace/install/slam_to_vision_cpp/share/slam_to_vision_cpp/environment/path.sh
[6.038s] -- Up-to-date symlink: /home/scurm/MyLivoxWorkSpace/install/slam_to_vision_cpp/share/slam_to_vision_cpp/environment/path.dsv
[6.038s] -- Up-to-date symlink: /home/scurm/MyLivoxWorkSpace/install/slam_to_vision_cpp/share/slam_to_vision_cpp/local_setup.bash
[6.039s] -- Up-to-date symlink: /home/scurm/MyLivoxWorkSpace/install/slam_to_vision_cpp/share/slam_to_vision_cpp/local_setup.sh
[6.039s] -- Up-to-date symlink: /home/scurm/MyLivoxWorkSpace/install/slam_to_vision_cpp/share/slam_to_vision_cpp/local_setup.zsh
[6.039s] -- Up-to-date symlink: /home/scurm/MyLivoxWorkSpace/install/slam_to_vision_cpp/share/slam_to_vision_cpp/local_setup.dsv
[6.039s] -- Symlinking: /home/scurm/MyLivoxWorkSpace/install/slam_to_vision_cpp/share/slam_to_vision_cpp/package.dsv
[6.048s] -- Up-to-date symlink: /home/scurm/MyLivoxWorkSpace/install/slam_to_vision_cpp/share/ament_index/resource_index/packages/slam_to_vision_cpp
[6.048s] -- Up-to-date symlink: /home/scurm/MyLivoxWorkSpace/install/slam_to_vision_cpp/share/slam_to_vision_cpp/cmake/slam_to_vision_cppConfig.cmake
[6.048s] -- Up-to-date symlink: /home/scurm/MyLivoxWorkSpace/install/slam_to_vision_cpp/share/slam_to_vision_cpp/cmake/slam_to_vision_cppConfig-version.cmake
[6.049s] -- Up-to-date symlink: /home/scurm/MyLivoxWorkSpace/install/slam_to_vision_cpp/share/slam_to_vision_cpp/package.xml
[6.051s] Invoked command in '/home/scurm/MyLivoxWorkSpace/build/slam_to_vision_cpp' returned '0': CMAKE_PREFIX_PATH=${CMAKE_PREFIX_PATH}:/opt/ros/humble /usr/bin/cmake --install /home/scurm/MyLivoxWorkSpace/build/slam_to_vision_cpp
