[0.006s] Invoking command in '/home/scurm/vision_pos_estimate_ws/build/slam_to_vision_cpp': CMAKE_PREFIX_PATH=/opt/ros/humble /usr/bin/cmake /home/scurm/vision_pos_estimate_ws/src/slam_to_vision_cpp -DCMAKE_INSTALL_PREFIX=/home/scurm/vision_pos_estimate_ws/install/slam_to_vision_cpp
[0.050s] -- The C compiler identification is GNU 11.4.0
[0.094s] -- The CXX compiler identification is GNU 11.4.0
[0.099s] -- Detecting C compiler ABI info
[0.154s] -- Detecting C compiler ABI info - done
[0.159s] -- Check for working C compiler: /usr/bin/cc - skipped
[0.159s] -- Detecting C compile features
[0.159s] -- Detecting C compile features - done
[0.161s] -- Detecting CXX compiler ABI info
[0.221s] -- Detecting CXX compiler ABI info - done
[0.227s] -- Check for working CXX compiler: /usr/bin/c++ - skipped
[0.227s] -- Detecting CXX compile features
[0.227s] -- Detecting CXX compile features - done
[0.228s] -- Found ament_cmake: 1.3.14 (/opt/ros/humble/share/ament_cmake/cmake)
[0.344s] -- Found Python3: /usr/bin/python3 (found version "3.10.12") found components: Interpreter 
[0.407s] -- Found rclcpp: 16.0.18 (/opt/ros/humble/share/rclcpp/cmake)
[0.439s] -- Found rosidl_generator_c: 3.1.8 (/opt/ros/humble/share/rosidl_generator_c/cmake)
[0.441s] -- Found rosidl_adapter: 3.1.8 (/opt/ros/humble/share/rosidl_adapter/cmake)
[0.448s] -- Found rosidl_generator_cpp: 3.1.8 (/opt/ros/humble/share/rosidl_generator_cpp/cmake)
[0.457s] -- Using all available rosidl_typesupport_c: rosidl_typesupport_fastrtps_c;rosidl_typesupport_introspection_c
[0.467s] -- Using all available rosidl_typesupport_cpp: rosidl_typesupport_fastrtps_cpp;rosidl_typesupport_introspection_cpp
[0.494s] -- Found rmw_implementation_cmake: 6.1.2 (/opt/ros/humble/share/rmw_implementation_cmake/cmake)
[0.495s] -- Found rmw_fastrtps_cpp: 6.2.10 (/opt/ros/humble/share/rmw_fastrtps_cpp/cmake)
[0.563s] -- Found OpenSSL: /usr/lib/x86_64-linux-gnu/libcrypto.so (found version "3.0.2")  
[0.581s] -- Found FastRTPS: /opt/ros/humble/include  
[0.612s] -- Using RMW implementation 'rmw_fastrtps_cpp' as default
[0.619s] -- Looking for pthread.h
[0.669s] -- Looking for pthread.h - found
[0.670s] -- Performing Test CMAKE_HAVE_LIBC_PTHREAD
[0.734s] -- Performing Test CMAKE_HAVE_LIBC_PTHREAD - Success
[0.735s] -- Found Threads: TRUE  
[0.767s] -- Found nav_msgs: 4.9.1 (/opt/ros/humble/share/nav_msgs/cmake)
[0.787s] -- Found tf2: 0.25.19 (/opt/ros/humble/share/tf2/cmake)
[0.794s] -- Found tf2_ros: 0.25.19 (/opt/ros/humble/share/tf2_ros/cmake)
[0.856s] -- Found tf2_geometry_msgs: 0.25.19 (/opt/ros/humble/share/tf2_geometry_msgs/cmake)
[0.864s] -- Found eigen3_cmake_module: 0.1.1 (/opt/ros/humble/share/eigen3_cmake_module/cmake)
[0.865s] -- Found Eigen3: TRUE (found version "3.4.0") 
[0.866s] -- Ensuring Eigen3 include directory is part of orocos-kdl CMake target
[0.867s] -- Found ament_lint_auto: 0.12.15 (/opt/ros/humble/share/ament_lint_auto/cmake)
[0.925s] -- Added test 'cppcheck' to perform static code analysis on C / C++ code
[0.925s] -- Configured cppcheck include dirs: 
[0.925s] -- Configured cppcheck exclude dirs and/or files: 
[0.925s] -- Added test 'lint_cmake' to check CMake code style
[0.926s] -- Added test 'uncrustify' to check C / C++ code style
[0.926s] -- Configured uncrustify additional arguments: 
[0.926s] -- Added test 'xmllint' to check XML markup files
[0.926s] -- Configuring done
[0.934s] -- Generating done
[0.937s] -- Build files have been written to: /home/scurm/vision_pos_estimate_ws/build/slam_to_vision_cpp
[0.944s] Invoked command in '/home/scurm/vision_pos_estimate_ws/build/slam_to_vision_cpp' returned '0': CMAKE_PREFIX_PATH=/opt/ros/humble /usr/bin/cmake /home/scurm/vision_pos_estimate_ws/src/slam_to_vision_cpp -DCMAKE_INSTALL_PREFIX=/home/scurm/vision_pos_estimate_ws/install/slam_to_vision_cpp
[0.946s] Invoking command in '/home/scurm/vision_pos_estimate_ws/build/slam_to_vision_cpp': CMAKE_PREFIX_PATH=/opt/ros/humble /usr/bin/cmake --build /home/scurm/vision_pos_estimate_ws/build/slam_to_vision_cpp -- -j20 -l20
[0.987s] [ 50%] [32mBuilding CXX object CMakeFiles/slam_to_vision_node.dir/src/slam_to_vision_node.cpp.o[0m
[7.113s] [100%] [32m[1mLinking CXX executable slam_to_vision_node[0m
[7.424s] [100%] Built target slam_to_vision_node
[7.433s] Invoked command in '/home/scurm/vision_pos_estimate_ws/build/slam_to_vision_cpp' returned '0': CMAKE_PREFIX_PATH=/opt/ros/humble /usr/bin/cmake --build /home/scurm/vision_pos_estimate_ws/build/slam_to_vision_cpp -- -j20 -l20
[7.444s] Invoking command in '/home/scurm/vision_pos_estimate_ws/build/slam_to_vision_cpp': CMAKE_PREFIX_PATH=/opt/ros/humble /usr/bin/cmake --install /home/scurm/vision_pos_estimate_ws/build/slam_to_vision_cpp
[7.450s] -- Install configuration: ""
[7.450s] -- Installing: /home/scurm/vision_pos_estimate_ws/install/slam_to_vision_cpp/lib/slam_to_vision_cpp/slam_to_vision_node
[7.452s] -- Set runtime path of "/home/scurm/vision_pos_estimate_ws/install/slam_to_vision_cpp/lib/slam_to_vision_cpp/slam_to_vision_node" to ""
[7.452s] -- Installing: /home/scurm/vision_pos_estimate_ws/install/slam_to_vision_cpp/share/ament_index/resource_index/package_run_dependencies/slam_to_vision_cpp
[7.452s] -- Installing: /home/scurm/vision_pos_estimate_ws/install/slam_to_vision_cpp/share/ament_index/resource_index/parent_prefix_path/slam_to_vision_cpp
[7.452s] -- Installing: /home/scurm/vision_pos_estimate_ws/install/slam_to_vision_cpp/share/slam_to_vision_cpp/environment/ament_prefix_path.sh
[7.452s] -- Installing: /home/scurm/vision_pos_estimate_ws/install/slam_to_vision_cpp/share/slam_to_vision_cpp/environment/ament_prefix_path.dsv
[7.452s] -- Installing: /home/scurm/vision_pos_estimate_ws/install/slam_to_vision_cpp/share/slam_to_vision_cpp/environment/path.sh
[7.452s] -- Installing: /home/scurm/vision_pos_estimate_ws/install/slam_to_vision_cpp/share/slam_to_vision_cpp/environment/path.dsv
[7.453s] -- Installing: /home/scurm/vision_pos_estimate_ws/install/slam_to_vision_cpp/share/slam_to_vision_cpp/local_setup.bash
[7.453s] -- Installing: /home/scurm/vision_pos_estimate_ws/install/slam_to_vision_cpp/share/slam_to_vision_cpp/local_setup.sh
[7.453s] -- Installing: /home/scurm/vision_pos_estimate_ws/install/slam_to_vision_cpp/share/slam_to_vision_cpp/local_setup.zsh
[7.453s] -- Installing: /home/scurm/vision_pos_estimate_ws/install/slam_to_vision_cpp/share/slam_to_vision_cpp/local_setup.dsv
[7.453s] -- Installing: /home/scurm/vision_pos_estimate_ws/install/slam_to_vision_cpp/share/slam_to_vision_cpp/package.dsv
[7.453s] -- Installing: /home/scurm/vision_pos_estimate_ws/install/slam_to_vision_cpp/share/ament_index/resource_index/packages/slam_to_vision_cpp
[7.453s] -- Installing: /home/scurm/vision_pos_estimate_ws/install/slam_to_vision_cpp/share/slam_to_vision_cpp/cmake/slam_to_vision_cppConfig.cmake
[7.453s] -- Installing: /home/scurm/vision_pos_estimate_ws/install/slam_to_vision_cpp/share/slam_to_vision_cpp/cmake/slam_to_vision_cppConfig-version.cmake
[7.453s] -- Installing: /home/scurm/vision_pos_estimate_ws/install/slam_to_vision_cpp/share/slam_to_vision_cpp/package.xml
[7.455s] Invoked command in '/home/scurm/vision_pos_estimate_ws/build/slam_to_vision_cpp' returned '0': CMAKE_PREFIX_PATH=/opt/ros/humble /usr/bin/cmake --install /home/scurm/vision_pos_estimate_ws/build/slam_to_vision_cpp
