[0.006s] Invoking command in '/home/scurm/MyLivoxWorkSpace/build/fast_lio': CMAKE_PREFIX_PATH=/home/scurm/MyLivoxWorkSpace/install/livox_ros_driver2:/home/scurm/MyLivoxWorkSpace/install/slam_to_vision_cpp:/opt/ros/humble LD_LIBRARY_PATH=/home/scurm/MyLivoxWorkSpace/install/livox_ros_driver2/lib:/opt/MVS/lib/64:/opt/MVS/lib/32:/opt/MVS/lib/64:/opt/MVS/lib/32:/opt/MVS/lib/64:/opt/MVS/lib/32:/usr/lib/x86_64-linux-gnu/gazebo-11/plugins:/opt/ros/humble/opt/rviz_ogre_vendor/lib:/opt/ros/humble/lib/x86_64-linux-gnu:/opt/ros/humble/lib:/opt/MVS/lib/64:/opt/MVS/lib/32:/opt/MVS/lib/64:/opt/MVS/lib/32:/opt/MVS/lib/64:/opt/MVS/lib/32 /usr/bin/cmake /home/scurm/MyLivoxWorkSpace/src/FAST_LIO_ROS2 -DROS_EDITION=ROS2 -DHUMBLE_ROS=humble -DCMAKE_INSTALL_PREFIX=/home/scurm/MyLivoxWorkSpace/install/fast_lio
[0.048s] -- The C compiler identification is GNU 11.4.0
[0.081s] -- The CXX compiler identification is GNU 11.4.0
[0.087s] -- Detecting C compiler ABI info
[0.137s] -- Detecting C compiler ABI info - done
[0.141s] -- Check for working C compiler: /usr/bin/cc - skipped
[0.141s] -- Detecting C compile features
[0.141s] -- Detecting C compile features - done
[0.143s] -- Detecting CXX compiler ABI info
[0.200s] -- Detecting CXX compiler ABI info - done
[0.204s] -- Check for working CXX compiler: /usr/bin/c++ - skipped
[0.204s] -- Detecting CXX compile features
[0.204s] -- Detecting CXX compile features - done
[0.205s] [0mCurrent CPU archtecture: x86_64[0m
[0.207s] [0mProcesser number:  20[0m
[0.207s] [0mcore for MP: 3[0m
[0.440s] -- Found PythonLibs: /usr/lib/x86_64-linux-gnu/libpython3.10.so (found version "3.10.12") 
[0.441s] -- Found ament_cmake: 1.3.14 (/opt/ros/humble/share/ament_cmake/cmake)
[0.545s] -- Found Python3: /usr/bin/python3 (found version "3.10.12") found components: Interpreter 
[0.606s] -- Found rclcpp: 16.0.18 (/opt/ros/humble/share/rclcpp/cmake)
[0.628s] -- Found rosidl_generator_c: 3.1.8 (/opt/ros/humble/share/rosidl_generator_c/cmake)
[0.630s] -- Found rosidl_adapter: 3.1.8 (/opt/ros/humble/share/rosidl_adapter/cmake)
[0.635s] -- Found rosidl_generator_cpp: 3.1.8 (/opt/ros/humble/share/rosidl_generator_cpp/cmake)
[0.641s] -- Using all available rosidl_typesupport_c: rosidl_typesupport_fastrtps_c;rosidl_typesupport_introspection_c
[0.650s] -- Using all available rosidl_typesupport_cpp: rosidl_typesupport_fastrtps_cpp;rosidl_typesupport_introspection_cpp
[0.678s] -- Found rmw_implementation_cmake: 6.1.2 (/opt/ros/humble/share/rmw_implementation_cmake/cmake)
[0.680s] -- Found rmw_fastrtps_cpp: 6.2.10 (/opt/ros/humble/share/rmw_fastrtps_cpp/cmake)
[0.742s] -- Found OpenSSL: /usr/lib/x86_64-linux-gnu/libcrypto.so (found version "3.0.2")  
[0.758s] -- Found FastRTPS: /opt/ros/humble/include  
[0.787s] -- Using RMW implementation 'rmw_fastrtps_cpp' as default
[0.792s] -- Looking for pthread.h
[0.844s] -- Looking for pthread.h - found
[0.844s] -- Performing Test CMAKE_HAVE_LIBC_PTHREAD
[0.903s] -- Performing Test CMAKE_HAVE_LIBC_PTHREAD - Success
[0.904s] -- Found Threads: TRUE  
[0.935s] -- Found rclcpp_components: 16.0.18 (/opt/ros/humble/share/rclcpp_components/cmake)
[0.951s] -- Found geometry_msgs: 4.9.1 (/opt/ros/humble/share/geometry_msgs/cmake)
[0.959s] -- Found nav_msgs: 4.9.1 (/opt/ros/humble/share/nav_msgs/cmake)
[0.970s] -- Found sensor_msgs: 4.9.1 (/opt/ros/humble/share/sensor_msgs/cmake)
[0.981s] -- Found std_srvs: 4.9.1 (/opt/ros/humble/share/std_srvs/cmake)
[0.988s] -- Found visualization_msgs: 4.9.1 (/opt/ros/humble/share/visualization_msgs/cmake)
[1.001s] -- Found pcl_ros: 2.4.5 (/opt/ros/humble/share/pcl_ros/cmake)
[1.029s] -- Checking for module 'eigen3'
[1.039s] --   Found eigen3, version 3.4.0
[1.062s] -- Found Eigen: /usr/include/eigen3 (Required is at least version "3.1") 
[1.062s] -- Eigen found (include: /usr/include/eigen3, version: 3.4.0)
[1.086s] -- Checking for module 'flann'
[1.096s] --   Found flann, version 1.9.1
[1.125s] -- Found FLANN: /usr/lib/x86_64-linux-gnu/libflann_cpp.so  
[1.125s] -- FLANN found (include: /usr/include, lib: /usr/lib/x86_64-linux-gnu/libflann_cpp.so)
[1.786s] -- Checking for module 'libusb-1.0'
[1.796s] --   Found libusb-1.0, version 1.0.25
[1.820s] -- Found libusb: /usr/lib/x86_64-linux-gnu/libusb-1.0.so  
[1.820s] -- OpenNI found (version: 1.5.4.0, include: /usr/include/ni, lib: /usr/lib/libOpenNI.so;libusb::libusb)
[1.858s] -- OpenNI2 found (version: 2.2.0.33, include: /usr/include/openni2, lib: /usr/lib/x86_64-linux-gnu/libOpenNI2.so;libusb::libusb)
[1.955s] -- Eigen found (include: /usr/include/eigen3, version: 3.4.0)
[1.959s] -- OpenNI found (version: 1.5.4.0, include: /usr/include/ni, lib: /usr/lib/libOpenNI.so;libusb::libusb)
[1.964s] -- OpenNI2 found (version: 2.2.0.33, include: /usr/include/openni2, lib: /usr/lib/x86_64-linux-gnu/libOpenNI2.so;libusb::libusb)
[2.055s] -- Found Qhull version 8.0.2
[2.147s] -- OpenNI found (version: 1.5.4.0, include: /usr/include/ni, lib: /usr/lib/libOpenNI.so;libusb::libusb)
[2.238s] -- Found PCL_COMMON: /usr/lib/x86_64-linux-gnu/libpcl_common.so  
[2.238s] -- Found PCL_KDTREE: /usr/lib/x86_64-linux-gnu/libpcl_kdtree.so  
[2.239s] -- Found PCL_OCTREE: /usr/lib/x86_64-linux-gnu/libpcl_octree.so  
[2.239s] -- Found PCL_SEARCH: /usr/lib/x86_64-linux-gnu/libpcl_search.so  
[2.240s] -- Found PCL_SAMPLE_CONSENSUS: /usr/lib/x86_64-linux-gnu/libpcl_sample_consensus.so  
[2.240s] -- Found PCL_FILTERS: /usr/lib/x86_64-linux-gnu/libpcl_filters.so  
[2.240s] -- Found PCL_2D: /usr/include/pcl-1.12  
[2.241s] -- Found PCL_GEOMETRY: /usr/include/pcl-1.12  
[2.241s] -- Found PCL_IO: /usr/lib/x86_64-linux-gnu/libpcl_io.so  
[2.242s] -- Found PCL_FEATURES: /usr/lib/x86_64-linux-gnu/libpcl_features.so  
[2.242s] -- Found PCL_ML: /usr/lib/x86_64-linux-gnu/libpcl_ml.so  
[2.243s] -- Found PCL_SEGMENTATION: /usr/lib/x86_64-linux-gnu/libpcl_segmentation.so  
[2.243s] -- Found PCL_VISUALIZATION: /usr/lib/x86_64-linux-gnu/libpcl_visualization.so  
[2.244s] -- Found PCL_SURFACE: /usr/lib/x86_64-linux-gnu/libpcl_surface.so  
[2.244s] -- Found PCL_REGISTRATION: /usr/lib/x86_64-linux-gnu/libpcl_registration.so  
[2.245s] -- Found PCL_KEYPOINTS: /usr/lib/x86_64-linux-gnu/libpcl_keypoints.so  
[2.245s] -- Found PCL_TRACKING: /usr/lib/x86_64-linux-gnu/libpcl_tracking.so  
[2.246s] -- Found PCL_RECOGNITION: /usr/lib/x86_64-linux-gnu/libpcl_recognition.so  
[2.247s] -- Found PCL_STEREO: /usr/lib/x86_64-linux-gnu/libpcl_stereo.so  
[2.247s] -- Found PCL_APPS: /usr/lib/x86_64-linux-gnu/libpcl_apps.so  
[2.248s] -- Found PCL_IN_HAND_SCANNER: /usr/include/pcl-1.12  
[2.248s] -- Found PCL_MODELER: /usr/include/pcl-1.12  
[2.248s] -- Found PCL_POINT_CLOUD_EDITOR: /usr/include/pcl-1.12  
[2.249s] -- Found PCL_OUTOFCORE: /usr/lib/x86_64-linux-gnu/libpcl_outofcore.so  
[2.249s] -- Found PCL_PEOPLE: /usr/lib/x86_64-linux-gnu/libpcl_people.so  
[2.264s] -- Found eigen3_cmake_module: 0.1.1 (/opt/ros/humble/share/eigen3_cmake_module/cmake)
[2.265s] -- Found Eigen3: TRUE (found version "3.4.0") 
[2.265s] -- Ensuring Eigen3 include directory is part of orocos-kdl CMake target
[2.307s] -- Found livox_ros_driver2: 1.0.0 (/home/scurm/MyLivoxWorkSpace/install/livox_ros_driver2/share/livox_ros_driver2/cmake)
[2.320s] -- Found rosidl_default_generators: 1.2.1 (/opt/ros/humble/share/rosidl_default_generators/cmake)
[2.328s] [33mCMake Warning (dev) at CMakeLists.txt:81 (find_package):
[2.328s]   Policy CMP0074 is not set: find_package uses <PackageName>_ROOT variables.
[2.328s]   Run "cmake --help-policy CMP0074" for policy details.  Use the cmake_policy
[2.328s]   command to set the policy and suppress this warning.
[2.328s] 
[2.328s]   CMake variable PCL_ROOT is set to:
[2.328s] 
[2.328s]     /usr
[2.328s] 
[2.328s]   For compatibility, CMake is ignoring the variable.
[2.328s] This warning is for project developers.  Use -Wno-dev to suppress it.
[2.328s] [0m
[2.332s] -- PCL: /usr/include/pcl-1.12
[2.332s] [0mEigen:/usr/include/eigen3[0m
[2.477s] -- Found ament_cmake_ros: 0.10.0 (/opt/ros/humble/share/ament_cmake_ros/cmake)
[2.659s] -- Using all available rosidl_typesupport_c: rosidl_typesupport_fastrtps_c;rosidl_typesupport_introspection_c
[2.731s] -- Using all available rosidl_typesupport_cpp: rosidl_typesupport_fastrtps_cpp;rosidl_typesupport_introspection_cpp
[2.744s] -- Found PythonInterp: /usr/bin/python3 (found suitable version "3.10.12", minimum required is "3.6") 
[2.744s] -- Found python_cmake_module: 0.10.0 (/opt/ros/humble/share/python_cmake_module/cmake)
[2.759s] -- Found PythonLibs: /usr/lib/x86_64-linux-gnu/libpython3.10.so (found suitable version "3.10.12", minimum required is "3.5") 
[2.759s] -- Using PYTHON_EXECUTABLE: /usr/bin/python3
[2.759s] -- Using PYTHON_INCLUDE_DIRS: /usr/include/python3.10
[2.759s] -- Using PYTHON_LIBRARIES: /usr/lib/x86_64-linux-gnu/libpython3.10.so
[2.774s] -- Found PythonExtra: .so  
[2.847s] -- Configuring done
[2.884s] -- Generating done
[2.886s] [33mCMake Warning:
[2.886s]   Manually-specified variables were not used by the project:
[2.886s] 
[2.886s]     HUMBLE_ROS
[2.886s]     ROS_EDITION
[2.886s] 
[2.887s] [0m
[2.897s] -- Build files have been written to: /home/scurm/MyLivoxWorkSpace/build/fast_lio
[2.911s] Invoked command in '/home/scurm/MyLivoxWorkSpace/build/fast_lio' returned '0': CMAKE_PREFIX_PATH=/home/scurm/MyLivoxWorkSpace/install/livox_ros_driver2:/home/scurm/MyLivoxWorkSpace/install/slam_to_vision_cpp:/opt/ros/humble LD_LIBRARY_PATH=/home/scurm/MyLivoxWorkSpace/install/livox_ros_driver2/lib:/opt/MVS/lib/64:/opt/MVS/lib/32:/opt/MVS/lib/64:/opt/MVS/lib/32:/opt/MVS/lib/64:/opt/MVS/lib/32:/usr/lib/x86_64-linux-gnu/gazebo-11/plugins:/opt/ros/humble/opt/rviz_ogre_vendor/lib:/opt/ros/humble/lib/x86_64-linux-gnu:/opt/ros/humble/lib:/opt/MVS/lib/64:/opt/MVS/lib/32:/opt/MVS/lib/64:/opt/MVS/lib/32:/opt/MVS/lib/64:/opt/MVS/lib/32 /usr/bin/cmake /home/scurm/MyLivoxWorkSpace/src/FAST_LIO_ROS2 -DROS_EDITION=ROS2 -DHUMBLE_ROS=humble -DCMAKE_INSTALL_PREFIX=/home/scurm/MyLivoxWorkSpace/install/fast_lio
[2.912s] Invoking command in '/home/scurm/MyLivoxWorkSpace/build/fast_lio': CMAKE_PREFIX_PATH=/home/scurm/MyLivoxWorkSpace/install/livox_ros_driver2:/home/scurm/MyLivoxWorkSpace/install/slam_to_vision_cpp:/opt/ros/humble LD_LIBRARY_PATH=/home/scurm/MyLivoxWorkSpace/install/livox_ros_driver2/lib:/opt/MVS/lib/64:/opt/MVS/lib/32:/opt/MVS/lib/64:/opt/MVS/lib/32:/opt/MVS/lib/64:/opt/MVS/lib/32:/usr/lib/x86_64-linux-gnu/gazebo-11/plugins:/opt/ros/humble/opt/rviz_ogre_vendor/lib:/opt/ros/humble/lib/x86_64-linux-gnu:/opt/ros/humble/lib:/opt/MVS/lib/64:/opt/MVS/lib/32:/opt/MVS/lib/64:/opt/MVS/lib/32:/opt/MVS/lib/64:/opt/MVS/lib/32 /usr/bin/cmake --build /home/scurm/MyLivoxWorkSpace/build/fast_lio -- -j20 -l20
[2.942s] [  2%] [34m[1mGenerating C code for ROS interfaces[0m
[2.949s] [  5%] [34m[1mGenerating Rust code for ROS interfaces[0m
[2.949s] [  8%] [34m[1mGenerating C++ code for ROS interfaces[0m
[2.955s] [  8%] Built target ament_cmake_python_copy_fast_lio
[3.118s] running egg_info
[3.118s] creating fast_lio.egg-info
[3.118s] writing fast_lio.egg-info/PKG-INFO
[3.118s] writing dependency_links to fast_lio.egg-info/dependency_links.txt
[3.118s] writing top-level names to fast_lio.egg-info/top_level.txt
[3.118s] writing manifest file 'fast_lio.egg-info/SOURCES.txt'
[3.120s] reading manifest file 'fast_lio.egg-info/SOURCES.txt'
[3.120s] writing manifest file 'fast_lio.egg-info/SOURCES.txt'
[3.140s] [  8%] Built target ament_cmake_python_build_fast_lio_egg
[3.165s] [  8%] Built target fast_lio__cpp
[3.165s] [  8%] Built target fast_lio__rs
[3.172s] [ 11%] [34m[1mGenerating C++ type support for eProsima Fast-RTPS[0m
[3.173s] [ 16%] [34m[1mGenerating C++ introspection for ROS interfaces[0m
[3.173s] [ 16%] [32mBuilding C object CMakeFiles/fast_lio__rosidl_generator_c.dir/rosidl_generator_c/fast_lio/msg/detail/pose6_d__functions.c.o[0m
[3.175s] [ 19%] [34m[1mGenerating C++ type support dispatch for ROS interfaces[0m
[3.255s] [ 22%] [32m[1mLinking C shared library libfast_lio__rosidl_generator_c.so[0m
[3.287s] [ 22%] Built target fast_lio__rosidl_generator_c
[3.297s] [ 27%] [34m[1mGenerating C introspection for ROS interfaces[0m
[3.297s] [ 27%] [34m[1mGenerating C type support for eProsima Fast-RTPS[0m
[3.297s] [ 30%] [34m[1mGenerating C type support dispatch for ROS interfaces[0m
[3.385s] [ 33%] [32mBuilding CXX object CMakeFiles/fast_lio__rosidl_typesupport_cpp.dir/rosidl_typesupport_cpp/fast_lio/msg/pose6_d__type_support.cpp.o[0m
[3.405s] [ 36%] [32mBuilding CXX object CMakeFiles/fast_lio__rosidl_typesupport_introspection_cpp.dir/rosidl_typesupport_introspection_cpp/fast_lio/msg/detail/pose6_d__type_support.cpp.o[0m
[3.410s] [ 38%] [32mBuilding CXX object CMakeFiles/fast_lio__rosidl_typesupport_fastrtps_cpp.dir/rosidl_typesupport_fastrtps_cpp/fast_lio/msg/detail/dds_fastrtps/pose6_d__type_support.cpp.o[0m
[3.518s] [ 41%] [32mBuilding CXX object CMakeFiles/fast_lio__rosidl_typesupport_c.dir/rosidl_typesupport_c/fast_lio/msg/pose6_d__type_support.cpp.o[0m
[3.534s] [ 44%] [32mBuilding C object CMakeFiles/fast_lio__rosidl_typesupport_introspection_c.dir/rosidl_typesupport_introspection_c/fast_lio/msg/detail/pose6_d__type_support.c.o[0m
[3.550s] [ 47%] [32m[1mLinking CXX shared library libfast_lio__rosidl_typesupport_c.so[0m
[3.551s] [ 50%] [32mBuilding CXX object CMakeFiles/fast_lio__rosidl_typesupport_fastrtps_c.dir/rosidl_typesupport_fastrtps_c/fast_lio/msg/detail/pose6_d__type_support_c.cpp.o[0m
[3.582s] [ 52%] [32m[1mLinking CXX shared library libfast_lio__rosidl_typesupport_cpp.so[0m
[3.582s] [ 52%] Built target fast_lio__rosidl_typesupport_c
[3.583s] [ 55%] [32m[1mLinking C shared library libfast_lio__rosidl_typesupport_introspection_c.so[0m
[3.613s] [ 55%] Built target fast_lio__rosidl_typesupport_introspection_c
[3.620s] [ 55%] Built target fast_lio__rosidl_typesupport_cpp
[3.640s] [ 58%] [32mBuilding CXX object CMakeFiles/fastlio_mapping.dir/include/ikd-Tree/ikd_Tree.cpp.o[0m
[3.641s] [ 61%] [32mBuilding CXX object CMakeFiles/fastlio_mapping.dir/src/laserMapping.cpp.o[0m
[3.641s] [ 63%] [32mBuilding CXX object CMakeFiles/fastlio_mapping.dir/src/preprocess.cpp.o[0m
[3.685s] [ 66%] [32m[1mLinking CXX shared library libfast_lio__rosidl_typesupport_introspection_cpp.so[0m
[3.703s] [ 69%] [32m[1mLinking CXX shared library libfast_lio__rosidl_typesupport_fastrtps_cpp.so[0m
[3.722s] [ 69%] Built target fast_lio__rosidl_typesupport_introspection_cpp
[3.766s] [ 69%] Built target fast_lio__rosidl_typesupport_fastrtps_cpp
[3.772s] [ 72%] [32m[1mLinking CXX shared library libfast_lio__rosidl_typesupport_fastrtps_c.so[0m
[3.850s] [ 72%] Built target fast_lio__rosidl_typesupport_fastrtps_c
[3.867s] [ 72%] Built target fast_lio
[3.888s] [ 75%] [34m[1mGenerating Python code for ROS interfaces[0m
[4.188s] [ 75%] Built target fast_lio__py
[4.206s] [ 77%] [32mBuilding C object CMakeFiles/fast_lio__rosidl_generator_py.dir/rosidl_generator_py/fast_lio/msg/_pose6_d_s.c.o[0m
[4.306s] [ 80%] [32m[1mLinking C shared library rosidl_generator_py/fast_lio/libfast_lio__rosidl_generator_py.so[0m
[4.343s] [ 80%] Built target fast_lio__rosidl_generator_py
[4.362s] [ 83%] [32mBuilding C object CMakeFiles/fast_lio__rosidl_typesupport_fastrtps_c__pyext.dir/rosidl_generator_py/fast_lio/_fast_lio_s.ep.rosidl_typesupport_fastrtps_c.c.o[0m
[4.363s] [ 86%] [32mBuilding C object CMakeFiles/fast_lio__rosidl_typesupport_introspection_c__pyext.dir/rosidl_generator_py/fast_lio/_fast_lio_s.ep.rosidl_typesupport_introspection_c.c.o[0m
[4.364s] [ 88%] [32mBuilding C object CMakeFiles/fast_lio__rosidl_typesupport_c__pyext.dir/rosidl_generator_py/fast_lio/_fast_lio_s.ep.rosidl_typesupport_c.c.o[0m
[4.442s] [ 94%] [32m[1mLinking C shared library rosidl_generator_py/fast_lio/fast_lio_s__rosidl_typesupport_fastrtps_c.cpython-310-x86_64-linux-gnu.so[0m
[4.443s] [ 94%] [32m[1mLinking C shared library rosidl_generator_py/fast_lio/fast_lio_s__rosidl_typesupport_c.cpython-310-x86_64-linux-gnu.so[0m
[4.444s] [ 97%] [32m[1mLinking C shared library rosidl_generator_py/fast_lio/fast_lio_s__rosidl_typesupport_introspection_c.cpython-310-x86_64-linux-gnu.so[0m
[4.474s] [ 97%] Built target fast_lio__rosidl_typesupport_introspection_c__pyext
[4.475s] [ 97%] Built target fast_lio__rosidl_typesupport_c__pyext
[4.475s] [ 97%] Built target fast_lio__rosidl_typesupport_fastrtps_c__pyext
[7.758s] In file included from [01m[K/usr/include/boost/smart_ptr/detail/sp_thread_sleep.hpp:22[m[K,
[7.758s]                  from [01m[K/usr/include/boost/smart_ptr/detail/yield_k.hpp:23[m[K,
[7.758s]                  from [01m[K/usr/include/boost/smart_ptr/detail/spinlock_gcc_atomic.hpp:14[m[K,
[7.758s]                  from [01m[K/usr/include/boost/smart_ptr/detail/spinlock.hpp:42[m[K,
[7.758s]                  from [01m[K/usr/include/boost/smart_ptr/detail/spinlock_pool.hpp:25[m[K,
[7.758s]                  from [01m[K/usr/include/boost/smart_ptr/shared_ptr.hpp:29[m[K,
[7.758s]                  from [01m[K/usr/include/boost/shared_ptr.hpp:17[m[K,
[7.758s]                  from [01m[K/usr/include/boost/date_time/microsec_time_clock.hpp:18[m[K,
[7.758s]                  from [01m[K/usr/include/boost/interprocess/detail/posix_time_types_wrk.hpp:31[m[K,
[7.758s]                  from [01m[K/usr/include/boost/interprocess/detail/os_thread_functions.hpp:36[m[K,
[7.758s]                  from [01m[K/usr/include/boost/interprocess/sync/file_lock.hpp:26[m[K,
[7.758s]                  from [01m[K/usr/include/pcl-1.12/pcl/io/pcd_io.h:46[m[K,
[7.759s]                  from [01m[K/opt/ros/humble/include/pcl_conversions/pcl_conversions/pcl_conversions.h:73[m[K,
[7.759s]                  from [01m[K/home/scurm/MyLivoxWorkSpace/src/FAST_LIO_ROS2/src/IMU_Processing.hpp:18[m[K,
[7.759s]                  from [01m[K/home/scurm/MyLivoxWorkSpace/src/FAST_LIO_ROS2/src/laserMapping.cpp:47[m[K:
[7.759s] [01m[K/usr/include/boost/bind.hpp:36:1:[m[K [01;36m[Knote: [m[K‘[01m[K#pragma message: The practice of declaring the Bind placeholders (_1, _2, ...) in the global namespace is deprecated. Please use <boost/bind/bind.hpp> + using namespace boost::placeholders, or define BOOST_BIND_GLOBAL_PLACEHOLDERS to retain the current behavior.[m[K’
[7.759s]    36 | [01;36m[KBOOST_PRAGMA_MESSAGE[m[K(
[7.759s]       | [01;36m[K^~~~~~~~~~~~~~~~~~~~[m[K
[43.554s] [100%] [32m[1mLinking CXX executable fastlio_mapping[0m
[44.261s] [100%] Built target fastlio_mapping
[44.268s] Invoked command in '/home/scurm/MyLivoxWorkSpace/build/fast_lio' returned '0': CMAKE_PREFIX_PATH=/home/scurm/MyLivoxWorkSpace/install/livox_ros_driver2:/home/scurm/MyLivoxWorkSpace/install/slam_to_vision_cpp:/opt/ros/humble LD_LIBRARY_PATH=/home/scurm/MyLivoxWorkSpace/install/livox_ros_driver2/lib:/opt/MVS/lib/64:/opt/MVS/lib/32:/opt/MVS/lib/64:/opt/MVS/lib/32:/opt/MVS/lib/64:/opt/MVS/lib/32:/usr/lib/x86_64-linux-gnu/gazebo-11/plugins:/opt/ros/humble/opt/rviz_ogre_vendor/lib:/opt/ros/humble/lib/x86_64-linux-gnu:/opt/ros/humble/lib:/opt/MVS/lib/64:/opt/MVS/lib/32:/opt/MVS/lib/64:/opt/MVS/lib/32:/opt/MVS/lib/64:/opt/MVS/lib/32 /usr/bin/cmake --build /home/scurm/MyLivoxWorkSpace/build/fast_lio -- -j20 -l20
[44.269s] Invoking command in '/home/scurm/MyLivoxWorkSpace/build/fast_lio': CMAKE_PREFIX_PATH=/home/scurm/MyLivoxWorkSpace/install/livox_ros_driver2:/home/scurm/MyLivoxWorkSpace/install/slam_to_vision_cpp:/opt/ros/humble LD_LIBRARY_PATH=/home/scurm/MyLivoxWorkSpace/install/livox_ros_driver2/lib:/opt/MVS/lib/64:/opt/MVS/lib/32:/opt/MVS/lib/64:/opt/MVS/lib/32:/opt/MVS/lib/64:/opt/MVS/lib/32:/usr/lib/x86_64-linux-gnu/gazebo-11/plugins:/opt/ros/humble/opt/rviz_ogre_vendor/lib:/opt/ros/humble/lib/x86_64-linux-gnu:/opt/ros/humble/lib:/opt/MVS/lib/64:/opt/MVS/lib/32:/opt/MVS/lib/64:/opt/MVS/lib/32:/opt/MVS/lib/64:/opt/MVS/lib/32 /usr/bin/cmake --install /home/scurm/MyLivoxWorkSpace/build/fast_lio
[44.275s] -- Install configuration: "Release"
[44.276s] -- Installing: /home/scurm/MyLivoxWorkSpace/install/fast_lio/share/ament_index/resource_index/rosidl_interfaces/fast_lio
[44.276s] -- Installing: /home/scurm/MyLivoxWorkSpace/install/fast_lio/include/fast_lio/fast_lio
[44.276s] -- Installing: /home/scurm/MyLivoxWorkSpace/install/fast_lio/include/fast_lio/fast_lio/msg
[44.276s] -- Installing: /home/scurm/MyLivoxWorkSpace/install/fast_lio/include/fast_lio/fast_lio/msg/rosidl_generator_c__visibility_control.h
[44.276s] -- Installing: /home/scurm/MyLivoxWorkSpace/install/fast_lio/include/fast_lio/fast_lio/msg/detail
[44.276s] -- Installing: /home/scurm/MyLivoxWorkSpace/install/fast_lio/include/fast_lio/fast_lio/msg/detail/pose6_d__functions.c
[44.276s] -- Installing: /home/scurm/MyLivoxWorkSpace/install/fast_lio/include/fast_lio/fast_lio/msg/detail/pose6_d__functions.h
[44.276s] -- Installing: /home/scurm/MyLivoxWorkSpace/install/fast_lio/include/fast_lio/fast_lio/msg/detail/pose6_d__type_support.h
[44.276s] -- Installing: /home/scurm/MyLivoxWorkSpace/install/fast_lio/include/fast_lio/fast_lio/msg/detail/pose6_d__struct.h
[44.276s] -- Installing: /home/scurm/MyLivoxWorkSpace/install/fast_lio/include/fast_lio/fast_lio/msg/pose6_d.h
[44.276s] -- Installing: /home/scurm/MyLivoxWorkSpace/install/fast_lio/share/fast_lio/environment/library_path.sh
[44.276s] -- Installing: /home/scurm/MyLivoxWorkSpace/install/fast_lio/share/fast_lio/environment/library_path.dsv
[44.276s] -- Installing: /home/scurm/MyLivoxWorkSpace/install/fast_lio/lib/libfast_lio__rosidl_generator_c.so
[44.277s] -- Set runtime path of "/home/scurm/MyLivoxWorkSpace/install/fast_lio/lib/libfast_lio__rosidl_generator_c.so" to ""
[44.277s] -- Up-to-date: /home/scurm/MyLivoxWorkSpace/install/fast_lio/include/fast_lio/fast_lio
[44.277s] -- Up-to-date: /home/scurm/MyLivoxWorkSpace/install/fast_lio/include/fast_lio/fast_lio/msg
[44.277s] -- Installing: /home/scurm/MyLivoxWorkSpace/install/fast_lio/include/fast_lio/fast_lio/msg/rosidl_typesupport_fastrtps_c__visibility_control.h
[44.277s] -- Up-to-date: /home/scurm/MyLivoxWorkSpace/install/fast_lio/include/fast_lio/fast_lio/msg/detail
[44.277s] -- Installing: /home/scurm/MyLivoxWorkSpace/install/fast_lio/include/fast_lio/fast_lio/msg/detail/pose6_d__rosidl_typesupport_fastrtps_c.h
[44.277s] -- Installing: /home/scurm/MyLivoxWorkSpace/install/fast_lio/lib/libfast_lio__rosidl_typesupport_fastrtps_c.so
[44.277s] -- Set runtime path of "/home/scurm/MyLivoxWorkSpace/install/fast_lio/lib/libfast_lio__rosidl_typesupport_fastrtps_c.so" to ""
[44.277s] -- Up-to-date: /home/scurm/MyLivoxWorkSpace/install/fast_lio/include/fast_lio/fast_lio
[44.277s] -- Up-to-date: /home/scurm/MyLivoxWorkSpace/install/fast_lio/include/fast_lio/fast_lio/msg
[44.277s] -- Installing: /home/scurm/MyLivoxWorkSpace/install/fast_lio/include/fast_lio/fast_lio/msg/pose6_d.hpp
[44.277s] -- Installing: /home/scurm/MyLivoxWorkSpace/install/fast_lio/include/fast_lio/fast_lio/msg/rosidl_generator_cpp__visibility_control.hpp
[44.277s] -- Up-to-date: /home/scurm/MyLivoxWorkSpace/install/fast_lio/include/fast_lio/fast_lio/msg/detail
[44.277s] -- Installing: /home/scurm/MyLivoxWorkSpace/install/fast_lio/include/fast_lio/fast_lio/msg/detail/pose6_d__type_support.hpp
[44.278s] -- Installing: /home/scurm/MyLivoxWorkSpace/install/fast_lio/include/fast_lio/fast_lio/msg/detail/pose6_d__builder.hpp
[44.278s] -- Installing: /home/scurm/MyLivoxWorkSpace/install/fast_lio/include/fast_lio/fast_lio/msg/detail/pose6_d__struct.hpp
[44.278s] -- Installing: /home/scurm/MyLivoxWorkSpace/install/fast_lio/include/fast_lio/fast_lio/msg/detail/pose6_d__traits.hpp
[44.278s] -- Up-to-date: /home/scurm/MyLivoxWorkSpace/install/fast_lio/include/fast_lio/fast_lio
[44.278s] -- Up-to-date: /home/scurm/MyLivoxWorkSpace/install/fast_lio/include/fast_lio/fast_lio/msg
[44.278s] -- Installing: /home/scurm/MyLivoxWorkSpace/install/fast_lio/include/fast_lio/fast_lio/msg/rosidl_typesupport_fastrtps_cpp__visibility_control.h
[44.278s] -- Up-to-date: /home/scurm/MyLivoxWorkSpace/install/fast_lio/include/fast_lio/fast_lio/msg/detail
[44.278s] -- Installing: /home/scurm/MyLivoxWorkSpace/install/fast_lio/include/fast_lio/fast_lio/msg/detail/pose6_d__rosidl_typesupport_fastrtps_cpp.hpp
[44.278s] -- Installing: /home/scurm/MyLivoxWorkSpace/install/fast_lio/include/fast_lio/fast_lio/msg/detail/dds_fastrtps
[44.278s] -- Installing: /home/scurm/MyLivoxWorkSpace/install/fast_lio/lib/libfast_lio__rosidl_typesupport_fastrtps_cpp.so
[44.278s] -- Set runtime path of "/home/scurm/MyLivoxWorkSpace/install/fast_lio/lib/libfast_lio__rosidl_typesupport_fastrtps_cpp.so" to ""
[44.278s] -- Up-to-date: /home/scurm/MyLivoxWorkSpace/install/fast_lio/include/fast_lio/fast_lio
[44.278s] -- Up-to-date: /home/scurm/MyLivoxWorkSpace/install/fast_lio/include/fast_lio/fast_lio/msg
[44.279s] -- Installing: /home/scurm/MyLivoxWorkSpace/install/fast_lio/include/fast_lio/fast_lio/msg/rosidl_typesupport_introspection_c__visibility_control.h
[44.279s] -- Up-to-date: /home/scurm/MyLivoxWorkSpace/install/fast_lio/include/fast_lio/fast_lio/msg/detail
[44.279s] -- Installing: /home/scurm/MyLivoxWorkSpace/install/fast_lio/include/fast_lio/fast_lio/msg/detail/pose6_d__rosidl_typesupport_introspection_c.h
[44.279s] -- Installing: /home/scurm/MyLivoxWorkSpace/install/fast_lio/include/fast_lio/fast_lio/msg/detail/pose6_d__type_support.c
[44.279s] -- Installing: /home/scurm/MyLivoxWorkSpace/install/fast_lio/lib/libfast_lio__rosidl_typesupport_introspection_c.so
[44.279s] -- Set runtime path of "/home/scurm/MyLivoxWorkSpace/install/fast_lio/lib/libfast_lio__rosidl_typesupport_introspection_c.so" to ""
[44.279s] -- Installing: /home/scurm/MyLivoxWorkSpace/install/fast_lio/lib/libfast_lio__rosidl_typesupport_c.so
[44.279s] -- Set runtime path of "/home/scurm/MyLivoxWorkSpace/install/fast_lio/lib/libfast_lio__rosidl_typesupport_c.so" to ""
[44.279s] -- Up-to-date: /home/scurm/MyLivoxWorkSpace/install/fast_lio/include/fast_lio/fast_lio
[44.279s] -- Up-to-date: /home/scurm/MyLivoxWorkSpace/install/fast_lio/include/fast_lio/fast_lio/msg
[44.279s] -- Up-to-date: /home/scurm/MyLivoxWorkSpace/install/fast_lio/include/fast_lio/fast_lio/msg/detail
[44.279s] -- Installing: /home/scurm/MyLivoxWorkSpace/install/fast_lio/include/fast_lio/fast_lio/msg/detail/pose6_d__type_support.cpp
[44.279s] -- Installing: /home/scurm/MyLivoxWorkSpace/install/fast_lio/include/fast_lio/fast_lio/msg/detail/pose6_d__rosidl_typesupport_introspection_cpp.hpp
[44.279s] -- Installing: /home/scurm/MyLivoxWorkSpace/install/fast_lio/lib/libfast_lio__rosidl_typesupport_introspection_cpp.so
[44.279s] -- Set runtime path of "/home/scurm/MyLivoxWorkSpace/install/fast_lio/lib/libfast_lio__rosidl_typesupport_introspection_cpp.so" to ""
[44.279s] -- Installing: /home/scurm/MyLivoxWorkSpace/install/fast_lio/lib/libfast_lio__rosidl_typesupport_cpp.so
[44.279s] -- Set runtime path of "/home/scurm/MyLivoxWorkSpace/install/fast_lio/lib/libfast_lio__rosidl_typesupport_cpp.so" to ""
[44.279s] -- Installing: /home/scurm/MyLivoxWorkSpace/install/fast_lio/share/fast_lio/environment/pythonpath.sh
[44.279s] -- Installing: /home/scurm/MyLivoxWorkSpace/install/fast_lio/share/fast_lio/environment/pythonpath.dsv
[44.279s] -- Installing: /home/scurm/MyLivoxWorkSpace/install/fast_lio/local/lib/python3.10/dist-packages/fast_lio-0.0.0-py3.10.egg-info
[44.279s] -- Installing: /home/scurm/MyLivoxWorkSpace/install/fast_lio/local/lib/python3.10/dist-packages/fast_lio-0.0.0-py3.10.egg-info/PKG-INFO
[44.279s] -- Installing: /home/scurm/MyLivoxWorkSpace/install/fast_lio/local/lib/python3.10/dist-packages/fast_lio-0.0.0-py3.10.egg-info/SOURCES.txt
[44.279s] -- Installing: /home/scurm/MyLivoxWorkSpace/install/fast_lio/local/lib/python3.10/dist-packages/fast_lio-0.0.0-py3.10.egg-info/dependency_links.txt
[44.279s] -- Installing: /home/scurm/MyLivoxWorkSpace/install/fast_lio/local/lib/python3.10/dist-packages/fast_lio-0.0.0-py3.10.egg-info/top_level.txt
[44.279s] -- Installing: /home/scurm/MyLivoxWorkSpace/install/fast_lio/local/lib/python3.10/dist-packages/fast_lio
[44.279s] -- Installing: /home/scurm/MyLivoxWorkSpace/install/fast_lio/local/lib/python3.10/dist-packages/fast_lio/msg
[44.279s] -- Installing: /home/scurm/MyLivoxWorkSpace/install/fast_lio/local/lib/python3.10/dist-packages/fast_lio/msg/__init__.py
[44.279s] -- Installing: /home/scurm/MyLivoxWorkSpace/install/fast_lio/local/lib/python3.10/dist-packages/fast_lio/msg/_pose6_d.py
[44.279s] -- Installing: /home/scurm/MyLivoxWorkSpace/install/fast_lio/local/lib/python3.10/dist-packages/fast_lio/msg/_pose6_d_s.c
[44.279s] -- Installing: /home/scurm/MyLivoxWorkSpace/install/fast_lio/local/lib/python3.10/dist-packages/fast_lio/libfast_lio__rosidl_generator_py.so
[44.279s] -- Installing: /home/scurm/MyLivoxWorkSpace/install/fast_lio/local/lib/python3.10/dist-packages/fast_lio/fast_lio_s__rosidl_typesupport_c.cpython-310-x86_64-linux-gnu.so
[44.279s] -- Installing: /home/scurm/MyLivoxWorkSpace/install/fast_lio/local/lib/python3.10/dist-packages/fast_lio/_fast_lio_s.ep.rosidl_typesupport_fastrtps_c.c
[44.279s] -- Installing: /home/scurm/MyLivoxWorkSpace/install/fast_lio/local/lib/python3.10/dist-packages/fast_lio/__init__.py
[44.279s] -- Installing: /home/scurm/MyLivoxWorkSpace/install/fast_lio/local/lib/python3.10/dist-packages/fast_lio/_fast_lio_s.ep.rosidl_typesupport_c.c
[44.279s] -- Installing: /home/scurm/MyLivoxWorkSpace/install/fast_lio/local/lib/python3.10/dist-packages/fast_lio/_fast_lio_s.ep.rosidl_typesupport_introspection_c.c
[44.279s] -- Installing: /home/scurm/MyLivoxWorkSpace/install/fast_lio/local/lib/python3.10/dist-packages/fast_lio/fast_lio_s__rosidl_typesupport_fastrtps_c.cpython-310-x86_64-linux-gnu.so
[44.280s] -- Installing: /home/scurm/MyLivoxWorkSpace/install/fast_lio/local/lib/python3.10/dist-packages/fast_lio/fast_lio_s__rosidl_typesupport_introspection_c.cpython-310-x86_64-linux-gnu.so
[44.301s] Listing '/home/scurm/MyLivoxWorkSpace/install/fast_lio/local/lib/python3.10/dist-packages/fast_lio'...
[44.301s] Compiling '/home/scurm/MyLivoxWorkSpace/install/fast_lio/local/lib/python3.10/dist-packages/fast_lio/__init__.py'...
[44.301s] Listing '/home/scurm/MyLivoxWorkSpace/install/fast_lio/local/lib/python3.10/dist-packages/fast_lio/msg'...
[44.301s] Compiling '/home/scurm/MyLivoxWorkSpace/install/fast_lio/local/lib/python3.10/dist-packages/fast_lio/msg/__init__.py'...
[44.301s] Compiling '/home/scurm/MyLivoxWorkSpace/install/fast_lio/local/lib/python3.10/dist-packages/fast_lio/msg/_pose6_d.py'...
[44.304s] -- Installing: /home/scurm/MyLivoxWorkSpace/install/fast_lio/local/lib/python3.10/dist-packages/fast_lio/fast_lio_s__rosidl_typesupport_fastrtps_c.cpython-310-x86_64-linux-gnu.so
[44.304s] -- Set runtime path of "/home/scurm/MyLivoxWorkSpace/install/fast_lio/local/lib/python3.10/dist-packages/fast_lio/fast_lio_s__rosidl_typesupport_fastrtps_c.cpython-310-x86_64-linux-gnu.so" to ""
[44.304s] -- Installing: /home/scurm/MyLivoxWorkSpace/install/fast_lio/local/lib/python3.10/dist-packages/fast_lio/fast_lio_s__rosidl_typesupport_introspection_c.cpython-310-x86_64-linux-gnu.so
[44.304s] -- Set runtime path of "/home/scurm/MyLivoxWorkSpace/install/fast_lio/local/lib/python3.10/dist-packages/fast_lio/fast_lio_s__rosidl_typesupport_introspection_c.cpython-310-x86_64-linux-gnu.so" to ""
[44.304s] -- Installing: /home/scurm/MyLivoxWorkSpace/install/fast_lio/local/lib/python3.10/dist-packages/fast_lio/fast_lio_s__rosidl_typesupport_c.cpython-310-x86_64-linux-gnu.so
[44.304s] -- Set runtime path of "/home/scurm/MyLivoxWorkSpace/install/fast_lio/local/lib/python3.10/dist-packages/fast_lio/fast_lio_s__rosidl_typesupport_c.cpython-310-x86_64-linux-gnu.so" to ""
[44.304s] -- Installing: /home/scurm/MyLivoxWorkSpace/install/fast_lio/lib/libfast_lio__rosidl_generator_py.so
[44.304s] -- Set runtime path of "/home/scurm/MyLivoxWorkSpace/install/fast_lio/lib/libfast_lio__rosidl_generator_py.so" to ""
[44.304s] -- Installing: /home/scurm/MyLivoxWorkSpace/install/fast_lio/share/ament_index/resource_index/rust_packages/fast_lio
[44.305s] -- Installing: /home/scurm/MyLivoxWorkSpace/install/fast_lio/share/fast_lio/rust
[44.305s] -- Installing: /home/scurm/MyLivoxWorkSpace/install/fast_lio/share/fast_lio/rust/build.rs
[44.305s] -- Installing: /home/scurm/MyLivoxWorkSpace/install/fast_lio/share/fast_lio/rust/Cargo.toml
[44.305s] -- Installing: /home/scurm/MyLivoxWorkSpace/install/fast_lio/share/fast_lio/rust/src
[44.305s] -- Installing: /home/scurm/MyLivoxWorkSpace/install/fast_lio/share/fast_lio/rust/src/msg
[44.305s] -- Installing: /home/scurm/MyLivoxWorkSpace/install/fast_lio/share/fast_lio/rust/src/msg/rmw.rs
[44.305s] -- Installing: /home/scurm/MyLivoxWorkSpace/install/fast_lio/share/fast_lio/rust/src/lib.rs
[44.305s] -- Installing: /home/scurm/MyLivoxWorkSpace/install/fast_lio/share/fast_lio/rust/src/msg.rs
[44.305s] -- Installing: /home/scurm/MyLivoxWorkSpace/install/fast_lio/share/fast_lio/msg/Pose6D.idl
[44.305s] -- Installing: /home/scurm/MyLivoxWorkSpace/install/fast_lio/share/fast_lio/msg/Pose6D.msg
[44.305s] -- Installing: /home/scurm/MyLivoxWorkSpace/install/fast_lio/lib/fast_lio/fastlio_mapping
[44.306s] -- Set runtime path of "/home/scurm/MyLivoxWorkSpace/install/fast_lio/lib/fast_lio/fastlio_mapping" to ""
[44.306s] -- Installing: /home/scurm/MyLivoxWorkSpace/install/fast_lio/share/fast_lio/config
[44.306s] -- Installing: /home/scurm/MyLivoxWorkSpace/install/fast_lio/share/fast_lio/config/mid360.yaml
[44.306s] -- Installing: /home/scurm/MyLivoxWorkSpace/install/fast_lio/share/fast_lio/config/velodyne.yaml
[44.307s] -- Installing: /home/scurm/MyLivoxWorkSpace/install/fast_lio/share/fast_lio/config/ouster64.yaml
[44.307s] -- Installing: /home/scurm/MyLivoxWorkSpace/install/fast_lio/share/fast_lio/config/avia.yaml
[44.307s] -- Installing: /home/scurm/MyLivoxWorkSpace/install/fast_lio/share/fast_lio/config/horizon.yaml
[44.307s] -- Installing: /home/scurm/MyLivoxWorkSpace/install/fast_lio/share/fast_lio/launch
[44.307s] -- Installing: /home/scurm/MyLivoxWorkSpace/install/fast_lio/share/fast_lio/launch/mapping.launch.py
[44.307s] -- Installing: /home/scurm/MyLivoxWorkSpace/install/fast_lio/share/fast_lio/launch/gdb_debug_example.launch
[44.307s] -- Installing: /home/scurm/MyLivoxWorkSpace/install/fast_lio/share/fast_lio/rviz
[44.307s] -- Installing: /home/scurm/MyLivoxWorkSpace/install/fast_lio/share/fast_lio/rviz/fastlio.rviz
[44.307s] -- Installing: /home/scurm/MyLivoxWorkSpace/install/fast_lio/share/ament_index/resource_index/package_run_dependencies/fast_lio
[44.307s] -- Installing: /home/scurm/MyLivoxWorkSpace/install/fast_lio/share/ament_index/resource_index/parent_prefix_path/fast_lio
[44.307s] -- Installing: /home/scurm/MyLivoxWorkSpace/install/fast_lio/share/fast_lio/environment/ament_prefix_path.sh
[44.307s] -- Installing: /home/scurm/MyLivoxWorkSpace/install/fast_lio/share/fast_lio/environment/ament_prefix_path.dsv
[44.307s] -- Installing: /home/scurm/MyLivoxWorkSpace/install/fast_lio/share/fast_lio/environment/path.sh
[44.307s] -- Installing: /home/scurm/MyLivoxWorkSpace/install/fast_lio/share/fast_lio/environment/path.dsv
[44.307s] -- Installing: /home/scurm/MyLivoxWorkSpace/install/fast_lio/share/fast_lio/local_setup.bash
[44.307s] -- Installing: /home/scurm/MyLivoxWorkSpace/install/fast_lio/share/fast_lio/local_setup.sh
[44.307s] -- Installing: /home/scurm/MyLivoxWorkSpace/install/fast_lio/share/fast_lio/local_setup.zsh
[44.307s] -- Installing: /home/scurm/MyLivoxWorkSpace/install/fast_lio/share/fast_lio/local_setup.dsv
[44.307s] -- Installing: /home/scurm/MyLivoxWorkSpace/install/fast_lio/share/fast_lio/package.dsv
[44.308s] -- Installing: /home/scurm/MyLivoxWorkSpace/install/fast_lio/share/ament_index/resource_index/packages/fast_lio
[44.308s] -- Installing: /home/scurm/MyLivoxWorkSpace/install/fast_lio/share/fast_lio/cmake/export_fast_lio__rosidl_generator_cExport.cmake
[44.308s] -- Installing: /home/scurm/MyLivoxWorkSpace/install/fast_lio/share/fast_lio/cmake/export_fast_lio__rosidl_generator_cExport-release.cmake
[44.308s] -- Installing: /home/scurm/MyLivoxWorkSpace/install/fast_lio/share/fast_lio/cmake/export_fast_lio__rosidl_typesupport_fastrtps_cExport.cmake
[44.308s] -- Installing: /home/scurm/MyLivoxWorkSpace/install/fast_lio/share/fast_lio/cmake/export_fast_lio__rosidl_typesupport_fastrtps_cExport-release.cmake
[44.308s] -- Installing: /home/scurm/MyLivoxWorkSpace/install/fast_lio/share/fast_lio/cmake/export_fast_lio__rosidl_generator_cppExport.cmake
[44.308s] -- Installing: /home/scurm/MyLivoxWorkSpace/install/fast_lio/share/fast_lio/cmake/export_fast_lio__rosidl_typesupport_fastrtps_cppExport.cmake
[44.308s] -- Installing: /home/scurm/MyLivoxWorkSpace/install/fast_lio/share/fast_lio/cmake/export_fast_lio__rosidl_typesupport_fastrtps_cppExport-release.cmake
[44.308s] -- Installing: /home/scurm/MyLivoxWorkSpace/install/fast_lio/share/fast_lio/cmake/fast_lio__rosidl_typesupport_introspection_cExport.cmake
[44.308s] -- Installing: /home/scurm/MyLivoxWorkSpace/install/fast_lio/share/fast_lio/cmake/fast_lio__rosidl_typesupport_introspection_cExport-release.cmake
[44.308s] -- Installing: /home/scurm/MyLivoxWorkSpace/install/fast_lio/share/fast_lio/cmake/fast_lio__rosidl_typesupport_cExport.cmake
[44.308s] -- Installing: /home/scurm/MyLivoxWorkSpace/install/fast_lio/share/fast_lio/cmake/fast_lio__rosidl_typesupport_cExport-release.cmake
[44.308s] -- Installing: /home/scurm/MyLivoxWorkSpace/install/fast_lio/share/fast_lio/cmake/fast_lio__rosidl_typesupport_introspection_cppExport.cmake
[44.309s] -- Installing: /home/scurm/MyLivoxWorkSpace/install/fast_lio/share/fast_lio/cmake/fast_lio__rosidl_typesupport_introspection_cppExport-release.cmake
[44.309s] -- Installing: /home/scurm/MyLivoxWorkSpace/install/fast_lio/share/fast_lio/cmake/fast_lio__rosidl_typesupport_cppExport.cmake
[44.309s] -- Installing: /home/scurm/MyLivoxWorkSpace/install/fast_lio/share/fast_lio/cmake/fast_lio__rosidl_typesupport_cppExport-release.cmake
[44.309s] -- Installing: /home/scurm/MyLivoxWorkSpace/install/fast_lio/share/fast_lio/cmake/export_fast_lio__rosidl_generator_pyExport.cmake
[44.309s] -- Installing: /home/scurm/MyLivoxWorkSpace/install/fast_lio/share/fast_lio/cmake/export_fast_lio__rosidl_generator_pyExport-release.cmake
[44.309s] -- Installing: /home/scurm/MyLivoxWorkSpace/install/fast_lio/share/fast_lio/cmake/rosidl_cmake-extras.cmake
[44.309s] -- Installing: /home/scurm/MyLivoxWorkSpace/install/fast_lio/share/fast_lio/cmake/ament_cmake_export_include_directories-extras.cmake
[44.309s] -- Installing: /home/scurm/MyLivoxWorkSpace/install/fast_lio/share/fast_lio/cmake/ament_cmake_export_libraries-extras.cmake
[44.309s] -- Installing: /home/scurm/MyLivoxWorkSpace/install/fast_lio/share/fast_lio/cmake/ament_cmake_export_targets-extras.cmake
[44.309s] -- Installing: /home/scurm/MyLivoxWorkSpace/install/fast_lio/share/fast_lio/cmake/rosidl_cmake_export_typesupport_targets-extras.cmake
[44.309s] -- Installing: /home/scurm/MyLivoxWorkSpace/install/fast_lio/share/fast_lio/cmake/ament_cmake_export_dependencies-extras.cmake
[44.309s] -- Installing: /home/scurm/MyLivoxWorkSpace/install/fast_lio/share/fast_lio/cmake/rosidl_cmake_export_typesupport_libraries-extras.cmake
[44.309s] -- Installing: /home/scurm/MyLivoxWorkSpace/install/fast_lio/share/fast_lio/cmake/fast_lioConfig.cmake
[44.309s] -- Installing: /home/scurm/MyLivoxWorkSpace/install/fast_lio/share/fast_lio/cmake/fast_lioConfig-version.cmake
[44.309s] -- Installing: /home/scurm/MyLivoxWorkSpace/install/fast_lio/share/fast_lio/package.xml
[44.311s] Invoked command in '/home/scurm/MyLivoxWorkSpace/build/fast_lio' returned '0': CMAKE_PREFIX_PATH=/home/scurm/MyLivoxWorkSpace/install/livox_ros_driver2:/home/scurm/MyLivoxWorkSpace/install/slam_to_vision_cpp:/opt/ros/humble LD_LIBRARY_PATH=/home/scurm/MyLivoxWorkSpace/install/livox_ros_driver2/lib:/opt/MVS/lib/64:/opt/MVS/lib/32:/opt/MVS/lib/64:/opt/MVS/lib/32:/opt/MVS/lib/64:/opt/MVS/lib/32:/usr/lib/x86_64-linux-gnu/gazebo-11/plugins:/opt/ros/humble/opt/rviz_ogre_vendor/lib:/opt/ros/humble/lib/x86_64-linux-gnu:/opt/ros/humble/lib:/opt/MVS/lib/64:/opt/MVS/lib/32:/opt/MVS/lib/64:/opt/MVS/lib/32:/opt/MVS/lib/64:/opt/MVS/lib/32 /usr/bin/cmake --install /home/scurm/MyLivoxWorkSpace/build/fast_lio
