[0.008s] Invoking command in '/home/scurm/MyLivoxWorkSpace/build/slam_to_vision_cpp': CMAKE_PREFIX_PATH=${CMAKE_PREFIX_PATH}:/opt/ros/humble /usr/bin/cmake --build /home/scurm/MyLivoxWorkSpace/build/slam_to_vision_cpp -- -j20 -l20
[0.040s] [35m[1mConsolidate compiler generated dependencies of target slam_to_vision_node[0m
[0.053s] [ 50%] [32mBuilding CXX object CMakeFiles/slam_to_vision_node.dir/src/slam_to_vision_node.cpp.o[0m
[4.971s] [100%] [32m[1mLinking CXX executable slam_to_vision_node[0m
[5.197s] [100%] Built target slam_to_vision_node
[5.205s] Invoked command in '/home/scurm/MyLivoxWorkSpace/build/slam_to_vision_cpp' returned '0': CMAKE_PREFIX_PATH=${CMAKE_PREFIX_PATH}:/opt/ros/humble /usr/bin/cmake --build /home/scurm/MyLivoxWorkSpace/build/slam_to_vision_cpp -- -j20 -l20
[5.212s] Invoking command in '/home/scurm/MyLivoxWorkSpace/build/slam_to_vision_cpp': CMAKE_PREFIX_PATH=${CMAKE_PREFIX_PATH}:/opt/ros/humble /usr/bin/cmake --install /home/scurm/MyLivoxWorkSpace/build/slam_to_vision_cpp
[5.217s] -- Install configuration: ""
[5.218s] -- Execute custom install script
[5.218s] -- Up-to-date symlink: /home/scurm/MyLivoxWorkSpace/install/slam_to_vision_cpp/lib/slam_to_vision_cpp/slam_to_vision_node
[5.218s] -- Up-to-date symlink: /home/scurm/MyLivoxWorkSpace/install/slam_to_vision_cpp/share/ament_index/resource_index/package_run_dependencies/slam_to_vision_cpp
[5.218s] -- Up-to-date symlink: /home/scurm/MyLivoxWorkSpace/install/slam_to_vision_cpp/share/ament_index/resource_index/parent_prefix_path/slam_to_vision_cpp
[5.218s] -- Up-to-date symlink: /home/scurm/MyLivoxWorkSpace/install/slam_to_vision_cpp/share/slam_to_vision_cpp/environment/ament_prefix_path.sh
[5.218s] -- Up-to-date symlink: /home/scurm/MyLivoxWorkSpace/install/slam_to_vision_cpp/share/slam_to_vision_cpp/environment/ament_prefix_path.dsv
[5.218s] -- Up-to-date symlink: /home/scurm/MyLivoxWorkSpace/install/slam_to_vision_cpp/share/slam_to_vision_cpp/environment/path.sh
[5.218s] -- Up-to-date symlink: /home/scurm/MyLivoxWorkSpace/install/slam_to_vision_cpp/share/slam_to_vision_cpp/environment/path.dsv
[5.218s] -- Up-to-date symlink: /home/scurm/MyLivoxWorkSpace/install/slam_to_vision_cpp/share/slam_to_vision_cpp/local_setup.bash
[5.218s] -- Up-to-date symlink: /home/scurm/MyLivoxWorkSpace/install/slam_to_vision_cpp/share/slam_to_vision_cpp/local_setup.sh
[5.218s] -- Up-to-date symlink: /home/scurm/MyLivoxWorkSpace/install/slam_to_vision_cpp/share/slam_to_vision_cpp/local_setup.zsh
[5.218s] -- Up-to-date symlink: /home/scurm/MyLivoxWorkSpace/install/slam_to_vision_cpp/share/slam_to_vision_cpp/local_setup.dsv
[5.218s] -- Symlinking: /home/scurm/MyLivoxWorkSpace/install/slam_to_vision_cpp/share/slam_to_vision_cpp/package.dsv
[5.223s] -- Up-to-date symlink: /home/scurm/MyLivoxWorkSpace/install/slam_to_vision_cpp/share/ament_index/resource_index/packages/slam_to_vision_cpp
[5.223s] -- Up-to-date symlink: /home/scurm/MyLivoxWorkSpace/install/slam_to_vision_cpp/share/slam_to_vision_cpp/cmake/slam_to_vision_cppConfig.cmake
[5.223s] -- Up-to-date symlink: /home/scurm/MyLivoxWorkSpace/install/slam_to_vision_cpp/share/slam_to_vision_cpp/cmake/slam_to_vision_cppConfig-version.cmake
[5.223s] -- Up-to-date symlink: /home/scurm/MyLivoxWorkSpace/install/slam_to_vision_cpp/share/slam_to_vision_cpp/package.xml
[5.225s] Invoked command in '/home/scurm/MyLivoxWorkSpace/build/slam_to_vision_cpp' returned '0': CMAKE_PREFIX_PATH=${CMAKE_PREFIX_PATH}:/opt/ros/humble /usr/bin/cmake --install /home/scurm/MyLivoxWorkSpace/build/slam_to_vision_cpp
