[0.104s] DEBUG:colcon:Command line arguments: ['/usr/bin/colcon', 'build']
[0.104s] DEBUG:colcon:Parsed command line arguments: Namespace(log_base=None, log_level=None, verb_name='build', build_base='build', install_base='install', merge_install=False, symlink_install=False, test_result_base=None, continue_on_error=False, executor='parallel', parallel_workers=20, event_handlers=None, ignore_user_meta=False, metas=['./colcon.meta'], base_paths=['.'], packages_ignore=None, packages_ignore_regex=None, paths=None, packages_up_to=None, packages_up_to_regex=None, packages_above=None, packages_above_and_dependencies=None, packages_above_depth=None, packages_select_by_dep=None, packages_skip_by_dep=None, packages_skip_up_to=None, packages_select_build_failed=False, packages_skip_build_finished=False, packages_select_test_failures=False, packages_skip_test_passed=False, packages_select=None, packages_skip=None, packages_select_regex=None, packages_skip_regex=None, packages_start=None, packages_end=None, allow_overriding=[], cmake_args=None, cmake_target=None, cmake_target_skip_unavailable=False, cmake_clean_cache=False, cmake_clean_first=False, cmake_force_configure=False, ament_cmake_args=None, catkin_cmake_args=None, catkin_skip_building_tests=False, mixin_files=None, mixin=None, verb_parser=<colcon_mixin.mixin.mixin_argument.MixinArgumentDecorator object at 0x7fc80dc76d10>, verb_extension=<colcon_core.verb.build.BuildVerb object at 0x7fc80dc76740>, main=<bound method BuildVerb.main of <colcon_core.verb.build.BuildVerb object at 0x7fc80dc76740>>, mixin_verb=('build',))
[0.276s] Level 1:colcon.colcon_core.package_discovery:discover_packages(colcon_meta) check parameters
[0.276s] Level 1:colcon.colcon_core.package_discovery:discover_packages(recursive) check parameters
[0.276s] Level 1:colcon.colcon_core.package_discovery:discover_packages(ignore) check parameters
[0.276s] Level 1:colcon.colcon_core.package_discovery:discover_packages(path) check parameters
[0.276s] Level 1:colcon.colcon_core.package_discovery:discover_packages(colcon_meta) discover
[0.276s] Level 1:colcon.colcon_core.package_discovery:discover_packages(recursive) discover
[0.276s] INFO:colcon.colcon_core.package_discovery:Crawling recursively for packages in '/home/scurm/vision_pos_estimate_ws'
[0.277s] Level 1:colcon.colcon_core.package_identification:_identify(.) by extensions ['ignore', 'ignore_ament_install']
[0.277s] Level 1:colcon.colcon_core.package_identification:_identify(.) by extension 'ignore'
[0.277s] Level 1:colcon.colcon_core.package_identification:_identify(.) by extension 'ignore_ament_install'
[0.277s] Level 1:colcon.colcon_core.package_identification:_identify(.) by extensions ['colcon_pkg']
[0.277s] Level 1:colcon.colcon_core.package_identification:_identify(.) by extension 'colcon_pkg'
[0.277s] Level 1:colcon.colcon_core.package_identification:_identify(.) by extensions ['colcon_meta']
[0.277s] Level 1:colcon.colcon_core.package_identification:_identify(.) by extension 'colcon_meta'
[0.277s] Level 1:colcon.colcon_core.package_identification:_identify(.) by extensions ['ros']
[0.277s] Level 1:colcon.colcon_core.package_identification:_identify(.) by extension 'ros'
[0.286s] Level 1:colcon.colcon_core.package_identification:_identify(.) by extensions ['cmake', 'python']
[0.286s] Level 1:colcon.colcon_core.package_identification:_identify(.) by extension 'cmake'
[0.286s] Level 1:colcon.colcon_core.package_identification:_identify(.) by extension 'python'
[0.286s] Level 1:colcon.colcon_core.package_identification:_identify(.) by extensions ['python_setup_py']
[0.286s] Level 1:colcon.colcon_core.package_identification:_identify(.) by extension 'python_setup_py'
[0.286s] Level 1:colcon.colcon_core.package_identification:_identify(build) by extensions ['ignore', 'ignore_ament_install']
[0.286s] Level 1:colcon.colcon_core.package_identification:_identify(build) by extension 'ignore'
[0.286s] Level 1:colcon.colcon_core.package_identification:_identify(build) ignored
[0.286s] Level 1:colcon.colcon_core.package_identification:_identify(install) by extensions ['ignore', 'ignore_ament_install']
[0.286s] Level 1:colcon.colcon_core.package_identification:_identify(install) by extension 'ignore'
[0.286s] Level 1:colcon.colcon_core.package_identification:_identify(install) ignored
[0.286s] Level 1:colcon.colcon_core.package_identification:_identify(log) by extensions ['ignore', 'ignore_ament_install']
[0.286s] Level 1:colcon.colcon_core.package_identification:_identify(log) by extension 'ignore'
[0.286s] Level 1:colcon.colcon_core.package_identification:_identify(log) ignored
[0.286s] Level 1:colcon.colcon_core.package_identification:_identify(src) by extensions ['ignore', 'ignore_ament_install']
[0.286s] Level 1:colcon.colcon_core.package_identification:_identify(src) by extension 'ignore'
[0.287s] Level 1:colcon.colcon_core.package_identification:_identify(src) by extension 'ignore_ament_install'
[0.287s] Level 1:colcon.colcon_core.package_identification:_identify(src) by extensions ['colcon_pkg']
[0.287s] Level 1:colcon.colcon_core.package_identification:_identify(src) by extension 'colcon_pkg'
[0.287s] Level 1:colcon.colcon_core.package_identification:_identify(src) by extensions ['colcon_meta']
[0.287s] Level 1:colcon.colcon_core.package_identification:_identify(src) by extension 'colcon_meta'
[0.287s] Level 1:colcon.colcon_core.package_identification:_identify(src) by extensions ['ros']
[0.287s] Level 1:colcon.colcon_core.package_identification:_identify(src) by extension 'ros'
[0.287s] Level 1:colcon.colcon_core.package_identification:_identify(src) by extensions ['cmake', 'python']
[0.287s] Level 1:colcon.colcon_core.package_identification:_identify(src) by extension 'cmake'
[0.287s] Level 1:colcon.colcon_core.package_identification:_identify(src) by extension 'python'
[0.287s] Level 1:colcon.colcon_core.package_identification:_identify(src) by extensions ['python_setup_py']
[0.287s] Level 1:colcon.colcon_core.package_identification:_identify(src) by extension 'python_setup_py'
[0.287s] Level 1:colcon.colcon_core.package_identification:_identify(src/mid360_transform) by extensions ['ignore', 'ignore_ament_install']
[0.287s] Level 1:colcon.colcon_core.package_identification:_identify(src/mid360_transform) by extension 'ignore'
[0.287s] Level 1:colcon.colcon_core.package_identification:_identify(src/mid360_transform) by extension 'ignore_ament_install'
[0.287s] Level 1:colcon.colcon_core.package_identification:_identify(src/mid360_transform) by extensions ['colcon_pkg']
[0.287s] Level 1:colcon.colcon_core.package_identification:_identify(src/mid360_transform) by extension 'colcon_pkg'
[0.287s] Level 1:colcon.colcon_core.package_identification:_identify(src/mid360_transform) by extensions ['colcon_meta']
[0.287s] Level 1:colcon.colcon_core.package_identification:_identify(src/mid360_transform) by extension 'colcon_meta'
[0.287s] Level 1:colcon.colcon_core.package_identification:_identify(src/mid360_transform) by extensions ['ros']
[0.287s] Level 1:colcon.colcon_core.package_identification:_identify(src/mid360_transform) by extension 'ros'
[0.290s] DEBUG:colcon.colcon_core.package_identification:Package 'src/mid360_transform' with type 'ros.ament_cmake' and name 'mid360_transform'
[0.290s] Level 1:colcon.colcon_core.package_identification:_identify(src/slam_to_vision_cpp) by extensions ['ignore', 'ignore_ament_install']
[0.290s] Level 1:colcon.colcon_core.package_identification:_identify(src/slam_to_vision_cpp) by extension 'ignore'
[0.290s] Level 1:colcon.colcon_core.package_identification:_identify(src/slam_to_vision_cpp) by extension 'ignore_ament_install'
[0.290s] Level 1:colcon.colcon_core.package_identification:_identify(src/slam_to_vision_cpp) by extensions ['colcon_pkg']
[0.290s] Level 1:colcon.colcon_core.package_identification:_identify(src/slam_to_vision_cpp) by extension 'colcon_pkg'
[0.290s] Level 1:colcon.colcon_core.package_identification:_identify(src/slam_to_vision_cpp) by extensions ['colcon_meta']
[0.290s] Level 1:colcon.colcon_core.package_identification:_identify(src/slam_to_vision_cpp) by extension 'colcon_meta'
[0.290s] Level 1:colcon.colcon_core.package_identification:_identify(src/slam_to_vision_cpp) by extensions ['ros']
[0.290s] Level 1:colcon.colcon_core.package_identification:_identify(src/slam_to_vision_cpp) by extension 'ros'
[0.291s] DEBUG:colcon.colcon_core.package_identification:Package 'src/slam_to_vision_cpp' with type 'ros.ament_cmake' and name 'slam_to_vision_cpp'
[0.291s] Level 1:colcon.colcon_core.package_discovery:discover_packages(recursive) using defaults
[0.291s] Level 1:colcon.colcon_core.package_discovery:discover_packages(ignore) discover
[0.291s] Level 1:colcon.colcon_core.package_discovery:discover_packages(ignore) using defaults
[0.291s] Level 1:colcon.colcon_core.package_discovery:discover_packages(path) discover
[0.291s] Level 1:colcon.colcon_core.package_discovery:discover_packages(path) using defaults
[0.314s] Level 1:colcon.colcon_core.package_discovery:discover_packages(prefix_path) check parameters
[0.314s] Level 1:colcon.colcon_core.package_discovery:discover_packages(prefix_path) discover
[0.315s] DEBUG:colcon.colcon_installed_package_information.package_discovery:Found 290 installed packages in /opt/ros/humble
[0.316s] Level 1:colcon.colcon_core.package_discovery:discover_packages(prefix_path) using defaults
[0.338s] Level 5:colcon.colcon_core.verb:set package 'mid360_transform' build argument 'cmake_args' from command line to 'None'
[0.338s] Level 5:colcon.colcon_core.verb:set package 'mid360_transform' build argument 'cmake_target' from command line to 'None'
[0.338s] Level 5:colcon.colcon_core.verb:set package 'mid360_transform' build argument 'cmake_target_skip_unavailable' from command line to 'False'
[0.338s] Level 5:colcon.colcon_core.verb:set package 'mid360_transform' build argument 'cmake_clean_cache' from command line to 'False'
[0.338s] Level 5:colcon.colcon_core.verb:set package 'mid360_transform' build argument 'cmake_clean_first' from command line to 'False'
[0.338s] Level 5:colcon.colcon_core.verb:set package 'mid360_transform' build argument 'cmake_force_configure' from command line to 'False'
[0.338s] Level 5:colcon.colcon_core.verb:set package 'mid360_transform' build argument 'ament_cmake_args' from command line to 'None'
[0.338s] Level 5:colcon.colcon_core.verb:set package 'mid360_transform' build argument 'catkin_cmake_args' from command line to 'None'
[0.338s] Level 5:colcon.colcon_core.verb:set package 'mid360_transform' build argument 'catkin_skip_building_tests' from command line to 'False'
[0.338s] DEBUG:colcon.colcon_core.verb:Building package 'mid360_transform' with the following arguments: {'ament_cmake_args': None, 'build_base': '/home/scurm/vision_pos_estimate_ws/build/mid360_transform', 'catkin_cmake_args': None, 'catkin_skip_building_tests': False, 'cmake_args': None, 'cmake_clean_cache': False, 'cmake_clean_first': False, 'cmake_force_configure': False, 'cmake_target': None, 'cmake_target_skip_unavailable': False, 'install_base': '/home/scurm/vision_pos_estimate_ws/install/mid360_transform', 'merge_install': False, 'path': '/home/scurm/vision_pos_estimate_ws/src/mid360_transform', 'symlink_install': False, 'test_result_base': None}
[0.338s] Level 5:colcon.colcon_core.verb:set package 'slam_to_vision_cpp' build argument 'cmake_args' from command line to 'None'
[0.338s] Level 5:colcon.colcon_core.verb:set package 'slam_to_vision_cpp' build argument 'cmake_target' from command line to 'None'
[0.338s] Level 5:colcon.colcon_core.verb:set package 'slam_to_vision_cpp' build argument 'cmake_target_skip_unavailable' from command line to 'False'
[0.338s] Level 5:colcon.colcon_core.verb:set package 'slam_to_vision_cpp' build argument 'cmake_clean_cache' from command line to 'False'
[0.338s] Level 5:colcon.colcon_core.verb:set package 'slam_to_vision_cpp' build argument 'cmake_clean_first' from command line to 'False'
[0.338s] Level 5:colcon.colcon_core.verb:set package 'slam_to_vision_cpp' build argument 'cmake_force_configure' from command line to 'False'
[0.338s] Level 5:colcon.colcon_core.verb:set package 'slam_to_vision_cpp' build argument 'ament_cmake_args' from command line to 'None'
[0.338s] Level 5:colcon.colcon_core.verb:set package 'slam_to_vision_cpp' build argument 'catkin_cmake_args' from command line to 'None'
[0.339s] Level 5:colcon.colcon_core.verb:set package 'slam_to_vision_cpp' build argument 'catkin_skip_building_tests' from command line to 'False'
[0.339s] DEBUG:colcon.colcon_core.verb:Building package 'slam_to_vision_cpp' with the following arguments: {'ament_cmake_args': None, 'build_base': '/home/scurm/vision_pos_estimate_ws/build/slam_to_vision_cpp', 'catkin_cmake_args': None, 'catkin_skip_building_tests': False, 'cmake_args': None, 'cmake_clean_cache': False, 'cmake_clean_first': False, 'cmake_force_configure': False, 'cmake_target': None, 'cmake_target_skip_unavailable': False, 'install_base': '/home/scurm/vision_pos_estimate_ws/install/slam_to_vision_cpp', 'merge_install': False, 'path': '/home/scurm/vision_pos_estimate_ws/src/slam_to_vision_cpp', 'symlink_install': False, 'test_result_base': None}
[0.339s] INFO:colcon.colcon_core.executor:Executing jobs using 'parallel' executor
[0.339s] DEBUG:colcon.colcon_parallel_executor.executor.parallel:run_until_complete
[0.340s] INFO:colcon.colcon_ros.task.ament_cmake.build:Building ROS package in '/home/scurm/vision_pos_estimate_ws/src/mid360_transform' with build type 'ament_cmake'
[0.340s] INFO:colcon.colcon_cmake.task.cmake.build:Building CMake package in '/home/scurm/vision_pos_estimate_ws/src/mid360_transform'
[0.343s] INFO:colcon.colcon_core.plugin_system:Skipping extension 'colcon_core.shell.bat': Not used on non-Windows systems
[0.343s] INFO:colcon.colcon_core.shell:Skip shell extension 'powershell' for command environment: Not usable outside of PowerShell
[0.343s] DEBUG:colcon.colcon_core.shell:Skip shell extension 'dsv' for command environment
[0.345s] INFO:colcon.colcon_ros.task.ament_cmake.build:Building ROS package in '/home/scurm/vision_pos_estimate_ws/src/slam_to_vision_cpp' with build type 'ament_cmake'
[0.345s] INFO:colcon.colcon_cmake.task.cmake.build:Building CMake package in '/home/scurm/vision_pos_estimate_ws/src/slam_to_vision_cpp'
[0.345s] INFO:colcon.colcon_core.shell:Skip shell extension 'powershell' for command environment: Not usable outside of PowerShell
[0.345s] DEBUG:colcon.colcon_core.shell:Skip shell extension 'dsv' for command environment
[0.351s] DEBUG:colcon.colcon_core.event_handler.log_command:Invoking command in '/home/scurm/vision_pos_estimate_ws/build/mid360_transform': CMAKE_PREFIX_PATH=/opt/ros/humble /usr/bin/cmake --build /home/scurm/vision_pos_estimate_ws/build/mid360_transform -- -j20 -l20
[0.353s] DEBUG:colcon.colcon_core.event_handler.log_command:Invoking command in '/home/scurm/vision_pos_estimate_ws/build/slam_to_vision_cpp': CMAKE_PREFIX_PATH=/opt/ros/humble /usr/bin/cmake --build /home/scurm/vision_pos_estimate_ws/build/slam_to_vision_cpp -- -j20 -l20
[0.424s] DEBUG:colcon.colcon_core.event_handler.log_command:Invoked command in '/home/scurm/vision_pos_estimate_ws/build/mid360_transform' returned '0': CMAKE_PREFIX_PATH=/opt/ros/humble /usr/bin/cmake --build /home/scurm/vision_pos_estimate_ws/build/mid360_transform -- -j20 -l20
[0.432s] DEBUG:colcon.colcon_core.event_handler.log_command:Invoking command in '/home/scurm/vision_pos_estimate_ws/build/mid360_transform': CMAKE_PREFIX_PATH=/opt/ros/humble /usr/bin/cmake --install /home/scurm/vision_pos_estimate_ws/build/mid360_transform
[0.440s] Level 1:colcon.colcon_core.environment:create_environment_scripts_only(mid360_transform)
[0.440s] DEBUG:colcon.colcon_core.event_handler.log_command:Invoked command in '/home/scurm/vision_pos_estimate_ws/build/mid360_transform' returned '0': CMAKE_PREFIX_PATH=/opt/ros/humble /usr/bin/cmake --install /home/scurm/vision_pos_estimate_ws/build/mid360_transform
[0.446s] Level 1:colcon.colcon_core.environment:checking '/home/scurm/vision_pos_estimate_ws/install/mid360_transform' for CMake module files
[0.446s] Level 1:colcon.colcon_core.environment:checking '/home/scurm/vision_pos_estimate_ws/install/mid360_transform' for CMake config files
[0.447s] Level 1:colcon.colcon_core.shell:create_environment_hook('mid360_transform', 'cmake_prefix_path')
[0.447s] INFO:colcon.colcon_core.shell:Creating environment hook '/home/scurm/vision_pos_estimate_ws/install/mid360_transform/share/mid360_transform/hook/cmake_prefix_path.ps1'
[0.448s] INFO:colcon.colcon_core.shell:Creating environment descriptor '/home/scurm/vision_pos_estimate_ws/install/mid360_transform/share/mid360_transform/hook/cmake_prefix_path.dsv'
[0.448s] INFO:colcon.colcon_core.shell:Creating environment hook '/home/scurm/vision_pos_estimate_ws/install/mid360_transform/share/mid360_transform/hook/cmake_prefix_path.sh'
[0.449s] Level 1:colcon.colcon_core.environment:checking '/home/scurm/vision_pos_estimate_ws/install/mid360_transform/lib'
[0.449s] Level 1:colcon.colcon_core.environment:checking '/home/scurm/vision_pos_estimate_ws/install/mid360_transform/bin'
[0.449s] Level 1:colcon.colcon_core.environment:checking '/home/scurm/vision_pos_estimate_ws/install/mid360_transform/lib/pkgconfig/mid360_transform.pc'
[0.449s] Level 1:colcon.colcon_core.environment:checking '/home/scurm/vision_pos_estimate_ws/install/mid360_transform/lib/python3.10/site-packages'
[0.449s] Level 1:colcon.colcon_core.environment:checking '/home/scurm/vision_pos_estimate_ws/install/mid360_transform/bin'
[0.450s] INFO:colcon.colcon_core.shell:Creating package script '/home/scurm/vision_pos_estimate_ws/install/mid360_transform/share/mid360_transform/package.ps1'
[0.450s] INFO:colcon.colcon_core.shell:Creating package descriptor '/home/scurm/vision_pos_estimate_ws/install/mid360_transform/share/mid360_transform/package.dsv'
[0.451s] INFO:colcon.colcon_core.shell:Creating package script '/home/scurm/vision_pos_estimate_ws/install/mid360_transform/share/mid360_transform/package.sh'
[0.451s] INFO:colcon.colcon_core.shell:Creating package script '/home/scurm/vision_pos_estimate_ws/install/mid360_transform/share/mid360_transform/package.bash'
[0.452s] INFO:colcon.colcon_core.shell:Creating package script '/home/scurm/vision_pos_estimate_ws/install/mid360_transform/share/mid360_transform/package.zsh'
[0.453s] Level 1:colcon.colcon_core.environment:create_file_with_runtime_dependencies(/home/scurm/vision_pos_estimate_ws/install/mid360_transform/share/colcon-core/packages/mid360_transform)
[0.453s] Level 1:colcon.colcon_core.environment:create_environment_scripts_only(mid360_transform)
[0.453s] Level 1:colcon.colcon_core.environment:checking '/home/scurm/vision_pos_estimate_ws/install/mid360_transform' for CMake module files
[0.454s] Level 1:colcon.colcon_core.environment:checking '/home/scurm/vision_pos_estimate_ws/install/mid360_transform' for CMake config files
[0.454s] Level 1:colcon.colcon_core.shell:create_environment_hook('mid360_transform', 'cmake_prefix_path')
[0.454s] INFO:colcon.colcon_core.shell:Creating environment hook '/home/scurm/vision_pos_estimate_ws/install/mid360_transform/share/mid360_transform/hook/cmake_prefix_path.ps1'
[0.454s] INFO:colcon.colcon_core.shell:Creating environment descriptor '/home/scurm/vision_pos_estimate_ws/install/mid360_transform/share/mid360_transform/hook/cmake_prefix_path.dsv'
[0.454s] INFO:colcon.colcon_core.shell:Creating environment hook '/home/scurm/vision_pos_estimate_ws/install/mid360_transform/share/mid360_transform/hook/cmake_prefix_path.sh'
[0.455s] Level 1:colcon.colcon_core.environment:checking '/home/scurm/vision_pos_estimate_ws/install/mid360_transform/lib'
[0.455s] Level 1:colcon.colcon_core.environment:checking '/home/scurm/vision_pos_estimate_ws/install/mid360_transform/bin'
[0.455s] Level 1:colcon.colcon_core.environment:checking '/home/scurm/vision_pos_estimate_ws/install/mid360_transform/lib/pkgconfig/mid360_transform.pc'
[0.455s] Level 1:colcon.colcon_core.environment:checking '/home/scurm/vision_pos_estimate_ws/install/mid360_transform/lib/python3.10/site-packages'
[0.455s] Level 1:colcon.colcon_core.environment:checking '/home/scurm/vision_pos_estimate_ws/install/mid360_transform/bin'
[0.456s] INFO:colcon.colcon_core.shell:Creating package script '/home/scurm/vision_pos_estimate_ws/install/mid360_transform/share/mid360_transform/package.ps1'
[0.456s] INFO:colcon.colcon_core.shell:Creating package descriptor '/home/scurm/vision_pos_estimate_ws/install/mid360_transform/share/mid360_transform/package.dsv'
[0.456s] INFO:colcon.colcon_core.shell:Creating package script '/home/scurm/vision_pos_estimate_ws/install/mid360_transform/share/mid360_transform/package.sh'
[0.457s] INFO:colcon.colcon_core.shell:Creating package script '/home/scurm/vision_pos_estimate_ws/install/mid360_transform/share/mid360_transform/package.bash'
[0.457s] INFO:colcon.colcon_core.shell:Creating package script '/home/scurm/vision_pos_estimate_ws/install/mid360_transform/share/mid360_transform/package.zsh'
[0.457s] Level 1:colcon.colcon_core.environment:create_file_with_runtime_dependencies(/home/scurm/vision_pos_estimate_ws/install/mid360_transform/share/colcon-core/packages/mid360_transform)
[6.366s] DEBUG:colcon.colcon_core.event_handler.log_command:Invoked command in '/home/scurm/vision_pos_estimate_ws/build/slam_to_vision_cpp' returned '0': CMAKE_PREFIX_PATH=/opt/ros/humble /usr/bin/cmake --build /home/scurm/vision_pos_estimate_ws/build/slam_to_vision_cpp -- -j20 -l20
[6.368s] DEBUG:colcon.colcon_core.event_handler.log_command:Invoking command in '/home/scurm/vision_pos_estimate_ws/build/slam_to_vision_cpp': CMAKE_PREFIX_PATH=/opt/ros/humble /usr/bin/cmake --install /home/scurm/vision_pos_estimate_ws/build/slam_to_vision_cpp
[6.385s] Level 1:colcon.colcon_core.environment:create_environment_scripts_only(slam_to_vision_cpp)
[6.385s] Level 1:colcon.colcon_core.environment:checking '/home/scurm/vision_pos_estimate_ws/install/slam_to_vision_cpp' for CMake module files
[6.386s] DEBUG:colcon.colcon_core.event_handler.log_command:Invoked command in '/home/scurm/vision_pos_estimate_ws/build/slam_to_vision_cpp' returned '0': CMAKE_PREFIX_PATH=/opt/ros/humble /usr/bin/cmake --install /home/scurm/vision_pos_estimate_ws/build/slam_to_vision_cpp
[6.387s] Level 1:colcon.colcon_core.environment:checking '/home/scurm/vision_pos_estimate_ws/install/slam_to_vision_cpp' for CMake config files
[6.387s] Level 1:colcon.colcon_core.shell:create_environment_hook('slam_to_vision_cpp', 'cmake_prefix_path')
[6.388s] INFO:colcon.colcon_core.shell:Creating environment hook '/home/scurm/vision_pos_estimate_ws/install/slam_to_vision_cpp/share/slam_to_vision_cpp/hook/cmake_prefix_path.ps1'
[6.388s] INFO:colcon.colcon_core.shell:Creating environment descriptor '/home/scurm/vision_pos_estimate_ws/install/slam_to_vision_cpp/share/slam_to_vision_cpp/hook/cmake_prefix_path.dsv'
[6.389s] INFO:colcon.colcon_core.shell:Creating environment hook '/home/scurm/vision_pos_estimate_ws/install/slam_to_vision_cpp/share/slam_to_vision_cpp/hook/cmake_prefix_path.sh'
[6.389s] Level 1:colcon.colcon_core.environment:checking '/home/scurm/vision_pos_estimate_ws/install/slam_to_vision_cpp/lib'
[6.389s] Level 1:colcon.colcon_core.environment:checking '/home/scurm/vision_pos_estimate_ws/install/slam_to_vision_cpp/bin'
[6.390s] Level 1:colcon.colcon_core.environment:checking '/home/scurm/vision_pos_estimate_ws/install/slam_to_vision_cpp/lib/pkgconfig/slam_to_vision_cpp.pc'
[6.390s] Level 1:colcon.colcon_core.environment:checking '/home/scurm/vision_pos_estimate_ws/install/slam_to_vision_cpp/lib/python3.10/site-packages'
[6.390s] Level 1:colcon.colcon_core.environment:checking '/home/scurm/vision_pos_estimate_ws/install/slam_to_vision_cpp/bin'
[6.391s] INFO:colcon.colcon_core.shell:Creating package script '/home/scurm/vision_pos_estimate_ws/install/slam_to_vision_cpp/share/slam_to_vision_cpp/package.ps1'
[6.391s] INFO:colcon.colcon_core.shell:Creating package descriptor '/home/scurm/vision_pos_estimate_ws/install/slam_to_vision_cpp/share/slam_to_vision_cpp/package.dsv'
[6.391s] INFO:colcon.colcon_core.shell:Creating package script '/home/scurm/vision_pos_estimate_ws/install/slam_to_vision_cpp/share/slam_to_vision_cpp/package.sh'
[6.392s] INFO:colcon.colcon_core.shell:Creating package script '/home/scurm/vision_pos_estimate_ws/install/slam_to_vision_cpp/share/slam_to_vision_cpp/package.bash'
[6.392s] INFO:colcon.colcon_core.shell:Creating package script '/home/scurm/vision_pos_estimate_ws/install/slam_to_vision_cpp/share/slam_to_vision_cpp/package.zsh'
[6.393s] Level 1:colcon.colcon_core.environment:create_file_with_runtime_dependencies(/home/scurm/vision_pos_estimate_ws/install/slam_to_vision_cpp/share/colcon-core/packages/slam_to_vision_cpp)
[6.393s] Level 1:colcon.colcon_core.environment:create_environment_scripts_only(slam_to_vision_cpp)
[6.394s] Level 1:colcon.colcon_core.environment:checking '/home/scurm/vision_pos_estimate_ws/install/slam_to_vision_cpp' for CMake module files
[6.394s] Level 1:colcon.colcon_core.environment:checking '/home/scurm/vision_pos_estimate_ws/install/slam_to_vision_cpp' for CMake config files
[6.394s] Level 1:colcon.colcon_core.shell:create_environment_hook('slam_to_vision_cpp', 'cmake_prefix_path')
[6.395s] INFO:colcon.colcon_core.shell:Creating environment hook '/home/scurm/vision_pos_estimate_ws/install/slam_to_vision_cpp/share/slam_to_vision_cpp/hook/cmake_prefix_path.ps1'
[6.395s] INFO:colcon.colcon_core.shell:Creating environment descriptor '/home/scurm/vision_pos_estimate_ws/install/slam_to_vision_cpp/share/slam_to_vision_cpp/hook/cmake_prefix_path.dsv'
[6.395s] INFO:colcon.colcon_core.shell:Creating environment hook '/home/scurm/vision_pos_estimate_ws/install/slam_to_vision_cpp/share/slam_to_vision_cpp/hook/cmake_prefix_path.sh'
[6.396s] Level 1:colcon.colcon_core.environment:checking '/home/scurm/vision_pos_estimate_ws/install/slam_to_vision_cpp/lib'
[6.396s] Level 1:colcon.colcon_core.environment:checking '/home/scurm/vision_pos_estimate_ws/install/slam_to_vision_cpp/bin'
[6.396s] Level 1:colcon.colcon_core.environment:checking '/home/scurm/vision_pos_estimate_ws/install/slam_to_vision_cpp/lib/pkgconfig/slam_to_vision_cpp.pc'
[6.396s] Level 1:colcon.colcon_core.environment:checking '/home/scurm/vision_pos_estimate_ws/install/slam_to_vision_cpp/lib/python3.10/site-packages'
[6.396s] Level 1:colcon.colcon_core.environment:checking '/home/scurm/vision_pos_estimate_ws/install/slam_to_vision_cpp/bin'
[6.396s] INFO:colcon.colcon_core.shell:Creating package script '/home/scurm/vision_pos_estimate_ws/install/slam_to_vision_cpp/share/slam_to_vision_cpp/package.ps1'
[6.397s] INFO:colcon.colcon_core.shell:Creating package descriptor '/home/scurm/vision_pos_estimate_ws/install/slam_to_vision_cpp/share/slam_to_vision_cpp/package.dsv'
[6.397s] INFO:colcon.colcon_core.shell:Creating package script '/home/scurm/vision_pos_estimate_ws/install/slam_to_vision_cpp/share/slam_to_vision_cpp/package.sh'
[6.397s] INFO:colcon.colcon_core.shell:Creating package script '/home/scurm/vision_pos_estimate_ws/install/slam_to_vision_cpp/share/slam_to_vision_cpp/package.bash'
[6.397s] INFO:colcon.colcon_core.shell:Creating package script '/home/scurm/vision_pos_estimate_ws/install/slam_to_vision_cpp/share/slam_to_vision_cpp/package.zsh'
[6.398s] Level 1:colcon.colcon_core.environment:create_file_with_runtime_dependencies(/home/scurm/vision_pos_estimate_ws/install/slam_to_vision_cpp/share/colcon-core/packages/slam_to_vision_cpp)
[6.398s] DEBUG:colcon.colcon_parallel_executor.executor.parallel:closing loop
[6.398s] DEBUG:colcon.colcon_parallel_executor.executor.parallel:loop closed
[6.398s] DEBUG:colcon.colcon_parallel_executor.executor.parallel:run_until_complete finished with '0'
[6.398s] DEBUG:colcon.colcon_core.event_reactor:joining thread
[6.402s] INFO:colcon.colcon_core.plugin_system:Skipping extension 'colcon_notification.desktop_notification.terminal_notifier': Not used on non-Darwin systems
[6.403s] INFO:colcon.colcon_core.plugin_system:Skipping extension 'colcon_notification.desktop_notification.win32': Not used on non-Windows systems
[6.403s] INFO:colcon.colcon_notification.desktop_notification:Sending desktop notification using 'notify2'
[6.417s] DEBUG:colcon.colcon_core.event_reactor:joined thread
[6.417s] INFO:colcon.colcon_core.shell:Creating prefix script '/home/scurm/vision_pos_estimate_ws/install/local_setup.ps1'
[6.418s] INFO:colcon.colcon_core.shell:Creating prefix util module '/home/scurm/vision_pos_estimate_ws/install/_local_setup_util_ps1.py'
[6.420s] INFO:colcon.colcon_core.shell:Creating prefix chain script '/home/scurm/vision_pos_estimate_ws/install/setup.ps1'
[6.421s] INFO:colcon.colcon_core.shell:Creating prefix script '/home/scurm/vision_pos_estimate_ws/install/local_setup.sh'
[6.421s] INFO:colcon.colcon_core.shell:Creating prefix util module '/home/scurm/vision_pos_estimate_ws/install/_local_setup_util_sh.py'
[6.421s] INFO:colcon.colcon_core.shell:Creating prefix chain script '/home/scurm/vision_pos_estimate_ws/install/setup.sh'
[6.422s] INFO:colcon.colcon_core.shell:Creating prefix script '/home/scurm/vision_pos_estimate_ws/install/local_setup.bash'
[6.423s] INFO:colcon.colcon_core.shell:Creating prefix chain script '/home/scurm/vision_pos_estimate_ws/install/setup.bash'
[6.424s] INFO:colcon.colcon_core.shell:Creating prefix script '/home/scurm/vision_pos_estimate_ws/install/local_setup.zsh'
[6.425s] INFO:colcon.colcon_core.shell:Creating prefix chain script '/home/scurm/vision_pos_estimate_ws/install/setup.zsh'
