[0.008s] Invoking command in '/home/scurm/vision_pos_estimate_ws/build/slam_to_vision_cpp': CMAKE_PREFIX_PATH=/opt/ros/humble /usr/bin/cmake --build /home/scurm/vision_pos_estimate_ws/build/slam_to_vision_cpp -- -j20 -l20
[0.062s] [35m[1mConsolidate compiler generated dependencies of target slam_to_vision_node[0m
[0.076s] [ 50%] [32mBuilding CXX object CMakeFiles/slam_to_vision_node.dir/src/slam_to_vision_node.cpp.o[0m
[5.717s] [100%] [32m[1mLinking CXX executable slam_to_vision_node[0m
[6.012s] [100%] Built target slam_to_vision_node
[6.021s] Invoked command in '/home/scurm/vision_pos_estimate_ws/build/slam_to_vision_cpp' returned '0': CMAKE_PREFIX_PATH=/opt/ros/humble /usr/bin/cmake --build /home/scurm/vision_pos_estimate_ws/build/slam_to_vision_cpp -- -j20 -l20
[6.022s] Invoking command in '/home/scurm/vision_pos_estimate_ws/build/slam_to_vision_cpp': CMAKE_PREFIX_PATH=/opt/ros/humble /usr/bin/cmake --install /home/scurm/vision_pos_estimate_ws/build/slam_to_vision_cpp
[6.033s] -- Install configuration: ""
[6.033s] -- Installing: /home/scurm/vision_pos_estimate_ws/install/slam_to_vision_cpp/lib/slam_to_vision_cpp/slam_to_vision_node
[6.036s] -- Set runtime path of "/home/scurm/vision_pos_estimate_ws/install/slam_to_vision_cpp/lib/slam_to_vision_cpp/slam_to_vision_node" to ""
[6.037s] -- Up-to-date: /home/scurm/vision_pos_estimate_ws/install/slam_to_vision_cpp/share/ament_index/resource_index/package_run_dependencies/slam_to_vision_cpp
[6.037s] -- Up-to-date: /home/scurm/vision_pos_estimate_ws/install/slam_to_vision_cpp/share/ament_index/resource_index/parent_prefix_path/slam_to_vision_cpp
[6.037s] -- Up-to-date: /home/scurm/vision_pos_estimate_ws/install/slam_to_vision_cpp/share/slam_to_vision_cpp/environment/ament_prefix_path.sh
[6.037s] -- Up-to-date: /home/scurm/vision_pos_estimate_ws/install/slam_to_vision_cpp/share/slam_to_vision_cpp/environment/ament_prefix_path.dsv
[6.037s] -- Up-to-date: /home/scurm/vision_pos_estimate_ws/install/slam_to_vision_cpp/share/slam_to_vision_cpp/environment/path.sh
[6.037s] -- Up-to-date: /home/scurm/vision_pos_estimate_ws/install/slam_to_vision_cpp/share/slam_to_vision_cpp/environment/path.dsv
[6.037s] -- Up-to-date: /home/scurm/vision_pos_estimate_ws/install/slam_to_vision_cpp/share/slam_to_vision_cpp/local_setup.bash
[6.037s] -- Up-to-date: /home/scurm/vision_pos_estimate_ws/install/slam_to_vision_cpp/share/slam_to_vision_cpp/local_setup.sh
[6.037s] -- Up-to-date: /home/scurm/vision_pos_estimate_ws/install/slam_to_vision_cpp/share/slam_to_vision_cpp/local_setup.zsh
[6.037s] -- Up-to-date: /home/scurm/vision_pos_estimate_ws/install/slam_to_vision_cpp/share/slam_to_vision_cpp/local_setup.dsv
[6.037s] -- Installing: /home/scurm/vision_pos_estimate_ws/install/slam_to_vision_cpp/share/slam_to_vision_cpp/package.dsv
[6.037s] -- Up-to-date: /home/scurm/vision_pos_estimate_ws/install/slam_to_vision_cpp/share/ament_index/resource_index/packages/slam_to_vision_cpp
[6.037s] -- Up-to-date: /home/scurm/vision_pos_estimate_ws/install/slam_to_vision_cpp/share/slam_to_vision_cpp/cmake/slam_to_vision_cppConfig.cmake
[6.037s] -- Up-to-date: /home/scurm/vision_pos_estimate_ws/install/slam_to_vision_cpp/share/slam_to_vision_cpp/cmake/slam_to_vision_cppConfig-version.cmake
[6.037s] -- Up-to-date: /home/scurm/vision_pos_estimate_ws/install/slam_to_vision_cpp/share/slam_to_vision_cpp/package.xml
[6.040s] Invoked command in '/home/scurm/vision_pos_estimate_ws/build/slam_to_vision_cpp' returned '0': CMAKE_PREFIX_PATH=/opt/ros/humble /usr/bin/cmake --install /home/scurm/vision_pos_estimate_ws/build/slam_to_vision_cpp
